IP Generator (Version 2022.1 build 99559)
Check out license ...
Start generating at 2024-11-01 23:53
Instance: blk_mem_gen_1 (W:\FinalFantasy\pg_base_eth_720p\ipcore\Conv\blk_mem_gen_1\blk_mem_gen_1.idf)
IP: DRM Based Simple Dual Port RAM (1.6)
Part: Logos-PGL50H-FBG484--6
Create directory 'rtl' ...
Copy 'rtl\ipml_sdpram_v1_6.v.xml' to 'rtl' ...
Compile file 'rtl\ipml_sdpram_v1_6.v.xml' to 'rtl\ipml_sdpram_v1_6_blk_mem_gen_1.v' ...
Copy 'ipml_sdpram_wrapper_v1_6.v.xml' ...
Compile file 'ipml_sdpram_wrapper_v1_6.v.xml' to 'blk_mem_gen_1.v' ...
Found top module 'blk_mem_gen_1' in file 'blk_mem_gen_1.v'.
Copy 'ipml_sdpram_wrapper_v1_3_tb.v.xml' ...
Compile file 'ipml_sdpram_wrapper_v1_3_tb.v.xml' to 'blk_mem_gen_1_tb.v' ...
Copy 'init_param_bin_exmp.dat' ...
Copy 'init_param_hex_exmp.dat' ...
Run file 'createParam.tcl' ...
Create template file 'blk_mem_gen_1_tmpl.v' ...
Create template file 'blk_mem_gen_1_tmpl.vhdl' ...
There are 2 source files to synthesize.
Synthesis is disabled.
Done: 0 error(s), 0 warning(s)
