#Build: Fabric Compiler 2022.1, Build 99559, Jul 12 00:20 2022
#Install: C:\pango\PDS_2022.1\bin
#Application name: pds_shell.exe
#OS: Windows 10 10.0.22621
#Hostname: JobsCai
Generated by Fabric Compiler (version 2022.1 build 99559) at Mon Nov 11 18:04:54 2024
Compiling verification operator library.
Compiling common defs.
Compiling prim grid devices.
Compiling gate devices.
Compiling gate operators.
Building architecture model.
Loading device packaging model.
Reading design from pnr DB.
Start Report Post-PnR timing.
Constructing timing graph ...
Timing graph has been constructed successfully
W: STA-3011: Clock pin 'gt_tx_ctrl[0]/opit_0/CLK' (gopQ.CLK) has no clock, timing propagation is disabled at the pin.
W: STA-3011: Clock pin 'gt_tx_data[0]/opit_0/CLK' (gopQ.CLK) has no clock, timing propagation is disabled at the pin.
W: STA-3011: Clock pin 'gt_tx_data[1]/opit_0/CLK' (gopQ.CLK) has no clock, timing propagation is disabled at the pin.
W: STA-3011: Clock pin 'gt_tx_data[2]/opit_0/CLK' (gopQ.CLK) has no clock, timing propagation is disabled at the pin.
W: STA-3011: Clock pin 'gt_tx_data[3]/opit_0/CLK' (gopQ.CLK) has no clock, timing propagation is disabled at the pin.
W: STA-3011: Clock pin 'gt_tx_data[4]/opit_0/CLK' (gopQ.CLK) has no clock, timing propagation is disabled at the pin.
W: STA-3011: Clock pin 'gt_tx_data[5]/opit_0/CLK' (gopQ.CLK) has no clock, timing propagation is disabled at the pin.
W: STA-3011: Clock pin 'gt_tx_data[6]/opit_0/CLK' (gopQ.CLK) has no clock, timing propagation is disabled at the pin.
W: STA-3011: Clock pin 'gt_tx_data[7]/opit_0/CLK' (gopQ.CLK) has no clock, timing propagation is disabled at the pin.
W: STA-3011: Clock pin 'gt_tx_data[8]/opit_0/CLK' (gopQ.CLK) has no clock, timing propagation is disabled at the pin.
W: STA-3011: Clock pin 'gt_tx_data[9]/opit_0/CLK' (gopQ.CLK) has no clock, timing propagation is disabled at the pin.
W: STA-3011: Clock pin 'gt_tx_data[10]/opit_0/CLK' (gopQ.CLK) has no clock, timing propagation is disabled at the pin.
W: STA-3011: Clock pin 'gt_tx_data[11]/opit_0/CLK' (gopQ.CLK) has no clock, timing propagation is disabled at the pin.
W: STA-3011: Clock pin 'gt_tx_data[12]/opit_0/CLK' (gopQ.CLK) has no clock, timing propagation is disabled at the pin.
W: STA-3011: Clock pin 'gt_tx_data[13]/opit_0/CLK' (gopQ.CLK) has no clock, timing propagation is disabled at the pin.
W: STA-3011: Clock pin 'gt_tx_data[14]/opit_0/CLK' (gopQ.CLK) has no clock, timing propagation is disabled at the pin.
W: STA-3011: Clock pin 'gt_tx_data[15]/opit_0/CLK' (gopQ.CLK) has no clock, timing propagation is disabled at the pin.
W: STA-3011: Clock pin 'gt_tx_data[16]/opit_0/CLK' (gopQ.CLK) has no clock, timing propagation is disabled at the pin.
W: STA-3011: Clock pin 'gt_tx_data[17]/opit_0/CLK' (gopQ.CLK) has no clock, timing propagation is disabled at the pin.
W: STA-3011: Clock pin 'gt_tx_data[18]/opit_0/CLK' (gopQ.CLK) has no clock, timing propagation is disabled at the pin.
W: STA-3011: Clock pin 'gt_tx_data[19]/opit_0/CLK' (gopQ.CLK) has no clock, timing propagation is disabled at the pin.
W: STA-3011: Clock pin 'gt_tx_data[20]/opit_0/CLK' (gopQ.CLK) has no clock, timing propagation is disabled at the pin.
W: STA-3011: Clock pin 'gt_tx_data[21]/opit_0/CLK' (gopQ.CLK) has no clock, timing propagation is disabled at the pin.
W: STA-3011: Clock pin 'gt_tx_data[22]/opit_0/CLK' (gopQ.CLK) has no clock, timing propagation is disabled at the pin.
W: STA-3011: Clock pin 'gt_tx_data[23]/opit_0/CLK' (gopQ.CLK) has no clock, timing propagation is disabled at the pin.
W: STA-3011: Clock pin 'gt_tx_data[24]/opit_0/CLK' (gopQ.CLK) has no clock, timing propagation is disabled at the pin.
W: STA-3011: Clock pin 'gt_tx_data[25]/opit_0/CLK' (gopQ.CLK) has no clock, timing propagation is disabled at the pin.
W: STA-3011: Clock pin 'gt_tx_data[26]/opit_0/CLK' (gopQ.CLK) has no clock, timing propagation is disabled at the pin.
W: STA-3011: Clock pin 'gt_tx_data[27]/opit_0/CLK' (gopQ.CLK) has no clock, timing propagation is disabled at the pin.
W: STA-3011: Clock pin 'gt_tx_data[28]/opit_0/CLK' (gopQ.CLK) has no clock, timing propagation is disabled at the pin.
W: STA-3011: Clock pin 'gt_tx_data[29]/opit_0/CLK' (gopQ.CLK) has no clock, timing propagation is disabled at the pin.
W: STA-3011: Clock pin 'gt_tx_data[30]/opit_0/CLK' (gopQ.CLK) has no clock, timing propagation is disabled at the pin.
W: STA-3011: Clock pin 'gt_tx_data[31]/opit_0/CLK' (gopQ.CLK) has no clock, timing propagation is disabled at the pin.
W: STA-3011: Clock pin 'u_Camera2_top/u_ov5640_lut/N776_1_concat_2/iGopDrm_inv/CLKA' (gopDRM2.CLKA) has no clock, timing propagation is disabled at the pin.
W: STA-3011: Clock pin 'u_Camera2_top/u_ov5640_lut/N776_1_concat_2/iGopDrm_inv/CLKB' (gopDRM2.CLKB) has no clock, timing propagation is disabled at the pin.
W: STA-3011: Clock pin 'u_Camera2_top/u_ov5640_lut/init_done/opit_0_inv_L5Q_perm/CLK' (gopL5Q.CLK) has no clock, timing propagation is disabled at the pin.
W: STA-3011: Clock pin 'u_Camera2_top/u_ov5640_lut/init_reg_cnt[0]/opit_0_inv_L5Q_perm/CLK' (gopL5Q.CLK) has no clock, timing propagation is disabled at the pin.
W: STA-3011: Clock pin 'u_Camera2_top/u_ov5640_lut/init_reg_cnt[2]/opit_0_inv_A2Q21/CLK' (gopA2Q2.CLK) has no clock, timing propagation is disabled at the pin.
W: STA-3011: Clock pin 'u_Camera2_top/u_ov5640_lut/init_reg_cnt[4]/opit_0_inv_A2Q21/CLK' (gopA2Q2.CLK) has no clock, timing propagation is disabled at the pin.
W: STA-3011: Clock pin 'u_Camera2_top/u_ov5640_lut/init_reg_cnt[6]/opit_0_inv_A2Q21/CLK' (gopA2Q2.CLK) has no clock, timing propagation is disabled at the pin.
W: STA-3011: Clock pin 'u_Camera2_top/u_ov5640_lut/init_reg_cnt[7]/opit_0_inv_AQ/CLK' (gopAQ.CLK) has no clock, timing propagation is disabled at the pin.
W: STA-3011: Clock pin 'u_Camera2_top/u_ov5640_lut/sccb_exec/opit_0_inv_L5Q_perm/CLK' (gopL5Q.CLK) has no clock, timing propagation is disabled at the pin.
W: STA-3011: Clock pin 'u_Camera2_top/u_ov5640_lut/start_init_cnt[0]/opit_0_inv_L5Q_perm/CLK' (gopL5Q.CLK) has no clock, timing propagation is disabled at the pin.
W: STA-3011: Clock pin 'u_Camera2_top/u_ov5640_lut/start_init_cnt[2]/opit_0_inv_A2Q21/CLK' (gopA2Q2.CLK) has no clock, timing propagation is disabled at the pin.
W: STA-3011: Clock pin 'u_Camera2_top/u_ov5640_lut/start_init_cnt[4]/opit_0_inv_A2Q21/CLK' (gopA2Q2.CLK) has no clock, timing propagation is disabled at the pin.
W: STA-3011: Clock pin 'u_Camera2_top/u_ov5640_lut/start_init_cnt[6]/opit_0_inv_A2Q21/CLK' (gopA2Q2.CLK) has no clock, timing propagation is disabled at the pin.
W: STA-3011: Clock pin 'u_Camera2_top/u_ov5640_lut/start_init_cnt[8]/opit_0_inv_A2Q21/CLK' (gopA2Q2.CLK) has no clock, timing propagation is disabled at the pin.
W: STA-3011: Clock pin 'u_Camera2_top/u_ov5640_lut/start_init_cnt[10]/opit_0_inv_A2Q21/CLK' (gopA2Q2.CLK) has no clock, timing propagation is disabled at the pin.
W: STA-3011: Clock pin 'u_Camera2_top/u_ov5640_lut/start_init_cnt[12]/opit_0_inv_A2Q21/CLK' (gopA2Q2.CLK) has no clock, timing propagation is disabled at the pin.
W: STA-3011: Clock pin 'u_Camera2_top/u_ov5640_lut/start_init_cnt[14]/opit_0_inv_A2Q21/CLK' (gopA2Q2.CLK) has no clock, timing propagation is disabled at the pin.
W: STA-3011: Clock pin 'u_Camera2_top/u_sccb_driver/cnt[0]/opit_0_inv_L5Q_perm/CLK' (gopL5Q.CLK) has no clock, timing propagation is disabled at the pin.
W: STA-3011: Clock pin 'u_Camera2_top/u_sccb_driver/cnt[1]/opit_0_inv_L5Q_perm/CLK' (gopL5Q.CLK) has no clock, timing propagation is disabled at the pin.
W: STA-3011: Clock pin 'u_Camera2_top/u_sccb_driver/cnt[2]/opit_0_inv_L5Q_perm/CLK' (gopL5Q.CLK) has no clock, timing propagation is disabled at the pin.
W: STA-3011: Clock pin 'u_Camera2_top/u_sccb_driver/cnt[3]/opit_0_inv_L5Q_perm/CLK' (gopL5Q.CLK) has no clock, timing propagation is disabled at the pin.
W: STA-3011: Clock pin 'u_Camera2_top/u_sccb_driver/cnt[4]/opit_0_inv_L5Q_perm/CLK' (gopL5Q.CLK) has no clock, timing propagation is disabled at the pin.
W: STA-3011: Clock pin 'u_Camera2_top/u_sccb_driver/cnt[5]/opit_0_inv_L5Q_perm/CLK' (gopL5Q.CLK) has no clock, timing propagation is disabled at the pin.
W: STA-3011: Clock pin 'u_Camera2_top/u_sccb_driver/cnt[6]/opit_0_inv_L5Q_perm/CLK' (gopL5Q.CLK) has no clock, timing propagation is disabled at the pin.
W: STA-3011: Clock pin 'u_Camera2_top/u_sccb_driver/fsm_c_0/opit_0_inv_L5Q_perm/CLK' (gopL5Q.CLK) has no clock, timing propagation is disabled at the pin.
W: STA-3011: Clock pin 'u_Camera2_top/u_sccb_driver/fsm_c_1/opit_0_inv_L5Q_perm/CLK' (gopL5Q.CLK) has no clock, timing propagation is disabled at the pin.
W: STA-3011: Clock pin 'u_Camera2_top/u_sccb_driver/fsm_c_2/opit_0_inv_L5Q_perm/CLK' (gopL5Q.CLK) has no clock, timing propagation is disabled at the pin.
W: STA-3011: Clock pin 'u_Camera2_top/u_sccb_driver/fsm_c_3/opit_0_inv_L5Q_perm/CLK' (gopL5Q.CLK) has no clock, timing propagation is disabled at the pin.
W: STA-3011: Clock pin 'u_Camera2_top/u_sccb_driver/fsm_c_4/opit_0_inv_L5Q_perm/CLK' (gopL5Q.CLK) has no clock, timing propagation is disabled at the pin.
W: STA-3011: Clock pin 'u_Camera2_top/u_sccb_driver/fsm_c_5/opit_0_inv_L5Q_perm/CLK' (gopL5Q.CLK) has no clock, timing propagation is disabled at the pin.
W: STA-3011: Clock pin 'u_Camera2_top/u_sccb_driver/scl/opit_0_inv_MUX4TO1Q/CLK' (gopMUX4TO1Q.CLK) has no clock, timing propagation is disabled at the pin.
W: STA-3011: Clock pin 'u_Camera2_top/u_sccb_driver/sda_dir/opit_0_inv_L5Q_perm/CLK' (gopL5Q.CLK) has no clock, timing propagation is disabled at the pin.
W: STA-3011: Clock pin 'u_Camera2_top/u_sccb_driver/sda_out/opit_0_inv_MUX4TO1Q/CLK' (gopMUX4TO1Q.CLK) has no clock, timing propagation is disabled at the pin.
W: STA-3011: Clock pin 'u_Camera2_top/u_sccb_driver/st_done/opit_0_inv_L5Q_perm/CLK' (gopL5Q.CLK) has no clock, timing propagation is disabled at the pin.
W: STA-3011: Clock pin 'u_Camera_top/u_ov5640_lut/N776_1_concat_2/iGopDrm_inv/CLKA' (gopDRM2.CLKA) has no clock, timing propagation is disabled at the pin.
W: STA-3011: Clock pin 'u_Camera_top/u_ov5640_lut/N776_1_concat_2/iGopDrm_inv/CLKB' (gopDRM2.CLKB) has no clock, timing propagation is disabled at the pin.
W: STA-3011: Clock pin 'u_Camera_top/u_ov5640_lut/init_done/opit_0_inv/CLK' (gopQ.CLK) has no clock, timing propagation is disabled at the pin.
W: STA-3011: Clock pin 'u_Camera_top/u_ov5640_lut/init_reg_cnt[0]/opit_0_inv_L5Q_perm/CLK' (gopL5Q.CLK) has no clock, timing propagation is disabled at the pin.
W: STA-3011: Clock pin 'u_Camera_top/u_ov5640_lut/init_reg_cnt[2]/opit_0_inv_A2Q21/CLK' (gopA2Q2.CLK) has no clock, timing propagation is disabled at the pin.
W: STA-3011: Clock pin 'u_Camera_top/u_ov5640_lut/init_reg_cnt[4]/opit_0_inv_A2Q21/CLK' (gopA2Q2.CLK) has no clock, timing propagation is disabled at the pin.
W: STA-3011: Clock pin 'u_Camera_top/u_ov5640_lut/init_reg_cnt[6]/opit_0_inv_A2Q21/CLK' (gopA2Q2.CLK) has no clock, timing propagation is disabled at the pin.
W: STA-3011: Clock pin 'u_Camera_top/u_ov5640_lut/init_reg_cnt[7]/opit_0_inv_AQ/CLK' (gopAQ.CLK) has no clock, timing propagation is disabled at the pin.
W: STA-3011: Clock pin 'u_Camera_top/u_ov5640_lut/sccb_exec/opit_0_inv_L5Q_perm/CLK' (gopL5Q.CLK) has no clock, timing propagation is disabled at the pin.
W: STA-3011: Clock pin 'u_Camera_top/u_ov5640_lut/start_init_cnt[0]/opit_0_inv_L5Q_perm/CLK' (gopL5Q.CLK) has no clock, timing propagation is disabled at the pin.
W: STA-3011: Clock pin 'u_Camera_top/u_ov5640_lut/start_init_cnt[2]/opit_0_inv_A2Q21/CLK' (gopA2Q2.CLK) has no clock, timing propagation is disabled at the pin.
W: STA-3011: Clock pin 'u_Camera_top/u_ov5640_lut/start_init_cnt[4]/opit_0_inv_A2Q21/CLK' (gopA2Q2.CLK) has no clock, timing propagation is disabled at the pin.
W: STA-3011: Clock pin 'u_Camera_top/u_ov5640_lut/start_init_cnt[6]/opit_0_inv_A2Q21/CLK' (gopA2Q2.CLK) has no clock, timing propagation is disabled at the pin.
W: STA-3011: Clock pin 'u_Camera_top/u_ov5640_lut/start_init_cnt[8]/opit_0_inv_A2Q21/CLK' (gopA2Q2.CLK) has no clock, timing propagation is disabled at the pin.
W: STA-3011: Clock pin 'u_Camera_top/u_ov5640_lut/start_init_cnt[10]/opit_0_inv_A2Q21/CLK' (gopA2Q2.CLK) has no clock, timing propagation is disabled at the pin.
W: STA-3011: Clock pin 'u_Camera_top/u_ov5640_lut/start_init_cnt[12]/opit_0_inv_A2Q21/CLK' (gopA2Q2.CLK) has no clock, timing propagation is disabled at the pin.
W: STA-3011: Clock pin 'u_Camera_top/u_ov5640_lut/start_init_cnt[14]/opit_0_inv_A2Q21/CLK' (gopA2Q2.CLK) has no clock, timing propagation is disabled at the pin.
W: STA-3011: Clock pin 'u_Camera_top/u_sccb_driver/cnt[0]/opit_0_inv_L5Q_perm/CLK' (gopL5Q.CLK) has no clock, timing propagation is disabled at the pin.
W: STA-3011: Clock pin 'u_Camera_top/u_sccb_driver/cnt[1]/opit_0_inv_L5Q_perm/CLK' (gopL5Q.CLK) has no clock, timing propagation is disabled at the pin.
W: STA-3011: Clock pin 'u_Camera_top/u_sccb_driver/cnt[2]/opit_0_inv_L5Q_perm/CLK' (gopL5Q.CLK) has no clock, timing propagation is disabled at the pin.
W: STA-3011: Clock pin 'u_Camera_top/u_sccb_driver/cnt[3]/opit_0_inv_L5Q_perm/CLK' (gopL5Q.CLK) has no clock, timing propagation is disabled at the pin.
W: STA-3011: Clock pin 'u_Camera_top/u_sccb_driver/cnt[4]/opit_0_inv_L5Q_perm/CLK' (gopL5Q.CLK) has no clock, timing propagation is disabled at the pin.
W: STA-3011: Clock pin 'u_Camera_top/u_sccb_driver/cnt[5]/opit_0_inv_L5Q_perm/CLK' (gopL5Q.CLK) has no clock, timing propagation is disabled at the pin.
W: STA-3011: Clock pin 'u_Camera_top/u_sccb_driver/cnt[6]/opit_0_inv_L5Q_perm/CLK' (gopL5Q.CLK) has no clock, timing propagation is disabled at the pin.
W: STA-3011: Clock pin 'u_Camera_top/u_sccb_driver/fsm_c_0/opit_0_inv_L5Q_perm/CLK' (gopL5Q.CLK) has no clock, timing propagation is disabled at the pin.
W: STA-3011: Clock pin 'u_Camera_top/u_sccb_driver/fsm_c_1/opit_0_inv_L5Q_perm/CLK' (gopL5Q.CLK) has no clock, timing propagation is disabled at the pin.
W: STA-3011: Clock pin 'u_Camera_top/u_sccb_driver/fsm_c_2/opit_0_inv_L5Q_perm/CLK' (gopL5Q.CLK) has no clock, timing propagation is disabled at the pin.
W: STA-3011: Clock pin 'u_Camera_top/u_sccb_driver/fsm_c_3/opit_0_inv_L5Q_perm/CLK' (gopL5Q.CLK) has no clock, timing propagation is disabled at the pin.
W: STA-3011: Clock pin 'u_Camera_top/u_sccb_driver/fsm_c_4/opit_0_inv_L5Q_perm/CLK' (gopL5Q.CLK) has no clock, timing propagation is disabled at the pin.
W: STA-3011: Clock pin 'u_Camera_top/u_sccb_driver/fsm_c_5/opit_0_inv_L5Q_perm/CLK' (gopL5Q.CLK) has no clock, timing propagation is disabled at the pin.
W: STA-3011: Clock pin 'u_Camera_top/u_sccb_driver/scl/opit_0_inv_MUX4TO1Q/CLK' (gopMUX4TO1Q.CLK) has no clock, timing propagation is disabled at the pin.
W: STA-3011: Clock pin 'u_Camera_top/u_sccb_driver/sda_dir/opit_0_inv_L5Q_perm/CLK' (gopL5Q.CLK) has no clock, timing propagation is disabled at the pin.
W: STA-3011: Clock pin 'u_Camera_top/u_sccb_driver/sda_out/opit_0_inv_MUX4TO1Q/CLK' (gopMUX4TO1Q.CLK) has no clock, timing propagation is disabled at the pin.
W: STA-3011: Clock pin 'u_Camera_top/u_sccb_driver/st_done/opit_0_inv_L5Q_perm/CLK' (gopL5Q.CLK) has no clock, timing propagation is disabled at the pin.
W: STA-3011: Clock pin 'u_hsst_core/U_GTP_HSST_WRAPPER/U_GTP_HSST/hsst/RX2_CLK_FR_CORE' (gopHSST.RX2_CLK_FR_CORE) has no clock, timing propagation is disabled at the pin.
W: STA-3011: Clock pin 'u_hsst_core/U_GTP_HSST_WRAPPER/U_GTP_HSST/hsst/RX3_CLK_FR_CORE' (gopHSST.RX3_CLK_FR_CORE) has no clock, timing propagation is disabled at the pin.
W: STA-3011: Clock pin 'u_hsst_core/U_GTP_HSST_WRAPPER/U_GTP_HSST/hsst/TX2_CLK_FR_CORE' (gopHSST.TX2_CLK_FR_CORE) has no clock, timing propagation is disabled at the pin.
W: STA-3011: Clock pin 'u_hsst_core/U_GTP_HSST_WRAPPER/U_GTP_HSST/hsst/TX3_CLK_FR_CORE' (gopHSST.TX3_CLK_FR_CORE) has no clock, timing propagation is disabled at the pin.
W: STA-3011: Clock pin 'video_packet_send_m0/buffer_rd_en/opit_0_inv_MUX4TO1Q/CLK' (gopMUX4TO1Q.CLK) has no clock, timing propagation is disabled at the pin.
W: STA-3011: Clock pin 'video_packet_send_m0/data_cnt[0]/opit_0_inv_L5Q_perm/CLK' (gopL5Q.CLK) has no clock, timing propagation is disabled at the pin.
W: STA-3011: Clock pin 'video_packet_send_m0/data_cnt[2]/opit_0_inv_A2Q21/CLK' (gopA2Q2.CLK) has no clock, timing propagation is disabled at the pin.
W: STA-3011: Clock pin 'video_packet_send_m0/data_cnt[4]/opit_0_inv_A2Q21/CLK' (gopA2Q2.CLK) has no clock, timing propagation is disabled at the pin.
W: STA-3011: Clock pin 'video_packet_send_m0/data_cnt[6]/opit_0_inv_A2Q21/CLK' (gopA2Q2.CLK) has no clock, timing propagation is disabled at the pin.
W: STA-3011: Clock pin 'video_packet_send_m0/data_cnt[8]/opit_0_inv_A2Q21/CLK' (gopA2Q2.CLK) has no clock, timing propagation is disabled at the pin.
W: STA-3011: Clock pin 'video_packet_send_m0/data_cnt[10]/opit_0_inv_A2Q21/CLK' (gopA2Q2.CLK) has no clock, timing propagation is disabled at the pin.
W: STA-3011: Clock pin 'video_packet_send_m0/data_cnt[12]/opit_0_inv_A2Q21/CLK' (gopA2Q2.CLK) has no clock, timing propagation is disabled at the pin.
W: STA-3011: Clock pin 'video_packet_send_m0/data_cnt[14]/opit_0_inv_A2Q21/CLK' (gopA2Q2.CLK) has no clock, timing propagation is disabled at the pin.
W: STA-3011: Clock pin 'video_packet_send_m0/data_cnt[15]/opit_0_inv_AQ_perm/CLK' (gopAQ.CLK) has no clock, timing propagation is disabled at the pin.
W: STA-3011: Clock pin 'video_packet_send_m0/fifo_4096_16i_32o_m0/U_ipml_fifo_fifo_4096_16i_32o/U_ipml_fifo_ctrl/ASYN_CTRL.asyn_rempty/opit_0_AQ_perm/CLK' (gopAQ.CLK) has no clock, timing propagation is disabled at the pin.
W: STA-3011: Clock pin 'video_packet_send_m0/fifo_4096_16i_32o_m0/U_ipml_fifo_fifo_4096_16i_32o/U_ipml_fifo_ctrl/ASYN_CTRL.rbin[1]/opit_0_inv_A2Q21/CLK' (gopA2Q2.CLK) has no clock, timing propagation is disabled at the pin.
W: STA-3011: Clock pin 'video_packet_send_m0/fifo_4096_16i_32o_m0/U_ipml_fifo_fifo_4096_16i_32o/U_ipml_fifo_ctrl/ASYN_CTRL.rbin[3]/opit_0_inv_A2Q21/CLK' (gopA2Q2.CLK) has no clock, timing propagation is disabled at the pin.
W: STA-3011: Clock pin 'video_packet_send_m0/fifo_4096_16i_32o_m0/U_ipml_fifo_fifo_4096_16i_32o/U_ipml_fifo_ctrl/ASYN_CTRL.rbin[5]/opit_0_inv_A2Q21/CLK' (gopA2Q2.CLK) has no clock, timing propagation is disabled at the pin.
W: STA-3011: Clock pin 'video_packet_send_m0/fifo_4096_16i_32o_m0/U_ipml_fifo_fifo_4096_16i_32o/U_ipml_fifo_ctrl/ASYN_CTRL.rbin[7]/opit_0_inv_A2Q21/CLK' (gopA2Q2.CLK) has no clock, timing propagation is disabled at the pin.
W: STA-3011: Clock pin 'video_packet_send_m0/fifo_4096_16i_32o_m0/U_ipml_fifo_fifo_4096_16i_32o/U_ipml_fifo_ctrl/ASYN_CTRL.rbin[9]/opit_0_inv_A2Q21/CLK' (gopA2Q2.CLK) has no clock, timing propagation is disabled at the pin.
W: STA-3011: Clock pin 'video_packet_send_m0/fifo_4096_16i_32o_m0/U_ipml_fifo_fifo_4096_16i_32o/U_ipml_fifo_ctrl/ASYN_CTRL.rbin[11]/opit_0_inv_A2Q21/CLK' (gopA2Q2.CLK) has no clock, timing propagation is disabled at the pin.
W: STA-3011: Clock pin 'video_packet_send_m0/fifo_4096_16i_32o_m0/U_ipml_fifo_fifo_4096_16i_32o/U_ipml_fifo_ctrl/ASYN_CTRL.rbin[12]/opit_0_inv_AQ/CLK' (gopAQ.CLK) has no clock, timing propagation is disabled at the pin.
W: STA-3011: Clock pin 'video_packet_send_m0/fifo_4096_16i_32o_m0/U_ipml_fifo_fifo_4096_16i_32o/U_ipml_fifo_ctrl/ASYN_CTRL.rptr[0]/opit_0_L5Q_perm/CLK' (gopL5Q.CLK) has no clock, timing propagation is disabled at the pin.
W: STA-3011: Clock pin 'video_packet_send_m0/fifo_4096_16i_32o_m0/U_ipml_fifo_fifo_4096_16i_32o/U_ipml_fifo_ctrl/ASYN_CTRL.rptr[1]/opit_0_L5Q_perm/CLK' (gopL5Q.CLK) has no clock, timing propagation is disabled at the pin.
W: STA-3011: Clock pin 'video_packet_send_m0/fifo_4096_16i_32o_m0/U_ipml_fifo_fifo_4096_16i_32o/U_ipml_fifo_ctrl/ASYN_CTRL.rptr[2]/opit_0_L5Q_perm/CLK' (gopL5Q.CLK) has no clock, timing propagation is disabled at the pin.
W: STA-3011: Clock pin 'video_packet_send_m0/fifo_4096_16i_32o_m0/U_ipml_fifo_fifo_4096_16i_32o/U_ipml_fifo_ctrl/ASYN_CTRL.rptr[3]/opit_0_L5Q_perm/CLK' (gopL5Q.CLK) has no clock, timing propagation is disabled at the pin.
W: STA-3011: Clock pin 'video_packet_send_m0/fifo_4096_16i_32o_m0/U_ipml_fifo_fifo_4096_16i_32o/U_ipml_fifo_ctrl/ASYN_CTRL.rptr[4]/opit_0_L5Q_perm/CLK' (gopL5Q.CLK) has no clock, timing propagation is disabled at the pin.
W: STA-3011: Clock pin 'video_packet_send_m0/fifo_4096_16i_32o_m0/U_ipml_fifo_fifo_4096_16i_32o/U_ipml_fifo_ctrl/ASYN_CTRL.rptr[5]/opit_0_L5Q_perm/CLK' (gopL5Q.CLK) has no clock, timing propagation is disabled at the pin.
W: STA-3011: Clock pin 'video_packet_send_m0/fifo_4096_16i_32o_m0/U_ipml_fifo_fifo_4096_16i_32o/U_ipml_fifo_ctrl/ASYN_CTRL.rptr[6]/opit_0_L5Q_perm/CLK' (gopL5Q.CLK) has no clock, timing propagation is disabled at the pin.
W: STA-3011: Clock pin 'video_packet_send_m0/fifo_4096_16i_32o_m0/U_ipml_fifo_fifo_4096_16i_32o/U_ipml_fifo_ctrl/ASYN_CTRL.rptr[7]/opit_0_L5Q_perm/CLK' (gopL5Q.CLK) has no clock, timing propagation is disabled at the pin.
W: STA-3011: Clock pin 'video_packet_send_m0/fifo_4096_16i_32o_m0/U_ipml_fifo_fifo_4096_16i_32o/U_ipml_fifo_ctrl/ASYN_CTRL.rptr[8]/opit_0_L5Q_perm/CLK' (gopL5Q.CLK) has no clock, timing propagation is disabled at the pin.
W: STA-3011: Clock pin 'video_packet_send_m0/fifo_4096_16i_32o_m0/U_ipml_fifo_fifo_4096_16i_32o/U_ipml_fifo_ctrl/ASYN_CTRL.rptr[9]/opit_0_L5Q_perm/CLK' (gopL5Q.CLK) has no clock, timing propagation is disabled at the pin.
W: STA-3011: Clock pin 'video_packet_send_m0/fifo_4096_16i_32o_m0/U_ipml_fifo_fifo_4096_16i_32o/U_ipml_fifo_ctrl/ASYN_CTRL.rptr[10]/opit_0_L5Q_perm/CLK' (gopL5Q.CLK) has no clock, timing propagation is disabled at the pin.
W: STA-3011: Clock pin 'video_packet_send_m0/fifo_4096_16i_32o_m0/U_ipml_fifo_fifo_4096_16i_32o/U_ipml_fifo_ctrl/ASYN_CTRL.rptr[11]/opit_0_L5Q_perm/CLK' (gopL5Q.CLK) has no clock, timing propagation is disabled at the pin.
W: STA-3011: Clock pin 'video_packet_send_m0/fifo_4096_16i_32o_m0/U_ipml_fifo_fifo_4096_16i_32o/U_ipml_fifo_ctrl/ASYN_CTRL.rptr[12]/opit_0_L5Q_perm/CLK' (gopL5Q.CLK) has no clock, timing propagation is disabled at the pin.
W: STA-3011: Clock pin 'video_packet_send_m0/fifo_4096_16i_32o_m0/U_ipml_fifo_fifo_4096_16i_32o/U_ipml_fifo_ctrl/ASYN_CTRL.rwptr1[1]/opit_0/CLK' (gopQ.CLK) has no clock, timing propagation is disabled at the pin.
W: STA-3011: Clock pin 'video_packet_send_m0/fifo_4096_16i_32o_m0/U_ipml_fifo_fifo_4096_16i_32o/U_ipml_fifo_ctrl/ASYN_CTRL.rwptr1[2]/opit_0/CLK' (gopQ.CLK) has no clock, timing propagation is disabled at the pin.
W: STA-3011: Clock pin 'video_packet_send_m0/fifo_4096_16i_32o_m0/U_ipml_fifo_fifo_4096_16i_32o/U_ipml_fifo_ctrl/ASYN_CTRL.rwptr1[3]/opit_0/CLK' (gopQ.CLK) has no clock, timing propagation is disabled at the pin.
W: STA-3011: Clock pin 'video_packet_send_m0/fifo_4096_16i_32o_m0/U_ipml_fifo_fifo_4096_16i_32o/U_ipml_fifo_ctrl/ASYN_CTRL.rwptr1[4]/opit_0/CLK' (gopQ.CLK) has no clock, timing propagation is disabled at the pin.
W: STA-3011: Clock pin 'video_packet_send_m0/fifo_4096_16i_32o_m0/U_ipml_fifo_fifo_4096_16i_32o/U_ipml_fifo_ctrl/ASYN_CTRL.rwptr1[5]/opit_0/CLK' (gopQ.CLK) has no clock, timing propagation is disabled at the pin.
W: STA-3011: Clock pin 'video_packet_send_m0/fifo_4096_16i_32o_m0/U_ipml_fifo_fifo_4096_16i_32o/U_ipml_fifo_ctrl/ASYN_CTRL.rwptr1[6]/opit_0/CLK' (gopQ.CLK) has no clock, timing propagation is disabled at the pin.
W: STA-3011: Clock pin 'video_packet_send_m0/fifo_4096_16i_32o_m0/U_ipml_fifo_fifo_4096_16i_32o/U_ipml_fifo_ctrl/ASYN_CTRL.rwptr1[7]/opit_0/CLK' (gopQ.CLK) has no clock, timing propagation is disabled at the pin.
W: STA-3011: Clock pin 'video_packet_send_m0/fifo_4096_16i_32o_m0/U_ipml_fifo_fifo_4096_16i_32o/U_ipml_fifo_ctrl/ASYN_CTRL.rwptr1[8]/opit_0/CLK' (gopQ.CLK) has no clock, timing propagation is disabled at the pin.
W: STA-3011: Clock pin 'video_packet_send_m0/fifo_4096_16i_32o_m0/U_ipml_fifo_fifo_4096_16i_32o/U_ipml_fifo_ctrl/ASYN_CTRL.rwptr1[9]/opit_0/CLK' (gopQ.CLK) has no clock, timing propagation is disabled at the pin.
W: STA-3011: Clock pin 'video_packet_send_m0/fifo_4096_16i_32o_m0/U_ipml_fifo_fifo_4096_16i_32o/U_ipml_fifo_ctrl/ASYN_CTRL.rwptr1[10]/opit_0/CLK' (gopQ.CLK) has no clock, timing propagation is disabled at the pin.
W: STA-3011: Clock pin 'video_packet_send_m0/fifo_4096_16i_32o_m0/U_ipml_fifo_fifo_4096_16i_32o/U_ipml_fifo_ctrl/ASYN_CTRL.rwptr1[11]/opit_0/CLK' (gopQ.CLK) has no clock, timing propagation is disabled at the pin.
W: STA-3011: Clock pin 'video_packet_send_m0/fifo_4096_16i_32o_m0/U_ipml_fifo_fifo_4096_16i_32o/U_ipml_fifo_ctrl/ASYN_CTRL.rwptr1[12]/opit_0/CLK' (gopQ.CLK) has no clock, timing propagation is disabled at the pin.
W: STA-3011: Clock pin 'video_packet_send_m0/fifo_4096_16i_32o_m0/U_ipml_fifo_fifo_4096_16i_32o/U_ipml_fifo_ctrl/ASYN_CTRL.rwptr1[13]/opit_0/CLK' (gopQ.CLK) has no clock, timing propagation is disabled at the pin.
W: STA-3011: Clock pin 'video_packet_send_m0/fifo_4096_16i_32o_m0/U_ipml_fifo_fifo_4096_16i_32o/U_ipml_fifo_ctrl/rd_water_level[7]/opit_0_A2Q21/CLK' (gopA2Q2.CLK) has no clock, timing propagation is disabled at the pin.
W: STA-3011: Clock pin 'video_packet_send_m0/fifo_4096_16i_32o_m0/U_ipml_fifo_fifo_4096_16i_32o/U_ipml_fifo_ctrl/rd_water_level[9]/opit_0_A2Q21/CLK' (gopA2Q2.CLK) has no clock, timing propagation is disabled at the pin.
W: STA-3011: Clock pin 'video_packet_send_m0/fifo_4096_16i_32o_m0/U_ipml_fifo_fifo_4096_16i_32o/U_ipml_fifo_ctrl/rd_water_level[11]/opit_0_A2Q21/CLK' (gopA2Q2.CLK) has no clock, timing propagation is disabled at the pin.
W: STA-3011: Clock pin 'video_packet_send_m0/fifo_4096_16i_32o_m0/U_ipml_fifo_fifo_4096_16i_32o/U_ipml_fifo_ctrl/rwptr2[1]/opit_0/CLK' (gopQ.CLK) has no clock, timing propagation is disabled at the pin.
W: STA-3011: Clock pin 'video_packet_send_m0/fifo_4096_16i_32o_m0/U_ipml_fifo_fifo_4096_16i_32o/U_ipml_fifo_ctrl/rwptr2[2]/opit_0/CLK' (gopQ.CLK) has no clock, timing propagation is disabled at the pin.
W: STA-3011: Clock pin 'video_packet_send_m0/fifo_4096_16i_32o_m0/U_ipml_fifo_fifo_4096_16i_32o/U_ipml_fifo_ctrl/rwptr2[3]/opit_0/CLK' (gopQ.CLK) has no clock, timing propagation is disabled at the pin.
W: STA-3011: Clock pin 'video_packet_send_m0/fifo_4096_16i_32o_m0/U_ipml_fifo_fifo_4096_16i_32o/U_ipml_fifo_ctrl/rwptr2[4]/opit_0/CLK' (gopQ.CLK) has no clock, timing propagation is disabled at the pin.
W: STA-3011: Clock pin 'video_packet_send_m0/fifo_4096_16i_32o_m0/U_ipml_fifo_fifo_4096_16i_32o/U_ipml_fifo_ctrl/rwptr2[5]/opit_0/CLK' (gopQ.CLK) has no clock, timing propagation is disabled at the pin.
W: STA-3011: Clock pin 'video_packet_send_m0/fifo_4096_16i_32o_m0/U_ipml_fifo_fifo_4096_16i_32o/U_ipml_fifo_ctrl/rwptr2[6]/opit_0/CLK' (gopQ.CLK) has no clock, timing propagation is disabled at the pin.
W: STA-3011: Clock pin 'video_packet_send_m0/fifo_4096_16i_32o_m0/U_ipml_fifo_fifo_4096_16i_32o/U_ipml_fifo_ctrl/rwptr2[7]/opit_0/CLK' (gopQ.CLK) has no clock, timing propagation is disabled at the pin.
W: STA-3011: Clock pin 'video_packet_send_m0/fifo_4096_16i_32o_m0/U_ipml_fifo_fifo_4096_16i_32o/U_ipml_fifo_ctrl/rwptr2[8]/opit_0/CLK' (gopQ.CLK) has no clock, timing propagation is disabled at the pin.
W: STA-3011: Clock pin 'video_packet_send_m0/fifo_4096_16i_32o_m0/U_ipml_fifo_fifo_4096_16i_32o/U_ipml_fifo_ctrl/rwptr2[9]/opit_0/CLK' (gopQ.CLK) has no clock, timing propagation is disabled at the pin.
W: STA-3011: Clock pin 'video_packet_send_m0/fifo_4096_16i_32o_m0/U_ipml_fifo_fifo_4096_16i_32o/U_ipml_fifo_ctrl/rwptr2[10]/opit_0/CLK' (gopQ.CLK) has no clock, timing propagation is disabled at the pin.
W: STA-3011: Clock pin 'video_packet_send_m0/fifo_4096_16i_32o_m0/U_ipml_fifo_fifo_4096_16i_32o/U_ipml_fifo_ctrl/rwptr2[11]/opit_0/CLK' (gopQ.CLK) has no clock, timing propagation is disabled at the pin.
W: STA-3011: Clock pin 'video_packet_send_m0/fifo_4096_16i_32o_m0/U_ipml_fifo_fifo_4096_16i_32o/U_ipml_fifo_ctrl/rwptr2[12]/opit_0/CLK' (gopQ.CLK) has no clock, timing propagation is disabled at the pin.
W: STA-3011: Clock pin 'video_packet_send_m0/fifo_4096_16i_32o_m0/U_ipml_fifo_fifo_4096_16i_32o/U_ipml_fifo_ctrl/rwptr2[13]/opit_0/CLK' (gopQ.CLK) has no clock, timing propagation is disabled at the pin.
W: STA-3011: Clock pin 'video_packet_send_m0/fifo_4096_16i_32o_m0/U_ipml_fifo_fifo_4096_16i_32o/U_ipml_sdpram/ADDR_LOOP[0].DATA_LOOP[0].U_GTP_DRM18K/iGopDrm/CLKB[0]' (gopDRM.CLKB[0]) has no clock, timing propagation is disabled at the pin.
W: STA-3011: Clock pin 'video_packet_send_m0/fifo_4096_16i_32o_m0/U_ipml_fifo_fifo_4096_16i_32o/U_ipml_sdpram/ADDR_LOOP[0].DATA_LOOP[1].U_GTP_DRM18K/iGopDrm/CLKB[0]' (gopDRM.CLKB[0]) has no clock, timing propagation is disabled at the pin.
W: STA-3011: Clock pin 'video_packet_send_m0/fifo_4096_16i_32o_m0/U_ipml_fifo_fifo_4096_16i_32o/U_ipml_sdpram/ADDR_LOOP[0].DATA_LOOP[2].U_GTP_DRM18K/iGopDrm/CLKB[0]' (gopDRM.CLKB[0]) has no clock, timing propagation is disabled at the pin.
W: STA-3011: Clock pin 'video_packet_send_m0/fifo_4096_16i_32o_m0/U_ipml_fifo_fifo_4096_16i_32o/U_ipml_sdpram/ADDR_LOOP[0].DATA_LOOP[3].U_GTP_DRM18K/iGopDrm/CLKB[0]' (gopDRM.CLKB[0]) has no clock, timing propagation is disabled at the pin.
W: STA-3011: Clock pin 'video_packet_send_m0/fifo_4096_16i_32o_m0/U_ipml_fifo_fifo_4096_16i_32o/U_ipml_sdpram/ADDR_LOOP[0].DATA_LOOP[4].U_GTP_DRM18K/iGopDrm/CLKB[0]' (gopDRM.CLKB[0]) has no clock, timing propagation is disabled at the pin.
W: STA-3011: Clock pin 'video_packet_send_m0/fifo_4096_16i_32o_m0/U_ipml_fifo_fifo_4096_16i_32o/U_ipml_sdpram/ADDR_LOOP[0].DATA_LOOP[5].U_GTP_DRM18K/iGopDrm/CLKB[0]' (gopDRM.CLKB[0]) has no clock, timing propagation is disabled at the pin.
W: STA-3011: Clock pin 'video_packet_send_m0/fifo_4096_16i_32o_m0/U_ipml_fifo_fifo_4096_16i_32o/U_ipml_sdpram/ADDR_LOOP[0].DATA_LOOP[6].U_GTP_DRM18K/iGopDrm/CLKB[0]' (gopDRM.CLKB[0]) has no clock, timing propagation is disabled at the pin.
W: STA-3011: Clock pin 'video_packet_send_m0/fifo_4096_16i_32o_m0/U_ipml_fifo_fifo_4096_16i_32o/U_ipml_sdpram/ADDR_LOOP[0].DATA_LOOP[7].U_GTP_DRM18K/iGopDrm/CLKB[0]' (gopDRM.CLKB[0]) has no clock, timing propagation is disabled at the pin.
W: STA-3011: Clock pin 'video_packet_send_m0/gt_tx_ctrl[0]/opit_0_inv_L5Q_perm/CLK' (gopL5Q.CLK) has no clock, timing propagation is disabled at the pin.
W: STA-3011: Clock pin 'video_packet_send_m0/gt_tx_data[0]/opit_0_inv_L5Q_perm/CLK' (gopL5Q.CLK) has no clock, timing propagation is disabled at the pin.
W: STA-3011: Clock pin 'video_packet_send_m0/gt_tx_data[1]/opit_0_inv_L5Q_perm/CLK' (gopL5Q.CLK) has no clock, timing propagation is disabled at the pin.
W: STA-3011: Clock pin 'video_packet_send_m0/gt_tx_data[2]/opit_0_inv_L5Q_perm/CLK' (gopL5Q.CLK) has no clock, timing propagation is disabled at the pin.
W: STA-3011: Clock pin 'video_packet_send_m0/gt_tx_data[3]/opit_0_inv_L5Q_perm/CLK' (gopL5Q.CLK) has no clock, timing propagation is disabled at the pin.
W: STA-3011: Clock pin 'video_packet_send_m0/gt_tx_data[4]/opit_0_inv_L5Q_perm/CLK' (gopL5Q.CLK) has no clock, timing propagation is disabled at the pin.
W: STA-3011: Clock pin 'video_packet_send_m0/gt_tx_data[5]/opit_0_inv_L5Q_perm/CLK' (gopL5Q.CLK) has no clock, timing propagation is disabled at the pin.
W: STA-3011: Clock pin 'video_packet_send_m0/gt_tx_data[6]/opit_0_inv_L5Q_perm/CLK' (gopL5Q.CLK) has no clock, timing propagation is disabled at the pin.
W: STA-3011: Clock pin 'video_packet_send_m0/gt_tx_data[7]/opit_0_inv_L5Q_perm/CLK' (gopL5Q.CLK) has no clock, timing propagation is disabled at the pin.
W: STA-3011: Clock pin 'video_packet_send_m0/gt_tx_data[8]/opit_0_inv_L5Q_perm/CLK' (gopL5Q.CLK) has no clock, timing propagation is disabled at the pin.
W: STA-3011: Clock pin 'video_packet_send_m0/gt_tx_data[9]/opit_0_inv_L5Q_perm/CLK' (gopL5Q.CLK) has no clock, timing propagation is disabled at the pin.
W: STA-3011: Clock pin 'video_packet_send_m0/gt_tx_data[10]/opit_0_inv_L5Q_perm/CLK' (gopL5Q.CLK) has no clock, timing propagation is disabled at the pin.
W: STA-3011: Clock pin 'video_packet_send_m0/gt_tx_data[11]/opit_0_inv_L5Q_perm/CLK' (gopL5Q.CLK) has no clock, timing propagation is disabled at the pin.
W: STA-3011: Clock pin 'video_packet_send_m0/gt_tx_data[12]/opit_0_inv_L5Q_perm/CLK' (gopL5Q.CLK) has no clock, timing propagation is disabled at the pin.
W: STA-3011: Clock pin 'video_packet_send_m0/gt_tx_data[13]/opit_0_inv_L5Q_perm/CLK' (gopL5Q.CLK) has no clock, timing propagation is disabled at the pin.
W: STA-3011: Clock pin 'video_packet_send_m0/gt_tx_data[14]/opit_0_inv_L5Q_perm/CLK' (gopL5Q.CLK) has no clock, timing propagation is disabled at the pin.
W: STA-3011: Clock pin 'video_packet_send_m0/gt_tx_data[15]/opit_0_inv_L5Q_perm/CLK' (gopL5Q.CLK) has no clock, timing propagation is disabled at the pin.
W: STA-3011: Clock pin 'video_packet_send_m0/gt_tx_data[16]/opit_0_inv_L5Q_perm/CLK' (gopL5Q.CLK) has no clock, timing propagation is disabled at the pin.
W: STA-3011: Clock pin 'video_packet_send_m0/gt_tx_data[17]/opit_0_inv_L5Q_perm/CLK' (gopL5Q.CLK) has no clock, timing propagation is disabled at the pin.
W: STA-3011: Clock pin 'video_packet_send_m0/gt_tx_data[18]/opit_0_inv_L5Q_perm/CLK' (gopL5Q.CLK) has no clock, timing propagation is disabled at the pin.
W: STA-3011: Clock pin 'video_packet_send_m0/gt_tx_data[19]/opit_0_inv_L5Q_perm/CLK' (gopL5Q.CLK) has no clock, timing propagation is disabled at the pin.
W: STA-3011: Clock pin 'video_packet_send_m0/gt_tx_data[20]/opit_0_inv_L5Q_perm/CLK' (gopL5Q.CLK) has no clock, timing propagation is disabled at the pin.
W: STA-3011: Clock pin 'video_packet_send_m0/gt_tx_data[21]/opit_0_inv_L5Q_perm/CLK' (gopL5Q.CLK) has no clock, timing propagation is disabled at the pin.
W: STA-3011: Clock pin 'video_packet_send_m0/gt_tx_data[22]/opit_0_inv_L5Q_perm/CLK' (gopL5Q.CLK) has no clock, timing propagation is disabled at the pin.
W: STA-3011: Clock pin 'video_packet_send_m0/gt_tx_data[23]/opit_0_inv_L5Q_perm/CLK' (gopL5Q.CLK) has no clock, timing propagation is disabled at the pin.
W: STA-3011: Clock pin 'video_packet_send_m0/gt_tx_data[24]/opit_0_inv_L5Q_perm/CLK' (gopL5Q.CLK) has no clock, timing propagation is disabled at the pin.
W: STA-3011: Clock pin 'video_packet_send_m0/gt_tx_data[25]/opit_0_inv_L5Q_perm/CLK' (gopL5Q.CLK) has no clock, timing propagation is disabled at the pin.
W: STA-3011: Clock pin 'video_packet_send_m0/gt_tx_data[26]/opit_0_inv_L5Q_perm/CLK' (gopL5Q.CLK) has no clock, timing propagation is disabled at the pin.
W: STA-3011: Clock pin 'video_packet_send_m0/gt_tx_data[27]/opit_0_inv_L5Q_perm/CLK' (gopL5Q.CLK) has no clock, timing propagation is disabled at the pin.
W: STA-3011: Clock pin 'video_packet_send_m0/gt_tx_data[28]/opit_0_inv_L5Q_perm/CLK' (gopL5Q.CLK) has no clock, timing propagation is disabled at the pin.
W: STA-3011: Clock pin 'video_packet_send_m0/gt_tx_data[29]/opit_0_inv_L5Q_perm/CLK' (gopL5Q.CLK) has no clock, timing propagation is disabled at the pin.
W: STA-3011: Clock pin 'video_packet_send_m0/gt_tx_data[30]/opit_0_inv_L5Q_perm/CLK' (gopL5Q.CLK) has no clock, timing propagation is disabled at the pin.
W: STA-3011: Clock pin 'video_packet_send_m0/gt_tx_data[31]/opit_0_inv_L5Q_perm/CLK' (gopL5Q.CLK) has no clock, timing propagation is disabled at the pin.
W: STA-3011: Clock pin 'video_packet_send_m0/state_0/opit_0_inv_L5Q_perm/CLK' (gopL5Q.CLK) has no clock, timing propagation is disabled at the pin.
W: STA-3011: Clock pin 'video_packet_send_m0/state_1/opit_0_inv_L5Q_perm/CLK' (gopL5Q.CLK) has no clock, timing propagation is disabled at the pin.
W: STA-3011: Clock pin 'video_packet_send_m0/state_2/opit_0_inv_L5Q_perm/CLK' (gopL5Q.CLK) has no clock, timing propagation is disabled at the pin.
W: STA-3011: Clock pin 'video_packet_send_m0/state_3/opit_0_inv_L5Q_perm/CLK' (gopL5Q.CLK) has no clock, timing propagation is disabled at the pin.
W: STA-3011: Clock pin 'video_packet_send_m0/state_4/opit_0_inv_L5Q_perm/CLK' (gopL5Q.CLK) has no clock, timing propagation is disabled at the pin.
W: STA-3011: Clock pin 'video_packet_send_m0/state_5/opit_0_inv_L5Q_perm/CLK' (gopL5Q.CLK) has no clock, timing propagation is disabled at the pin.
W: STA-3011: Clock pin 'video_packet_send_m0/state_6/opit_0_inv_L5Q_perm/CLK' (gopL5Q.CLK) has no clock, timing propagation is disabled at the pin.
W: STA-3011: Clock pin 'video_packet_send_m0/vs_tx_clk_d0/opit_0/CLK' (gopQ.CLK) has no clock, timing propagation is disabled at the pin.
W: STA-3011: Clock pin 'video_packet_send_m0/vs_tx_clk_d1/opit_0/CLK' (gopQ.CLK) has no clock, timing propagation is disabled at the pin.
W: STA-3011: Clock pin 'video_packet_send_m0/vs_tx_clk_d2/opit_0/CLK' (gopQ.CLK) has no clock, timing propagation is disabled at the pin.
W: Timing-4086: Port 'cam2_sda' is not constrained, it is treated as combinational input.
W: Timing-4087: Port 'cam2_sda' is not constrained, it is treated as combinational output.
W: Timing-4086: Port 'cam_sda' is not constrained, it is treated as combinational input.
W: Timing-4087: Port 'cam_sda' is not constrained, it is treated as combinational output.
W: Timing-4086: Port 'hdmi_rx_sda' is not constrained, it is treated as combinational input.
W: Timing-4087: Port 'hdmi_rx_sda' is not constrained, it is treated as combinational output.
W: Timing-4086: Port 'hdmi_tx_sda' is not constrained, it is treated as combinational input.
W: Timing-4087: Port 'hdmi_tx_sda' is not constrained, it is treated as combinational output.
W: Timing-4086: Port 'mem_dq[0]' is not constrained, it is treated as combinational input.
W: Timing-4087: Port 'mem_dq[0]' is not constrained, it is treated as combinational output.
W: Timing-4086: Port 'mem_dq[1]' is not constrained, it is treated as combinational input.
W: Timing-4087: Port 'mem_dq[1]' is not constrained, it is treated as combinational output.
W: Timing-4086: Port 'mem_dq[2]' is not constrained, it is treated as combinational input.
W: Timing-4087: Port 'mem_dq[2]' is not constrained, it is treated as combinational output.
W: Timing-4086: Port 'mem_dq[3]' is not constrained, it is treated as combinational input.
W: Timing-4087: Port 'mem_dq[3]' is not constrained, it is treated as combinational output.
W: Timing-4086: Port 'mem_dq[4]' is not constrained, it is treated as combinational input.
W: Timing-4087: Port 'mem_dq[4]' is not constrained, it is treated as combinational output.
W: Timing-4086: Port 'mem_dq[5]' is not constrained, it is treated as combinational input.
W: Timing-4087: Port 'mem_dq[5]' is not constrained, it is treated as combinational output.
W: Timing-4086: Port 'mem_dq[6]' is not constrained, it is treated as combinational input.
W: Timing-4087: Port 'mem_dq[6]' is not constrained, it is treated as combinational output.
W: Timing-4086: Port 'mem_dq[7]' is not constrained, it is treated as combinational input.
W: Timing-4087: Port 'mem_dq[7]' is not constrained, it is treated as combinational output.
W: Timing-4086: Port 'mem_dq[8]' is not constrained, it is treated as combinational input.
W: Timing-4087: Port 'mem_dq[8]' is not constrained, it is treated as combinational output.
W: Timing-4086: Port 'mem_dq[9]' is not constrained, it is treated as combinational input.
W: Timing-4087: Port 'mem_dq[9]' is not constrained, it is treated as combinational output.
W: Timing-4086: Port 'mem_dq[10]' is not constrained, it is treated as combinational input.
W: Timing-4087: Port 'mem_dq[10]' is not constrained, it is treated as combinational output.
W: Timing-4086: Port 'mem_dq[11]' is not constrained, it is treated as combinational input.
W: Timing-4087: Port 'mem_dq[11]' is not constrained, it is treated as combinational output.
W: Timing-4086: Port 'mem_dq[12]' is not constrained, it is treated as combinational input.
W: Timing-4087: Port 'mem_dq[12]' is not constrained, it is treated as combinational output.
W: Timing-4086: Port 'mem_dq[13]' is not constrained, it is treated as combinational input.
W: Timing-4087: Port 'mem_dq[13]' is not constrained, it is treated as combinational output.
W: Timing-4086: Port 'mem_dq[14]' is not constrained, it is treated as combinational input.
W: Timing-4087: Port 'mem_dq[14]' is not constrained, it is treated as combinational output.
W: Timing-4086: Port 'mem_dq[15]' is not constrained, it is treated as combinational input.
W: Timing-4087: Port 'mem_dq[15]' is not constrained, it is treated as combinational output.
W: Timing-4086: Port 'mem_dq[16]' is not constrained, it is treated as combinational input.
W: Timing-4087: Port 'mem_dq[16]' is not constrained, it is treated as combinational output.
W: Timing-4086: Port 'mem_dq[17]' is not constrained, it is treated as combinational input.
W: Timing-4087: Port 'mem_dq[17]' is not constrained, it is treated as combinational output.
W: Timing-4086: Port 'mem_dq[18]' is not constrained, it is treated as combinational input.
W: Timing-4087: Port 'mem_dq[18]' is not constrained, it is treated as combinational output.
W: Timing-4086: Port 'mem_dq[19]' is not constrained, it is treated as combinational input.
W: Timing-4087: Port 'mem_dq[19]' is not constrained, it is treated as combinational output.
W: Timing-4086: Port 'mem_dq[20]' is not constrained, it is treated as combinational input.
W: Timing-4087: Port 'mem_dq[20]' is not constrained, it is treated as combinational output.
W: Timing-4086: Port 'mem_dq[21]' is not constrained, it is treated as combinational input.
W: Timing-4087: Port 'mem_dq[21]' is not constrained, it is treated as combinational output.
W: Timing-4086: Port 'mem_dq[22]' is not constrained, it is treated as combinational input.
W: Timing-4087: Port 'mem_dq[22]' is not constrained, it is treated as combinational output.
W: Timing-4086: Port 'mem_dq[23]' is not constrained, it is treated as combinational input.
W: Timing-4087: Port 'mem_dq[23]' is not constrained, it is treated as combinational output.
W: Timing-4086: Port 'mem_dq[24]' is not constrained, it is treated as combinational input.
W: Timing-4087: Port 'mem_dq[24]' is not constrained, it is treated as combinational output.
W: Timing-4086: Port 'mem_dq[25]' is not constrained, it is treated as combinational input.
W: Timing-4087: Port 'mem_dq[25]' is not constrained, it is treated as combinational output.
W: Timing-4086: Port 'mem_dq[26]' is not constrained, it is treated as combinational input.
W: Timing-4087: Port 'mem_dq[26]' is not constrained, it is treated as combinational output.
W: Timing-4086: Port 'mem_dq[27]' is not constrained, it is treated as combinational input.
W: Timing-4087: Port 'mem_dq[27]' is not constrained, it is treated as combinational output.
W: Timing-4086: Port 'mem_dq[28]' is not constrained, it is treated as combinational input.
W: Timing-4087: Port 'mem_dq[28]' is not constrained, it is treated as combinational output.
W: Timing-4086: Port 'mem_dq[29]' is not constrained, it is treated as combinational input.
W: Timing-4087: Port 'mem_dq[29]' is not constrained, it is treated as combinational output.
W: Timing-4086: Port 'mem_dq[30]' is not constrained, it is treated as combinational input.
W: Timing-4087: Port 'mem_dq[30]' is not constrained, it is treated as combinational output.
W: Timing-4086: Port 'mem_dq[31]' is not constrained, it is treated as combinational input.
W: Timing-4087: Port 'mem_dq[31]' is not constrained, it is treated as combinational output.
W: Timing-4086: Port 'mem_dqs[0]' is not constrained, it is treated as combinational input.
W: Timing-4087: Port 'mem_dqs[0]' is not constrained, it is treated as combinational output.
W: Timing-4086: Port 'mem_dqs[1]' is not constrained, it is treated as combinational input.
W: Timing-4087: Port 'mem_dqs[1]' is not constrained, it is treated as combinational output.
W: Timing-4086: Port 'mem_dqs[2]' is not constrained, it is treated as combinational input.
W: Timing-4087: Port 'mem_dqs[2]' is not constrained, it is treated as combinational output.
W: Timing-4086: Port 'mem_dqs[3]' is not constrained, it is treated as combinational input.
W: Timing-4087: Port 'mem_dqs[3]' is not constrained, it is treated as combinational output.
W: Timing-4086: Port 'mem_dqs_n[0]' is not constrained, it is treated as combinational input.
W: Timing-4087: Port 'mem_dqs_n[0]' is not constrained, it is treated as combinational output.
W: Timing-4086: Port 'mem_dqs_n[1]' is not constrained, it is treated as combinational input.
W: Timing-4087: Port 'mem_dqs_n[1]' is not constrained, it is treated as combinational output.
W: Timing-4086: Port 'mem_dqs_n[2]' is not constrained, it is treated as combinational input.
W: Timing-4087: Port 'mem_dqs_n[2]' is not constrained, it is treated as combinational output.
W: Timing-4086: Port 'mem_dqs_n[3]' is not constrained, it is treated as combinational input.
W: Timing-4087: Port 'mem_dqs_n[3]' is not constrained, it is treated as combinational output.
W: Timing-4087: Port 'SFP_TX_DISABLE0' is not constrained, it is treated as combinational output.
W: Timing-4087: Port 'SFP_TX_DISABLE1' is not constrained, it is treated as combinational output.
W: Timing-4087: Port 'cam2_rst_n' is not constrained, it is treated as combinational output.
W: Timing-4087: Port 'cam2_scl' is not constrained, it is treated as combinational output.
W: Timing-4087: Port 'cam_rst_n' is not constrained, it is treated as combinational output.
W: Timing-4087: Port 'cam_scl' is not constrained, it is treated as combinational output.
W: Timing-4087: Port 'eth_rst_n' is not constrained, it is treated as combinational output.
W: Timing-4087: Port 'eth_tx_ctl' is not constrained, it is treated as combinational output.
W: Timing-4087: Port 'eth_txc' is not constrained, it is treated as combinational output.
W: Timing-4087: Port 'eth_txd[0]' is not constrained, it is treated as combinational output.
W: Timing-4087: Port 'eth_txd[1]' is not constrained, it is treated as combinational output.
W: Timing-4087: Port 'eth_txd[2]' is not constrained, it is treated as combinational output.
W: Timing-4087: Port 'eth_txd[3]' is not constrained, it is treated as combinational output.
W: Timing-4087: Port 'hdmi_rst_n' is not constrained, it is treated as combinational output.
W: Timing-4087: Port 'hdmi_rx_scl' is not constrained, it is treated as combinational output.
W: Timing-4087: Port 'hdmi_tx_data[0]' is not constrained, it is treated as combinational output.
W: Timing-4087: Port 'hdmi_tx_data[1]' is not constrained, it is treated as combinational output.
W: Timing-4087: Port 'hdmi_tx_data[2]' is not constrained, it is treated as combinational output.
W: Timing-4087: Port 'hdmi_tx_data[3]' is not constrained, it is treated as combinational output.
W: Timing-4087: Port 'hdmi_tx_data[4]' is not constrained, it is treated as combinational output.
W: Timing-4087: Port 'hdmi_tx_data[5]' is not constrained, it is treated as combinational output.
W: Timing-4087: Port 'hdmi_tx_data[6]' is not constrained, it is treated as combinational output.
W: Timing-4087: Port 'hdmi_tx_data[7]' is not constrained, it is treated as combinational output.
W: Timing-4087: Port 'hdmi_tx_data[8]' is not constrained, it is treated as combinational output.
W: Timing-4087: Port 'hdmi_tx_data[9]' is not constrained, it is treated as combinational output.
W: Timing-4087: Port 'hdmi_tx_data[10]' is not constrained, it is treated as combinational output.
W: Timing-4087: Port 'hdmi_tx_data[11]' is not constrained, it is treated as combinational output.
W: Timing-4087: Port 'hdmi_tx_data[12]' is not constrained, it is treated as combinational output.
W: Timing-4087: Port 'hdmi_tx_data[13]' is not constrained, it is treated as combinational output.
W: Timing-4087: Port 'hdmi_tx_data[14]' is not constrained, it is treated as combinational output.
W: Timing-4087: Port 'hdmi_tx_data[15]' is not constrained, it is treated as combinational output.
W: Timing-4087: Port 'hdmi_tx_data[16]' is not constrained, it is treated as combinational output.
W: Timing-4087: Port 'hdmi_tx_data[17]' is not constrained, it is treated as combinational output.
W: Timing-4087: Port 'hdmi_tx_data[18]' is not constrained, it is treated as combinational output.
W: Timing-4087: Port 'hdmi_tx_data[19]' is not constrained, it is treated as combinational output.
W: Timing-4087: Port 'hdmi_tx_data[20]' is not constrained, it is treated as combinational output.
W: Timing-4087: Port 'hdmi_tx_data[21]' is not constrained, it is treated as combinational output.
W: Timing-4087: Port 'hdmi_tx_data[22]' is not constrained, it is treated as combinational output.
W: Timing-4087: Port 'hdmi_tx_data[23]' is not constrained, it is treated as combinational output.
W: Timing-4087: Port 'hdmi_tx_de' is not constrained, it is treated as combinational output.
W: Timing-4087: Port 'hdmi_tx_hs' is not constrained, it is treated as combinational output.
W: Timing-4087: Port 'hdmi_tx_pix_clk' is not constrained, it is treated as combinational output.
W: Timing-4087: Port 'hdmi_tx_scl' is not constrained, it is treated as combinational output.
W: Timing-4087: Port 'hdmi_tx_vs' is not constrained, it is treated as combinational output.
W: Timing-4087: Port 'led1' is not constrained, it is treated as combinational output.
W: Timing-4087: Port 'led2' is not constrained, it is treated as combinational output.
W: Timing-4087: Port 'led3' is not constrained, it is treated as combinational output.
W: Timing-4087: Port 'led4' is not constrained, it is treated as combinational output.
W: Timing-4087: Port 'led5' is not constrained, it is treated as combinational output.
W: Timing-4087: Port 'led6' is not constrained, it is treated as combinational output.
W: Timing-4087: Port 'led7' is not constrained, it is treated as combinational output.
W: Timing-4087: Port 'mem_a[0]' is not constrained, it is treated as combinational output.
W: Timing-4087: Port 'mem_a[1]' is not constrained, it is treated as combinational output.
W: Timing-4087: Port 'mem_a[2]' is not constrained, it is treated as combinational output.
W: Timing-4087: Port 'mem_a[3]' is not constrained, it is treated as combinational output.
W: Timing-4087: Port 'mem_a[4]' is not constrained, it is treated as combinational output.
W: Timing-4087: Port 'mem_a[5]' is not constrained, it is treated as combinational output.
W: Timing-4087: Port 'mem_a[6]' is not constrained, it is treated as combinational output.
W: Timing-4087: Port 'mem_a[7]' is not constrained, it is treated as combinational output.
W: Timing-4087: Port 'mem_a[8]' is not constrained, it is treated as combinational output.
W: Timing-4087: Port 'mem_a[9]' is not constrained, it is treated as combinational output.
W: Timing-4087: Port 'mem_a[10]' is not constrained, it is treated as combinational output.
W: Timing-4087: Port 'mem_a[11]' is not constrained, it is treated as combinational output.
W: Timing-4087: Port 'mem_a[12]' is not constrained, it is treated as combinational output.
W: Timing-4087: Port 'mem_a[13]' is not constrained, it is treated as combinational output.
W: Timing-4087: Port 'mem_a[14]' is not constrained, it is treated as combinational output.
W: Timing-4087: Port 'mem_ba[0]' is not constrained, it is treated as combinational output.
W: Timing-4087: Port 'mem_ba[1]' is not constrained, it is treated as combinational output.
W: Timing-4087: Port 'mem_ba[2]' is not constrained, it is treated as combinational output.
W: Timing-4087: Port 'mem_cas_n' is not constrained, it is treated as combinational output.
W: Timing-4087: Port 'mem_ck' is not constrained, it is treated as combinational output.
W: Timing-4087: Port 'mem_ck_n' is not constrained, it is treated as combinational output.
W: Timing-4087: Port 'mem_cke' is not constrained, it is treated as combinational output.
W: Timing-4087: Port 'mem_cs_n' is not constrained, it is treated as combinational output.
W: Timing-4087: Port 'mem_dm[0]' is not constrained, it is treated as combinational output.
W: Timing-4087: Port 'mem_dm[1]' is not constrained, it is treated as combinational output.
W: Timing-4087: Port 'mem_dm[2]' is not constrained, it is treated as combinational output.
W: Timing-4087: Port 'mem_dm[3]' is not constrained, it is treated as combinational output.
W: Timing-4087: Port 'mem_odt' is not constrained, it is treated as combinational output.
W: Timing-4087: Port 'mem_ras_n' is not constrained, it is treated as combinational output.
W: Timing-4087: Port 'mem_rst_n' is not constrained, it is treated as combinational output.
W: Timing-4087: Port 'mem_we_n' is not constrained, it is treated as combinational output.
W: Timing-4087: Port 'o_p_l2txn' is not constrained, it is treated as combinational output.
W: Timing-4087: Port 'o_p_l2txp' is not constrained, it is treated as combinational output.
W: Timing-4087: Port 'o_p_l3txn' is not constrained, it is treated as combinational output.
W: Timing-4087: Port 'o_p_l3txp' is not constrained, it is treated as combinational output.
W: Timing-4087: Port 'uart_tx' is not constrained, it is treated as combinational output.
W: Timing-4086: Port 'cam2_data[0]' is not constrained, it is treated as combinational input.
W: Timing-4086: Port 'cam2_data[1]' is not constrained, it is treated as combinational input.
W: Timing-4086: Port 'cam2_data[2]' is not constrained, it is treated as combinational input.
W: Timing-4086: Port 'cam2_data[3]' is not constrained, it is treated as combinational input.
W: Timing-4086: Port 'cam2_data[4]' is not constrained, it is treated as combinational input.
W: Timing-4086: Port 'cam2_data[5]' is not constrained, it is treated as combinational input.
W: Timing-4086: Port 'cam2_data[6]' is not constrained, it is treated as combinational input.
W: Timing-4086: Port 'cam2_data[7]' is not constrained, it is treated as combinational input.
W: Timing-4086: Port 'cam2_href' is not constrained, it is treated as combinational input.
W: Timing-4086: Port 'cam2_vsync' is not constrained, it is treated as combinational input.
W: Timing-4086: Port 'cam_data[0]' is not constrained, it is treated as combinational input.
W: Timing-4086: Port 'cam_data[1]' is not constrained, it is treated as combinational input.
W: Timing-4086: Port 'cam_data[2]' is not constrained, it is treated as combinational input.
W: Timing-4086: Port 'cam_data[3]' is not constrained, it is treated as combinational input.
W: Timing-4086: Port 'cam_data[4]' is not constrained, it is treated as combinational input.
W: Timing-4086: Port 'cam_data[5]' is not constrained, it is treated as combinational input.
W: Timing-4086: Port 'cam_data[6]' is not constrained, it is treated as combinational input.
W: Timing-4086: Port 'cam_data[7]' is not constrained, it is treated as combinational input.
W: Timing-4086: Port 'cam_href' is not constrained, it is treated as combinational input.
W: Timing-4086: Port 'cam_vsync' is not constrained, it is treated as combinational input.
W: Timing-4086: Port 'eth_rx_ctl' is not constrained, it is treated as combinational input.
W: Timing-4086: Port 'eth_rxd[0]' is not constrained, it is treated as combinational input.
W: Timing-4086: Port 'eth_rxd[1]' is not constrained, it is treated as combinational input.
W: Timing-4086: Port 'eth_rxd[2]' is not constrained, it is treated as combinational input.
W: Timing-4086: Port 'eth_rxd[3]' is not constrained, it is treated as combinational input.
W: Timing-4086: Port 'hdmi_rx_data[0]' is not constrained, it is treated as combinational input.
W: Timing-4086: Port 'hdmi_rx_data[1]' is not constrained, it is treated as combinational input.
W: Timing-4086: Port 'hdmi_rx_data[2]' is not constrained, it is treated as combinational input.
W: Timing-4086: Port 'hdmi_rx_data[3]' is not constrained, it is treated as combinational input.
W: Timing-4086: Port 'hdmi_rx_data[4]' is not constrained, it is treated as combinational input.
W: Timing-4086: Port 'hdmi_rx_data[5]' is not constrained, it is treated as combinational input.
W: Timing-4086: Port 'hdmi_rx_data[6]' is not constrained, it is treated as combinational input.
W: Timing-4086: Port 'hdmi_rx_data[7]' is not constrained, it is treated as combinational input.
W: Timing-4086: Port 'hdmi_rx_data[8]' is not constrained, it is treated as combinational input.
W: Timing-4086: Port 'hdmi_rx_data[9]' is not constrained, it is treated as combinational input.
W: Timing-4086: Port 'hdmi_rx_data[10]' is not constrained, it is treated as combinational input.
W: Timing-4086: Port 'hdmi_rx_data[11]' is not constrained, it is treated as combinational input.
W: Timing-4086: Port 'hdmi_rx_data[12]' is not constrained, it is treated as combinational input.
W: Timing-4086: Port 'hdmi_rx_data[13]' is not constrained, it is treated as combinational input.
W: Timing-4086: Port 'hdmi_rx_data[14]' is not constrained, it is treated as combinational input.
W: Timing-4086: Port 'hdmi_rx_data[15]' is not constrained, it is treated as combinational input.
W: Timing-4086: Port 'hdmi_rx_data[16]' is not constrained, it is treated as combinational input.
W: Timing-4086: Port 'hdmi_rx_data[17]' is not constrained, it is treated as combinational input.
W: Timing-4086: Port 'hdmi_rx_data[18]' is not constrained, it is treated as combinational input.
W: Timing-4086: Port 'hdmi_rx_data[19]' is not constrained, it is treated as combinational input.
W: Timing-4086: Port 'hdmi_rx_data[20]' is not constrained, it is treated as combinational input.
W: Timing-4086: Port 'hdmi_rx_data[21]' is not constrained, it is treated as combinational input.
W: Timing-4086: Port 'hdmi_rx_data[22]' is not constrained, it is treated as combinational input.
W: Timing-4086: Port 'hdmi_rx_data[23]' is not constrained, it is treated as combinational input.
W: Timing-4086: Port 'hdmi_rx_de' is not constrained, it is treated as combinational input.
W: Timing-4086: Port 'hdmi_rx_hs' is not constrained, it is treated as combinational input.
W: Timing-4086: Port 'hdmi_rx_vs' is not constrained, it is treated as combinational input.
W: Timing-4086: Port 'i_p_l2rxn' is not constrained, it is treated as combinational input.
W: Timing-4086: Port 'i_p_l2rxp' is not constrained, it is treated as combinational input.
W: Timing-4086: Port 'i_p_l3rxn' is not constrained, it is treated as combinational input.
W: Timing-4086: Port 'i_p_l3rxp' is not constrained, it is treated as combinational input.
W: Timing-4086: Port 'i_p_refckn_0' is not constrained, it is treated as combinational input.
W: Timing-4086: Port 'i_p_refckp_0' is not constrained, it is treated as combinational input.
W: Timing-4086: Port 'key1' is not constrained, it is treated as combinational input.
W: Timing-4086: Port 'key2' is not constrained, it is treated as combinational input.
W: Timing-4086: Port 'key3' is not constrained, it is treated as combinational input.
W: Timing-4086: Port 'key4' is not constrained, it is treated as combinational input.
W: Timing-4086: Port 'key5' is not constrained, it is treated as combinational input.
W: Timing-4086: Port 'key6' is not constrained, it is treated as combinational input.
W: Timing-4086: Port 'key7' is not constrained, it is treated as combinational input.
W: Timing-4086: Port 'key_rst_n' is not constrained, it is treated as combinational input.
W: Timing-4086: Port 'uart_rx' is not constrained, it is treated as combinational input.
Report timing is finished successfully.
Action report_timing: Real time elapsed is 0h:0m:26s
Action report_timing: CPU time elapsed is 0h:0m:4s
Action report_timing: Process CPU time elapsed is 0h:0m:4s
Current time: Mon Nov 11 18:05:18 2024
Action report_timing: Peak memory pool usage is 971 MB
