#Build: Fabric Debugger 2022.1, Build 99559, Jul 12 00:20 2022
#Install: D:\pds_2022_1\PDS_2022.1\bin
#Application name: cdt_dbg.exe
#OS: Windows 10 10.0.22631
#Hostname: DESKTOP-50P54KS
Generated by Fabric Debugger (version 2022.1 build 99559) at Tue Sep 24 00:10:09 2024
M_PROCESS_FINISH_STARTED

Import Core: 0 OK
W: Debugger-4002: Core Parse: Trigger Port bus name:video_packet_rec_m0/state exist, fail to import.
W: Debugger-4002: Core Parse: Trigger Port bus name:video_packet_rec_m0/data_cnt exist, fail to import.
W: Debugger-4002: Core Parse: Trigger Port bus name:video_packet_rec_m0/vs_cnt exist, fail to import.
W: Debugger-4002: Core Parse: Bus name:video_packet_rec_m0/state exist, fail to import.
W: Debugger-4002: Core Parse: Bus name:video_packet_rec_m0/data_cnt exist, fail to import.
W: Debugger-4002: Core Parse: Bus name:video_packet_rec_m0/vs_cnt exist, fail to import.
Import Core: 0 OK
W: Debugger-4002: Core Parse: Trigger Port bus name:video_packet_rec_m0/state exist, fail to import.
W: Debugger-4002: Core Parse: Trigger Port bus name:video_packet_rec_m0/data_cnt exist, fail to import.
W: Debugger-4002: Core Parse: Trigger Port bus name:video_packet_rec_m0/vs_cnt exist, fail to import.
W: Debugger-4002: Core Parse: Bus name:video_packet_rec_m0/state exist, fail to import.
W: Debugger-4002: Core Parse: Bus name:video_packet_rec_m0/data_cnt exist, fail to import.
W: Debugger-4002: Core Parse: Bus name:video_packet_rec_m0/vs_cnt exist, fail to import.
Import Core: 0 OK
W: Debugger-4004: Core 0 is stopped by user.
E: Debugger-0006: Command run exec unsuccessfully.
W: Debugger-4002: Core Parse: Trigger Port bus name:video_packet_rec_m0/state exist, fail to import.
W: Debugger-4002: Core Parse: Trigger Port bus name:video_packet_rec_m0/data_cnt exist, fail to import.
W: Debugger-4002: Core Parse: Trigger Port bus name:video_packet_rec_m0/vs_cnt exist, fail to import.
W: Debugger-4002: Core Parse: Bus name:video_packet_rec_m0/state exist, fail to import.
W: Debugger-4002: Core Parse: Bus name:video_packet_rec_m0/data_cnt exist, fail to import.
W: Debugger-4002: Core Parse: Bus name:video_packet_rec_m0/vs_cnt exist, fail to import.
Import Core: 0 OK
E: CdtCommon-0402: Fail to connect to server. 
