[Debug] [2024-9-24 00:05:30] /*************************** 2024-09-24 00:05:30  Start ***************************/
[Debug] [2024-9-24 00:05:30] Path: D:/pds_2022_1/PDS_2022.1/bin
[Debug] [2024-9-24 00:05:30] #Generated by Fabric Debugger (version 2022.1 build 99559) at Tue Sep 24 00:05:30 2024


[Info] [2024-9-24 00:05:31] MsgOut: Fabric Debugger Started.
[Debug] [2024-9-24 00:05:31] Main window show.
[Debug] [2024-9-24 00:05:42] Operation: Scan.
[Debug] [2024-9-24 00:05:42] Client Local host name:DESKTOP-50P54KS
[Debug] [2024-9-24 00:05:42] Client Local Address:192.168.3.194
[Debug] [2024-9-24 00:05:42] Server Address:127.0.0.1, Port:65420
[Info] [2024-9-24 00:05:42] MsgOut: Connecting to server[127.0.0.1 : 65420].
[Info] [2024-9-24 00:05:42] Connect OK, Server: 127.0.0.1  Port: 65420
[Info] [2024-9-24 00:05:42] MsgOut: Connect to server[127.0.0.1 : 65420] successfully.
[Debug] [2024-9-24 00:05:42] Finish.
[Debug] [2024-9-24 00:05:42] Log::Print : check version information
[Debug] [2024-9-24 00:05:42] Send RPC: 1.
[Debug] [2024-9-24 00:05:42] Send cmd [check version information:40005] OK
[Debug] [2024-9-24 00:05:42] Log::Print : get_cable_paras
[Debug] [2024-9-24 00:05:42] Send RPC: 2.
[Debug] [2024-9-24 00:05:42] Send cmd [get_cable_paras:40011] OK
[Debug] [2024-9-24 00:05:42] Log::Print : open_cable
[Debug] [2024-9-24 00:05:42] Send RPC: 3.
[Debug] [2024-9-24 00:05:42] Send cmd [open_cable:10001] OK
[Info] [2024-9-24 00:05:42] MsgOut: COMMAND[check version information] execute successfully, takes 0.0 secs.
[Debug] [2024-9-24 00:05:42] COMMAND[check version information] execute successfully, takes 0.0 secs.
[Info] [2024-9-24 00:05:43] MsgOut: The Cable List : 
Cable index 0:USB Cable II/fffffffffffffffe 

[Info] [2024-9-24 00:05:43] MsgOut: COMMAND[get_cable_paras] execute successfully, takes 1.2 secs.
[Debug] [2024-9-24 00:05:43] COMMAND[get_cable_paras] execute successfully, takes 1.2 secs.
[Info] [2024-9-24 00:05:44] MsgOut: PANGO USB CABLE II cable driver: D2XX DLL
[Info] [2024-9-24 00:05:45] MsgOut: COMMAND[open_cable] execute successfully, takes 3.0 secs.
[Debug] [2024-9-24 00:05:45] COMMAND[open_cable] execute successfully, takes 3.0 secs.
[Debug] [2024-9-24 00:05:48] Operation: Program.
[Debug] [2024-9-24 00:05:48] Log::Print : configure
[Debug] [2024-9-24 00:05:48] Send RPC: 4.
[Debug] [2024-9-24 00:05:48] Send cmd [configure:10002] OK
[Debug] [2024-9-24 00:05:48] The value is 6.
[Debug] [2024-9-24 00:05:48] The value is 10.
[Debug] [2024-9-24 00:05:48] The value is 15.
[Debug] [2024-9-24 00:05:49] The value is 20.
[Debug] [2024-9-24 00:05:49] The value is 25.
[Debug] [2024-9-24 00:05:49] The value is 30.
[Debug] [2024-9-24 00:05:49] The value is 35.
[Debug] [2024-9-24 00:05:49] The value is 40.
[Debug] [2024-9-24 00:05:49] The value is 45.
[Debug] [2024-9-24 00:05:49] The value is 50.
[Debug] [2024-9-24 00:05:49] The value is 55.
[Debug] [2024-9-24 00:05:49] The value is 60.
[Debug] [2024-9-24 00:05:49] The value is 65.
[Debug] [2024-9-24 00:05:49] The value is 70.
[Debug] [2024-9-24 00:05:50] The value is 75.
[Debug] [2024-9-24 00:05:50] The value is 80.
[Debug] [2024-9-24 00:05:50] The value is 85.
[Debug] [2024-9-24 00:05:50] The value is 90.
[Debug] [2024-9-24 00:05:50] The value is 95.
[Debug] [2024-9-24 00:05:50] The value is 100.
[Debug] [2024-9-24 00:05:51] [BusValue] Opt:Add.
[Debug] [2024-9-24 00:05:51] [BusValue] Opt:Add.
[Debug] [2024-9-24 00:05:51] [BusValue] Opt:Add.
[Info] [2024-9-24 00:05:51] MsgOut: COMMAND[configure] execute successfully, takes 3.4 secs.
[Debug] [2024-9-24 00:05:51] COMMAND[configure] execute successfully, takes 3.4 secs.
[Debug] [2024-9-24 00:05:51] Log::Print : Import Core: 0 OK
[Debug] [2024-9-24 00:05:58] Operation: Trigger.
[Debug] [2024-9-24 00:05:58] Log::Print : run
[Debug] [2024-9-24 00:05:58] Send RPC: 5.
[Debug] [2024-9-24 00:05:58] Send cmd [run:10003] OK
[Info] [2024-9-24 00:05:59] MsgOut: Core 0 trigger successful at Tue Sep 24 00:05:59 2024
[Debug] [2024-9-24 00:05:59] Operation: ZoomFit
[Debug] [2024-9-24 00:05:59] Finish.
[Debug] [2024-9-24 00:05:59] [BusValue] Opt:Flush.
[Debug] [2024-9-24 00:05:59] [BusValue] Opt:Update.
[Info] [2024-9-24 00:05:59] MsgOut: COMMAND[run] execute successfully, takes 1.0 secs.
[Debug] [2024-9-24 00:05:59] COMMAND[run] execute successfully, takes 1.0 secs.
[Debug] [2024-9-24 00:06:03] Operation: Trigger.
[Debug] [2024-9-24 00:06:03] Log::Print : run
[Debug] [2024-9-24 00:06:03] Send RPC: 6.
[Debug] [2024-9-24 00:06:03] Send cmd [run:10003] OK
[Info] [2024-9-24 00:06:04] MsgOut: Core 0 trigger successful at Tue Sep 24 00:06:04 2024
[Debug] [2024-9-24 00:06:04] Operation: ZoomFit
[Debug] [2024-9-24 00:06:04] Finish.
[Debug] [2024-9-24 00:06:04] [BusValue] Opt:Flush.
[Debug] [2024-9-24 00:06:04] [BusValue] Opt:Update.
[Info] [2024-9-24 00:06:04] MsgOut: COMMAND[run] execute successfully, takes 1.0 secs.
[Debug] [2024-9-24 00:06:04] COMMAND[run] execute successfully, takes 1.0 secs.
[Debug] [2024-9-24 00:06:06] Operation: Try to close window.
[Debug] [2024-9-24 00:06:06] /*************************** 2024-09-24 00:06:06  End ***************************/
[Debug] [2024-9-24 00:10:09] /*************************** 2024-09-24 00:10:09  Start ***************************/
[Debug] [2024-9-24 00:10:09] Path: D:/pds_2022_1/PDS_2022.1/bin
[Debug] [2024-9-24 00:10:09] #Generated by Fabric Debugger (version 2022.1 build 99559) at Tue Sep 24 00:10:09 2024


[Info] [2024-9-24 00:10:09] MsgOut: Fabric Debugger Started.
[Debug] [2024-9-24 00:10:09] Main window show.
[Debug] [2024-9-24 00:10:11] Operation: Scan.
[Debug] [2024-9-24 00:10:11] Client Local host name:DESKTOP-50P54KS
[Debug] [2024-9-24 00:10:11] Client Local Address:192.168.3.194
[Debug] [2024-9-24 00:10:11] Server Address:127.0.0.1, Port:65420
[Info] [2024-9-24 00:10:11] MsgOut: Connecting to server[127.0.0.1 : 65420].
[Info] [2024-9-24 00:10:11] Connect OK, Server: 127.0.0.1  Port: 65420
[Info] [2024-9-24 00:10:11] MsgOut: Connect to server[127.0.0.1 : 65420] successfully.
[Debug] [2024-9-24 00:10:11] Finish.
[Debug] [2024-9-24 00:10:11] Log::Print : check version information
[Debug] [2024-9-24 00:10:11] Send RPC: 1.
[Debug] [2024-9-24 00:10:11] Send cmd [check version information:40005] OK
[Debug] [2024-9-24 00:10:11] Log::Print : get_cable_paras
[Debug] [2024-9-24 00:10:11] Send RPC: 2.
[Debug] [2024-9-24 00:10:11] Send cmd [get_cable_paras:40011] OK
[Debug] [2024-9-24 00:10:11] Log::Print : open_cable
[Debug] [2024-9-24 00:10:11] Send RPC: 3.
[Debug] [2024-9-24 00:10:11] Send cmd [open_cable:10001] OK
[Info] [2024-9-24 00:10:11] MsgOut: COMMAND[check version information] execute successfully, takes 0.0 secs.
[Debug] [2024-9-24 00:10:11] COMMAND[check version information] execute successfully, takes 0.0 secs.
[Info] [2024-9-24 00:10:13] MsgOut: The Cable List : 
Cable index 0:USB Cable II/fffffffffffffffe 

[Info] [2024-9-24 00:10:13] MsgOut: COMMAND[get_cable_paras] execute successfully, takes 2.0 secs.
[Debug] [2024-9-24 00:10:13] COMMAND[get_cable_paras] execute successfully, takes 2.0 secs.
[Info] [2024-9-24 00:10:15] MsgOut: PANGO USB CABLE II cable driver: D2XX DLL
[Info] [2024-9-24 00:10:25] MsgOut: COMMAND[open_cable] execute successfully, takes 13.5 secs.
[Debug] [2024-9-24 00:10:25] COMMAND[open_cable] execute successfully, takes 13.5 secs.
[Debug] [2024-9-24 00:10:28] Operation: Program.
[Debug] [2024-9-24 00:10:28] Log::Print : configure
[Debug] [2024-9-24 00:10:28] Send RPC: 4.
[Debug] [2024-9-24 00:10:28] Send cmd [configure:10002] OK
[Debug] [2024-9-24 00:10:28] The value is 6.
[Debug] [2024-9-24 00:10:28] The value is 10.
[Debug] [2024-9-24 00:10:28] The value is 15.
[Debug] [2024-9-24 00:10:28] The value is 20.
[Debug] [2024-9-24 00:10:29] The value is 25.
[Debug] [2024-9-24 00:10:29] The value is 30.
[Debug] [2024-9-24 00:10:29] The value is 35.
[Debug] [2024-9-24 00:10:29] The value is 40.
[Debug] [2024-9-24 00:10:29] The value is 45.
[Debug] [2024-9-24 00:10:29] The value is 50.
[Debug] [2024-9-24 00:10:29] The value is 55.
[Debug] [2024-9-24 00:10:29] The value is 60.
[Debug] [2024-9-24 00:10:29] The value is 65.
[Debug] [2024-9-24 00:10:29] The value is 70.
[Debug] [2024-9-24 00:10:29] The value is 75.
[Debug] [2024-9-24 00:10:29] The value is 80.
[Debug] [2024-9-24 00:10:30] The value is 85.
[Debug] [2024-9-24 00:10:30] The value is 90.
[Debug] [2024-9-24 00:10:30] The value is 95.
[Debug] [2024-9-24 00:10:30] The value is 100.
[Debug] [2024-9-24 00:10:32] [BusValue] Opt:Add.
[Debug] [2024-9-24 00:10:32] [BusValue] Opt:Add.
[Debug] [2024-9-24 00:10:32] [BusValue] Opt:Add.
[Info] [2024-9-24 00:10:32] MsgOut: COMMAND[configure] execute successfully, takes 4.0 secs.
[Debug] [2024-9-24 00:10:32] COMMAND[configure] execute successfully, takes 4.0 secs.
[Debug] [2024-9-24 00:10:32] Log::Print : Import Core: 0 OK
[Debug] [2024-9-24 00:14:28] Operation: Program.
[Debug] [2024-9-24 00:14:28] Log::Print : configure
[Debug] [2024-9-24 00:14:28] Send RPC: 5.
[Debug] [2024-9-24 00:14:28] Send cmd [configure:10002] OK
[Debug] [2024-9-24 00:14:29] The value is 6.
[Debug] [2024-9-24 00:14:29] The value is 10.
[Debug] [2024-9-24 00:14:29] The value is 15.
[Debug] [2024-9-24 00:14:29] The value is 20.
[Debug] [2024-9-24 00:14:29] The value is 25.
[Debug] [2024-9-24 00:14:29] The value is 30.
[Debug] [2024-9-24 00:14:29] The value is 35.
[Debug] [2024-9-24 00:14:29] The value is 40.
[Debug] [2024-9-24 00:14:29] The value is 45.
[Debug] [2024-9-24 00:14:30] The value is 50.
[Debug] [2024-9-24 00:14:30] The value is 55.
[Debug] [2024-9-24 00:14:30] The value is 60.
[Debug] [2024-9-24 00:14:30] The value is 65.
[Debug] [2024-9-24 00:14:30] The value is 70.
[Debug] [2024-9-24 00:14:30] The value is 75.
[Debug] [2024-9-24 00:14:30] The value is 80.
[Debug] [2024-9-24 00:14:30] The value is 85.
[Debug] [2024-9-24 00:14:30] The value is 90.
[Debug] [2024-9-24 00:14:30] The value is 95.
[Debug] [2024-9-24 00:14:30] The value is 100.
[Info] [2024-9-24 00:14:32] MsgOut: COMMAND[configure] execute successfully, takes 3.4 secs.
[Debug] [2024-9-24 00:14:32] COMMAND[configure] execute successfully, takes 3.4 secs.
[Warn] [2024-9-24 00:14:32] MsgOut: Debugger-4002: Core Parse: Trigger Port bus name:video_packet_rec_m0/state exist, fail to import.
[Warn] [2024-9-24 00:14:32] MsgOut: Debugger-4002: Core Parse: Trigger Port bus name:video_packet_rec_m0/data_cnt exist, fail to import.
[Warn] [2024-9-24 00:14:32] MsgOut: Debugger-4002: Core Parse: Trigger Port bus name:video_packet_rec_m0/vs_cnt exist, fail to import.
[Warn] [2024-9-24 00:14:32] MsgOut: Debugger-4002: Core Parse: Bus name:video_packet_rec_m0/state exist, fail to import.
[Warn] [2024-9-24 00:14:32] MsgOut: Debugger-4002: Core Parse: Bus name:video_packet_rec_m0/data_cnt exist, fail to import.
[Warn] [2024-9-24 00:14:32] MsgOut: Debugger-4002: Core Parse: Bus name:video_packet_rec_m0/vs_cnt exist, fail to import.
[Debug] [2024-9-24 00:14:32] Log::Print : Import Core: 0 OK
[Debug] [2024-9-24 00:39:18] Operation: Program.
[Debug] [2024-9-24 00:39:18] Log::Print : configure
[Debug] [2024-9-24 00:39:18] Send RPC: 6.
[Debug] [2024-9-24 00:39:18] Send cmd [configure:10002] OK
[Debug] [2024-9-24 00:39:18] The value is 6.
[Debug] [2024-9-24 00:39:18] The value is 10.
[Debug] [2024-9-24 00:39:18] The value is 15.
[Debug] [2024-9-24 00:39:19] The value is 20.
[Debug] [2024-9-24 00:39:19] The value is 25.
[Debug] [2024-9-24 00:39:19] The value is 30.
[Debug] [2024-9-24 00:39:19] The value is 35.
[Debug] [2024-9-24 00:39:19] The value is 40.
[Debug] [2024-9-24 00:39:19] The value is 45.
[Debug] [2024-9-24 00:39:19] The value is 50.
[Debug] [2024-9-24 00:39:19] The value is 55.
[Debug] [2024-9-24 00:39:19] The value is 60.
[Debug] [2024-9-24 00:39:19] The value is 65.
[Debug] [2024-9-24 00:39:19] The value is 70.
[Debug] [2024-9-24 00:39:19] The value is 75.
[Debug] [2024-9-24 00:39:20] The value is 80.
[Debug] [2024-9-24 00:39:20] The value is 85.
[Debug] [2024-9-24 00:39:20] The value is 90.
[Debug] [2024-9-24 00:39:20] The value is 95.
[Debug] [2024-9-24 00:39:20] The value is 100.
[Info] [2024-9-24 00:39:21] MsgOut: COMMAND[configure] execute successfully, takes 3.4 secs.
[Debug] [2024-9-24 00:39:21] COMMAND[configure] execute successfully, takes 3.4 secs.
[Warn] [2024-9-24 00:39:21] MsgOut: Debugger-4002: Core Parse: Trigger Port bus name:video_packet_rec_m0/state exist, fail to import.
[Warn] [2024-9-24 00:39:21] MsgOut: Debugger-4002: Core Parse: Trigger Port bus name:video_packet_rec_m0/data_cnt exist, fail to import.
[Warn] [2024-9-24 00:39:21] MsgOut: Debugger-4002: Core Parse: Trigger Port bus name:video_packet_rec_m0/vs_cnt exist, fail to import.
[Warn] [2024-9-24 00:39:21] MsgOut: Debugger-4002: Core Parse: Bus name:video_packet_rec_m0/state exist, fail to import.
[Warn] [2024-9-24 00:39:21] MsgOut: Debugger-4002: Core Parse: Bus name:video_packet_rec_m0/data_cnt exist, fail to import.
[Warn] [2024-9-24 00:39:21] MsgOut: Debugger-4002: Core Parse: Bus name:video_packet_rec_m0/vs_cnt exist, fail to import.
[Debug] [2024-9-24 00:39:21] Log::Print : Import Core: 0 OK
[Debug] [2024-9-24 00:39:44] Operation: Trigger.
[Debug] [2024-9-24 00:39:44] Log::Print : run
[Debug] [2024-9-24 00:39:44] Send RPC: 7.
[Debug] [2024-9-24 00:39:44] Send cmd [run:10003] OK
[Debug] [2024-9-24 00:51:09] Operation: Stop trigger.
[Debug] [2024-9-24 00:51:09] Log::Print : stop
[Debug] [2024-9-24 00:51:09] Send RPC: 8.
[Debug] [2024-9-24 00:51:09] Send cmd [stop:10010] OK
[Info] [2024-9-24 00:51:09] MsgOut: COMMAND[stop] execute successfully, takes 0.0 secs.
[Debug] [2024-9-24 00:51:09] COMMAND[stop] execute successfully, takes 0.0 secs.
[Error] [2024-9-24 00:51:09] Fail to exec trigger command.
[Warn] [2024-9-24 00:51:09] cmdid:10003 HandleWarnExec msg:Core 0 is stopped by user
[Debug] [2024-9-24 00:51:09] HandleErrorExec run Show Core:
[Debug] [2024-9-24 00:51:09] /******************** Core Information *************************/
[Debug] [2024-9-24 00:51:09] Core basic info: 
[Debug] [2024-9-24 00:51:09] 	Core version: 0x9001f003
[Debug] [2024-9-24 00:51:09] 	Index: 0
[Debug] [2024-9-24 00:51:09] 	Name: MyFLA0
[Debug] [2024-9-24 00:51:09] 	Core type: 3
[Debug] [2024-9-24 00:51:09] 	Data same as trigger: true
[Debug] [2024-9-24 00:51:09] 	Storage qualification: false
[Debug] [2024-9-24 00:51:09] 	Max data depth: 1000
[Debug] [2024-9-24 00:51:09] 	Sample data width: 25
[Debug] [2024-9-24 00:51:09] 	Trigger sequencer level: 1
[Debug] [2024-9-24 00:51:09] 	Trigger output enabled: false
[Debug] [2024-9-24 00:51:09] 	Multi windows enabled: false
[Debug] [2024-9-24 00:51:09] 	Reset wave property status: false
[Debug] [2024-9-24 00:51:09] Core Property: 
[Debug] [2024-9-24 00:51:09] 	Core version: 0x9001f003
[Debug] [2024-9-24 00:51:09] 	Index: 0
[Debug] [2024-9-24 00:51:09] 	Core type: 3
[Debug] [2024-9-24 00:51:09] 	Data same as trigger: true
[Debug] [2024-9-24 00:51:09] 	Storage qualification: false
[Debug] [2024-9-24 00:51:09] 	Trigger output enabled: false
[Debug] [2024-9-24 00:51:09] 	Multi windows enabled: false
[Debug] [2024-9-24 00:51:09] 	Max data depth: 1000
[Debug] [2024-9-24 00:51:09] 	Sample data width: 25
[Debug] [2024-9-24 00:51:09] 	Trigger sequencer level: 1
[Debug] [2024-9-24 00:51:09] 	Channel num		Match unit num		Match unit type		Counter width		Port is data
[Debug] [2024-9-24 00:51:09] 	Trigger port 0 : 	25	1	1	0	true
[Debug] [2024-9-24 00:51:09] Signals Property: 
[Debug] [2024-9-24 00:51:09] 	Window num: 0
[Debug] [2024-9-24 00:51:09] 	Samples num in window: 0
[Debug] [2024-9-24 00:51:09] 	Trigger time in window: 0
[Debug] [2024-9-24 00:51:09] 	Samples num: 0
[Debug] [2024-9-24 00:51:09] 	Negative time: true
[Debug] [2024-9-24 00:51:09] 	Signal type: 0
[Debug] [2024-9-24 00:51:09] 	Total trigger position: 0
[Debug] [2024-9-24 00:51:09] Storage Style Property: 
[Debug] [2024-9-24 00:51:09] 	Style type: 0
[Debug] [2024-9-24 00:51:09] 	Windows num: 1
[Debug] [2024-9-24 00:51:09] 	Depth per window: 1000
[Debug] [2024-9-24 00:51:09] 	Window position: 800
[Debug] [2024-9-24 00:51:09] 	Samples per trigger: 1000
[Debug] [2024-9-24 00:51:09] 	Storage qualification: All Data
[Debug] [2024-9-24 00:51:09] Data Port: 
[Debug] [2024-9-24 00:51:09] 	Max depth: 0
[Debug] [2024-9-24 00:51:09] 	Depth: 0
[Debug] [2024-9-24 00:51:09] Trigger Port: 
[Debug] [2024-9-24 00:51:09] Trigger Port 0 :
[Debug] [2024-9-24 00:51:09] 	Port index: 0
[Debug] [2024-9-24 00:51:09] 	Match type: 1
[Debug] [2024-9-24 00:51:09] 	Counter width: 0
[Debug] [2024-9-24 00:51:09] 	Is data: true
[Debug] [2024-9-24 00:51:09] Match Unit: 
[Debug] [2024-9-24 00:51:09] Match Unit 0 :
[Debug] [2024-9-24 00:51:09] 	Trigger port index: 0
[Debug] [2024-9-24 00:51:09] 	Value: XXXXXXXXXXXXXXXXXXXXXXXXXXXXXXXXXXXXR
[Debug] [2024-9-24 00:51:09] 	Index: 0
[Debug] [2024-9-24 00:51:09] 	Function: 0
[Debug] [2024-9-24 00:51:09] 	Radix: 0
[Debug] [2024-9-24 00:51:09] 	Counter match event: 0
[Debug] [2024-9-24 00:51:09] 	Counter cycles: 1
[Debug] [2024-9-24 00:51:09] 	Trigger output enabled: true
[Debug] [2024-9-24 00:51:09] 	Range form : 0000000000000000000000000000000000000 to 0000000000000000000000000000000000000
[Debug] [2024-9-24 00:51:09] 	Is tp need deleted: false
[Debug] [2024-9-24 00:51:09] Bus: 
[Debug] [2024-9-24 00:51:09] Bus 0 :
[Debug] [2024-9-24 00:51:09] 	video_packet_rec_m0/state
[Debug] [2024-9-24 00:51:09] Channel Index 0 :	Data Port: 2	Channel name: video_packet_rec_m0/state[0]
[Debug] [2024-9-24 00:51:09] Channel Index 1 :	Data Port: 3	Channel name: video_packet_rec_m0/state[1]
[Debug] [2024-9-24 00:51:09] Channel Index 2 :	Data Port: 4	Channel name: video_packet_rec_m0/state[2]
[Debug] [2024-9-24 00:51:09] Bus 1 :
[Debug] [2024-9-24 00:51:09] 	video_packet_rec_m0/data_cnt
[Debug] [2024-9-24 00:51:09] Channel Index 0 :	Data Port: 5	Channel name: video_packet_rec_m0/data_cnt[0]
[Debug] [2024-9-24 00:51:09] Channel Index 1 :	Data Port: 6	Channel name: video_packet_rec_m0/data_cnt[1]
[Debug] [2024-9-24 00:51:09] Channel Index 2 :	Data Port: 7	Channel name: video_packet_rec_m0/data_cnt[2]
[Debug] [2024-9-24 00:51:09] Channel Index 3 :	Data Port: 8	Channel name: video_packet_rec_m0/data_cnt[3]
[Debug] [2024-9-24 00:51:09] Channel Index 4 :	Data Port: 9	Channel name: video_packet_rec_m0/data_cnt[4]
[Debug] [2024-9-24 00:51:09] Channel Index 5 :	Data Port: a	Channel name: video_packet_rec_m0/data_cnt[5]
[Debug] [2024-9-24 00:51:09] Channel Index 6 :	Data Port: b	Channel name: video_packet_rec_m0/data_cnt[6]
[Debug] [2024-9-24 00:51:09] Channel Index 7 :	Data Port: c	Channel name: video_packet_rec_m0/data_cnt[7]
[Debug] [2024-9-24 00:51:09] Channel Index 8 :	Data Port: d	Channel name: video_packet_rec_m0/data_cnt[8]
[Debug] [2024-9-24 00:51:09] Channel Index 9 :	Data Port: e	Channel name: video_packet_rec_m0/data_cnt[9]
[Debug] [2024-9-24 00:51:09] Channel Index a :	Data Port: f	Channel name: video_packet_rec_m0/data_cnt[10]
[Debug] [2024-9-24 00:51:09] Channel Index b :	Data Port: 10	Channel name: video_packet_rec_m0/data_cnt[11]
[Debug] [2024-9-24 00:51:09] Channel Index c :	Data Port: 11	Channel name: video_packet_rec_m0/data_cnt[12]
[Debug] [2024-9-24 00:51:09] Channel Index d :	Data Port: 12	Channel name: video_packet_rec_m0/data_cnt[13]
[Debug] [2024-9-24 00:51:09] Channel Index e :	Data Port: 13	Channel name: video_packet_rec_m0/data_cnt[14]
[Debug] [2024-9-24 00:51:09] Channel Index f :	Data Port: 14	Channel name: video_packet_rec_m0/data_cnt[15]
[Debug] [2024-9-24 00:51:09] Bus 2 :
[Debug] [2024-9-24 00:51:09] 	video_packet_rec_m0/vs_cnt
[Debug] [2024-9-24 00:51:09] Channel Index 0 :	Data Port: 15	Channel name: video_packet_rec_m0/vs_cnt[0]
[Debug] [2024-9-24 00:51:09] Channel Index 1 :	Data Port: 16	Channel name: video_packet_rec_m0/vs_cnt[1]
[Debug] [2024-9-24 00:51:09] Channel Index 2 :	Data Port: 17	Channel name: video_packet_rec_m0/vs_cnt[2]
[Debug] [2024-9-24 00:51:09] Channel Index 3 :	Data Port: 18	Channel name: video_packet_rec_m0/vs_cnt[3]
[Debug] [2024-9-24 00:51:09] Channel Index 4 :	Data Port: 19	Channel name: video_packet_rec_m0/vs_cnt[4]
[Debug] [2024-9-24 00:51:09] Channel Index 5 :	Data Port: 1a	Channel name: video_packet_rec_m0/vs_cnt[5]
[Debug] [2024-9-24 00:51:09] Channel Index 6 :	Data Port: 1b	Channel name: video_packet_rec_m0/vs_cnt[6]
[Debug] [2024-9-24 00:51:09] Channel Index 7 :	Data Port: 1c	Channel name: video_packet_rec_m0/vs_cnt[7]
[Debug] [2024-9-24 00:51:09] Channel Index 8 :	Data Port: 1d	Channel name: video_packet_rec_m0/vs_cnt[8]
[Debug] [2024-9-24 00:51:09] Channel Index 9 :	Data Port: 1e	Channel name: video_packet_rec_m0/vs_cnt[9]
[Debug] [2024-9-24 00:51:09] Channel Index a :	Data Port: 1f	Channel name: video_packet_rec_m0/vs_cnt[10]
[Debug] [2024-9-24 00:51:09] Channel Index b :	Data Port: 20	Channel name: video_packet_rec_m0/vs_cnt[11]
[Debug] [2024-9-24 00:51:09] Channel Index c :	Data Port: 21	Channel name: video_packet_rec_m0/vs_cnt[12]
[Debug] [2024-9-24 00:51:09] Channel Index d :	Data Port: 22	Channel name: video_packet_rec_m0/vs_cnt[13]
[Debug] [2024-9-24 00:51:09] Channel Index e :	Data Port: 23	Channel name: video_packet_rec_m0/vs_cnt[14]
[Debug] [2024-9-24 00:51:09] Channel Index f :	Data Port: 24	Channel name: video_packet_rec_m0/vs_cnt[15]
[Debug] [2024-9-24 00:51:09] Trigger Condition: 
[Debug] [2024-9-24 00:51:09] Trigger Condition 0 :
[Debug] [2024-9-24 00:51:09] 	Is active: true
[Debug] [2024-9-24 00:51:09] 	Name: TriggerCondition0
[Debug] [2024-9-24 00:51:09] 	Equation: TU0
[Debug] [2024-9-24 00:51:09] 	Output enable type: 0
[Debug] [2024-9-24 00:51:09] 	Trigger condition type: 0
[Debug] [2024-9-24 00:51:09] 	Use contiguous match event: false
[Debug] [2024-9-24 00:51:09] /**************************************************************/
[Warn] [2024-9-24 00:51:09] MsgOut: Debugger-4004: Core 0 is stopped by user.
[Error] [2024-9-24 00:51:09] MsgOut: Debugger-0006: Command run exec unsuccessfully.
[Debug] [2024-9-24 00:51:12] Operation: Program.
[Debug] [2024-9-24 00:51:12] Log::Print : configure
[Debug] [2024-9-24 00:51:12] Send RPC: 9.
[Debug] [2024-9-24 00:51:12] Send cmd [configure:2712] OK
[Debug] [2024-9-24 00:51:12] The value is 6.
[Debug] [2024-9-24 00:51:12] The value is a.
[Debug] [2024-9-24 00:51:12] The value is f.
[Debug] [2024-9-24 00:51:12] The value is 14.
[Debug] [2024-9-24 00:51:12] The value is 19.
[Debug] [2024-9-24 00:51:13] The value is 1e.
[Debug] [2024-9-24 00:51:13] The value is 23.
[Debug] [2024-9-24 00:51:13] The value is 28.
[Debug] [2024-9-24 00:51:13] The value is 2d.
[Debug] [2024-9-24 00:51:13] The value is 32.
[Debug] [2024-9-24 00:51:13] The value is 37.
[Debug] [2024-9-24 00:51:13] The value is 3c.
[Debug] [2024-9-24 00:51:13] The value is 41.
[Debug] [2024-9-24 00:51:13] The value is 46.
[Debug] [2024-9-24 00:51:13] The value is 4b.
[Debug] [2024-9-24 00:51:13] The value is 50.
[Debug] [2024-9-24 00:51:14] The value is 55.
[Debug] [2024-9-24 00:51:14] The value is 5a.
[Debug] [2024-9-24 00:51:14] The value is 5f.
[Debug] [2024-9-24 00:51:14] The value is 64.
[Info] [2024-9-24 00:51:15] MsgOut: COMMAND[configure] execute successfully, takes 3.5 secs.
[Debug] [2024-9-24 00:51:15] COMMAND[configure] execute successfully, takes 3.5 secs.
[Warn] [2024-9-24 00:51:15] MsgOut: Debugger-4002: Core Parse: Trigger Port bus name:video_packet_rec_m0/state exist, fail to import.
[Warn] [2024-9-24 00:51:15] MsgOut: Debugger-4002: Core Parse: Trigger Port bus name:video_packet_rec_m0/data_cnt exist, fail to import.
[Warn] [2024-9-24 00:51:15] MsgOut: Debugger-4002: Core Parse: Trigger Port bus name:video_packet_rec_m0/vs_cnt exist, fail to import.
[Warn] [2024-9-24 00:51:15] MsgOut: Debugger-4002: Core Parse: Bus name:video_packet_rec_m0/state exist, fail to import.
[Warn] [2024-9-24 00:51:15] MsgOut: Debugger-4002: Core Parse: Bus name:video_packet_rec_m0/data_cnt exist, fail to import.
[Warn] [2024-9-24 00:51:15] MsgOut: Debugger-4002: Core Parse: Bus name:video_packet_rec_m0/vs_cnt exist, fail to import.
[Debug] [2024-9-24 00:51:15] Log::Print : Import Core: 0 OK
[Debug] [2024-9-24 00:52:23] Operation: Try to close window.
[Error] [2024-9-24 00:52:23] Server close connect
[Info] [2024-9-24 00:52:23] Disconnect from Server: 127.0.0.1  Port: 65420
