#Build: Fabric Inserter 2022.1, Build 99559, Jul 12 00:20 2022
#Install: D:\pds_2022_1\PDS_2022.1\bin
#Application name: cdt_ins.exe
#OS: Windows 10 10.0.22631
#Hostname: DESKTOP-50P54KS
Generated by Fabric Inserter (version 2022.1 build 99559) at Tue Sep 24 00:06:08 2024
*************************************************************************
*
*  Parsing design. Please be patient as this can take several minutes.
*
*************************************************************************
Compiling architecture definition.
Loading technology operator library.
Compiling technology operator library.
Compiling technology operator (valence) library.
Compiling file 'D:/pds_2022_1/prj/pg_base_1080P_sfp/synthesize/hdmi_ddr_ov5640_top_syn.adf' successful.
Creating module hierarchy.
Collecting net information.
W: Inserter-4014: Value "ture" for synthsis option "PAP_MARK_DEBUG" is invalid, connection info for signal "s00_axi_wdata" is ignored.
W: Inserter-4014: Value "ture" for synthsis option "PAP_MARK_DEBUG" is invalid, connection info for signal "s00_axi_rdata" is ignored.
W: Inserter-4014: Value "ture" for synthsis option "PAP_MARK_DEBUG" is invalid, connection info for signal "read_data" is ignored.
W: Inserter-4014: Value "ture" for synthsis option "PAP_MARK_DEBUG" is invalid, connection info for signal "write_data" is ignored.
W: Inserter-4014: Value "ture" for synthsis option "PAP_MARK_DEBUG" is invalid, connection info for signal "read_en" is ignored.
W: Inserter-4014: Value "ture" for synthsis option "PAP_MARK_DEBUG" is invalid, connection info for signal "write_en" is ignored.
*************************************************************************
*
*  Design Parsing Done.
*
*************************************************************************
Read project 'D:/pds_2022_1/prj/pg_base_1080P_sfp/synthesize/hdmi_ddr_ov5640_top_syn.fic' Successfully.
M_PROCESS_FINISH_STARTED

Successfully Write Project D:/pds_2022_1/prj/pg_base_1080P_sfp/synthesize/hdmi_ddr_ov5640_top_syn.fic.
