IP Generator (Version 2022.1 build 99559)
Check out license ...
Start generating at 2023-04-18 17:50
Instance: uudp_checksum_fifo_drm (D:\pds\PDS_2022.1\prj\final_ov_hdmi_ddr\ipcore\uudp_checksum_fifo_drm\uudp_checksum_fifo_drm.idf)
IP: DRM Based FIFO (1.6)
Part: Logos-PGL50H-FBG484--6
Create directory 'rtl' ...
Copy 'rtl\ipml_fifo_ctrl_v1_3.v' to 'rtl' ...
Copy 'rtl\ipml_fifo_v1_6.v.xml' to 'rtl' ...
Copy 'rtl\ipml_prefetch_fifo_v1_6.v.xml' to 'rtl' ...
Copy 'rtl\ipml_reg_fifo_v1_0.v' to 'rtl' ...
Copy 'rtl\ipml_sdpram_v1_6.v.xml' to 'rtl' ...
Compile file 'rtl\ipml_sdpram_v1_6.v.xml' to 'rtl\ipml_sdpram_v1_6_uudp_checksum_fifo_drm.v' ...
Compile file 'rtl\ipml_fifo_v1_6.v.xml' to 'rtl\ipml_fifo_v1_6_uudp_checksum_fifo_drm.v' ...
Compile file 'rtl\ipml_prefetch_fifo_v1_6.v.xml' to 'rtl\ipml_prefetch_fifo_v1_6_uudp_checksum_fifo_drm.v' ...
Copy 'ipml_fifo_wrapper_v1_6.v.xml' ...
Compile file 'ipml_fifo_wrapper_v1_6.v.xml' to 'uudp_checksum_fifo_drm.v' ...
Found top module 'uudp_checksum_fifo_drm' in file 'uudp_checksum_fifo_drm.v'.
Copy 'ipml_prefetch_fifo_wrapper_v1_6.v.xml' ...
Compile file 'ipml_prefetch_fifo_wrapper_v1_6.v.xml' to 'uudp_checksum_fifo_drm_prefetch.v' ...
Copy 'ipml_fifo_wrapper_v1_3_tb.v.xml' ...
Compile file 'ipml_fifo_wrapper_v1_3_tb.v.xml' to 'uudp_checksum_fifo_drm_tb.v' ...
Create template file 'uudp_checksum_fifo_drm_tmpl.v' ...
Create template file 'uudp_checksum_fifo_drm_tmpl.vhdl' ...
There are 4 source files to synthesize.
Synthesis is disabled.
Done: 0 error(s), 0 warning(s)
