#Build: Fabric Compiler 2022.1, Build 99559, Jul 12 00:20 2022
#Install: D:\pds2022_1\PDS_2022.1\bin
#Application name: pds_shell.exe
#OS: Windows 10 10.0.22631
#Hostname: DESKTOP-ORSLCSS
Generated by Fabric Compiler (version 2022.1 build 99559) at Thu Oct 17 23:16:28 2024
Compiling verification operator library.
Compiling common defs.
Loading technology operator library.
Compiling technology operator library.
Compiling technology operator (valence) library.
Compiling operator packing rules.
Compiling prim grid devices.
Compiling gate devices.
Compiling gate operators.
Compiling tech operator impls.
Building architecture model.
Loading device packaging model.
Reading design from translate DB.
License checkout: fabric_inserter
W: Inserter-4014: Value "ture" for synthsis option "PAP_MARK_DEBUG" is invalid, connection info for signal "s00_axi_rdata" is ignored.
W: Inserter-4014: Value "ture" for synthsis option "PAP_MARK_DEBUG" is invalid, connection info for signal "s00_axi_wdata" is ignored.
W: Inserter-4014: Value "ture" for synthsis option "PAP_MARK_DEBUG" is invalid, connection info for signal "write_data" is ignored.
W: Inserter-4014: Value "ture" for synthsis option "PAP_MARK_DEBUG" is invalid, connection info for signal "read_data" is ignored.
W: Inserter-4014: Value "ture" for synthsis option "PAP_MARK_DEBUG" is invalid, connection info for signal "read_en" is ignored.
W: Inserter-4014: Value "ture" for synthsis option "PAP_MARK_DEBUG" is invalid, connection info for signal "write_en" is ignored.
Generating cores. Please be patient as this can take several minutes...
  >Generating core DebugCore0...
  >Running ADS for debugcore...
  >Making net connections...
Core Insertion Complete.
C: SDC-2025: Clock source 'n:tx_clk' need a clock constraint, please use 'create_clock' or 'create_generate_clock' to generate.
C: SDC-2025: Clock source 'n:coms1_reg_config/clock_20k' need a clock constraint, please use 'create_clock' or 'create_generate_clock' to generate.
Flattening design 'hdmi_ddr_ov5640_top'
W: Public-4008: Instance 'u_CORES/u_debug_core_0/u_hub_data_decode/conf_rden[1]' of 'GTP_DFF_C' unit is dangling and will be cleaned.
W: Public-4008: Instance 'u_CORES/u_debug_core_0/u_hub_data_decode/conf_rden[2]' of 'GTP_DFF_C' unit is dangling and will be cleaned.
W: Public-4008: Instance 'u_CORES/u_debug_core_0/u_hub_data_decode/conf_rden[3]' of 'GTP_DFF_C' unit is dangling and will be cleaned.
W: Public-4008: Instance 'u_CORES/u_debug_core_0/u_hub_data_decode/conf_rden[4]' of 'GTP_DFF_C' unit is dangling and will be cleaned.
W: Public-4008: Instance 'u_CORES/u_debug_core_0/u_hub_data_decode/conf_rden[5]' of 'GTP_DFF_C' unit is dangling and will be cleaned.
W: Public-4008: Instance 'u_CORES/u_debug_core_0/u_hub_data_decode/conf_rden[6]' of 'GTP_DFF_C' unit is dangling and will be cleaned.
W: Public-4008: Instance 'u_CORES/u_debug_core_0/u_hub_data_decode/conf_rden[7]' of 'GTP_DFF_C' unit is dangling and will be cleaned.
W: Public-4008: Instance 'u_CORES/u_debug_core_0/u_hub_data_decode/conf_rden[8]' of 'GTP_DFF_C' unit is dangling and will be cleaned.
W: Public-4008: Instance 'u_CORES/u_debug_core_0/u_hub_data_decode/conf_rden[9]' of 'GTP_DFF_C' unit is dangling and will be cleaned.
W: Public-4008: Instance 'u_CORES/u_debug_core_0/u_hub_data_decode/conf_rden[10]' of 'GTP_DFF_C' unit is dangling and will be cleaned.
W: Public-4008: Instance 'u_CORES/u_debug_core_0/u_hub_data_decode/conf_rden[11]' of 'GTP_DFF_C' unit is dangling and will be cleaned.
W: Public-4008: Instance 'u_CORES/u_debug_core_0/u_hub_data_decode/conf_rden[12]' of 'GTP_DFF_C' unit is dangling and will be cleaned.
W: Public-4008: Instance 'u_CORES/u_debug_core_0/u_hub_data_decode/conf_rden[13]' of 'GTP_DFF_C' unit is dangling and will be cleaned.
W: Public-4008: Instance 'u_CORES/u_debug_core_0/u_hub_data_decode/conf_rden[14]' of 'GTP_DFF_C' unit is dangling and will be cleaned.
W: Public-4008: Instance 'u_CORES/u_debug_core_0/u_hub_data_decode/conf_rden[15]' of 'GTP_DFF_C' unit is dangling and will be cleaned.
W: Public-4008: Instance 'u_CORES/u_debug_core_0/u_hub_data_decode/conf_rden[17]' of 'GTP_DFF_C' unit is dangling and will be cleaned.
W: Public-4008: Instance 'u_CORES/u_debug_core_0/u_hub_data_decode/conf_rden[19]' of 'GTP_DFF_C' unit is dangling and will be cleaned.
W: Public-4008: Instance 'u_CORES/u_debug_core_0/u_hub_data_decode/conf_sel_int[1]' of 'GTP_DFF_C' unit is dangling and will be cleaned.
W: Public-4008: Instance 'u_CORES/u_debug_core_0/u_hub_data_decode/conf_sel_int[2]' of 'GTP_DFF_C' unit is dangling and will be cleaned.
W: Public-4008: Instance 'u_CORES/u_debug_core_0/u_hub_data_decode/conf_sel_int[3]' of 'GTP_DFF_C' unit is dangling and will be cleaned.
W: Public-4008: Instance 'u_CORES/u_debug_core_0/u_hub_data_decode/conf_sel_int[4]' of 'GTP_DFF_C' unit is dangling and will be cleaned.
W: Public-4008: Instance 'u_CORES/u_debug_core_0/u_hub_data_decode/conf_sel_int[5]' of 'GTP_DFF_C' unit is dangling and will be cleaned.
W: Public-4008: Instance 'u_CORES/u_debug_core_0/u_hub_data_decode/conf_sel_int[6]' of 'GTP_DFF_C' unit is dangling and will be cleaned.
W: Public-4008: Instance 'u_CORES/u_debug_core_0/u_hub_data_decode/conf_sel_int[7]' of 'GTP_DFF_C' unit is dangling and will be cleaned.
W: Public-4008: Instance 'u_CORES/u_debug_core_0/u_hub_data_decode/conf_sel_int[8]' of 'GTP_DFF_C' unit is dangling and will be cleaned.
W: Public-4008: Instance 'u_CORES/u_debug_core_0/u_hub_data_decode/conf_sel_int[9]' of 'GTP_DFF_C' unit is dangling and will be cleaned.
W: Public-4008: Instance 'u_CORES/u_debug_core_0/u_hub_data_decode/conf_sel_int[10]' of 'GTP_DFF_C' unit is dangling and will be cleaned.
W: Public-4008: Instance 'u_CORES/u_debug_core_0/u_hub_data_decode/conf_sel_int[11]' of 'GTP_DFF_C' unit is dangling and will be cleaned.
W: Public-4008: Instance 'u_CORES/u_debug_core_0/u_hub_data_decode/conf_sel_int[12]' of 'GTP_DFF_C' unit is dangling and will be cleaned.
W: Public-4008: Instance 'u_CORES/u_debug_core_0/u_hub_data_decode/conf_sel_int[13]' of 'GTP_DFF_C' unit is dangling and will be cleaned.
W: Public-4008: Instance 'u_CORES/u_debug_core_0/u_hub_data_decode/conf_sel_int[14]' of 'GTP_DFF_C' unit is dangling and will be cleaned.
W: Public-4008: Instance 'u_CORES/u_debug_core_0/u_hub_data_decode/conf_sel_int[15]' of 'GTP_DFF_C' unit is dangling and will be cleaned.
W: Public-4008: Instance 'u_CORES/u_debug_core_0/u_hub_data_decode/conf_sel_int[17]' of 'GTP_DFF_C' unit is dangling and will be cleaned.
W: Public-4008: Instance 'u_CORES/u_debug_core_0/u_hub_data_decode/conf_sel_int[19]' of 'GTP_DFF_C' unit is dangling and will be cleaned.
Device mapping started.
Optimizing circuit logic.
W: Public-4008: Instance 'cmos2_d_d0[0]' of 'GTP_DFF' unit is dangling and will be cleaned.
W: Public-4008: Instance 'cmos2_d_d0[1]' of 'GTP_DFF' unit is dangling and will be cleaned.
W: Public-4008: Instance 'cmos2_d_d0[2]' of 'GTP_DFF' unit is dangling and will be cleaned.
W: Public-4008: Instance 'cmos2_d_d0[3]' of 'GTP_DFF' unit is dangling and will be cleaned.
W: Public-4008: Instance 'cmos2_d_d0[4]' of 'GTP_DFF' unit is dangling and will be cleaned.
W: Public-4008: Instance 'cmos2_d_d0[5]' of 'GTP_DFF' unit is dangling and will be cleaned.
W: Public-4008: Instance 'cmos2_d_d0[6]' of 'GTP_DFF' unit is dangling and will be cleaned.
W: Public-4008: Instance 'cmos2_d_d0[7]' of 'GTP_DFF' unit is dangling and will be cleaned.
W: Public-4008: Instance 'cmos2_href_d0' of 'GTP_DFF' unit is dangling and will be cleaned.
W: Public-4008: Instance 'cmos2_vsync_d0' of 'GTP_DFF' unit is dangling and will be cleaned.
W: Public-4008: Instance 'cmos2_8_16bit/cnt[0]' of 'GTP_DFF_RE' unit is dangling and will be cleaned.
W: Public-4008: Instance 'cmos2_8_16bit/cnt[1]' of 'GTP_DFF_RE' unit is dangling and will be cleaned.
W: Public-4008: Instance 'cmos2_8_16bit/de_i_r' of 'GTP_DFF' unit is dangling and will be cleaned.
W: Public-4008: Instance 'cmos2_8_16bit/de_i_r1' of 'GTP_DFF' unit is dangling and will be cleaned.
W: Public-4008: Instance 'cmos2_8_16bit/de_o' of 'GTP_DFF' unit is dangling and will be cleaned.
W: Public-4008: Instance 'cmos2_8_16bit/de_out1' of 'GTP_DFF' unit is dangling and will be cleaned.
W: Public-4008: Instance 'cmos2_8_16bit/de_out2' of 'GTP_DFF' unit is dangling and will be cleaned.
W: Public-4008: Instance 'cmos2_8_16bit/de_out3' of 'GTP_DFF' unit is dangling and will be cleaned.
W: Public-4008: Instance 'cmos2_8_16bit/enble' of 'GTP_DFF' unit is dangling and will be cleaned.
W: Public-4008: Instance 'cmos2_8_16bit/pdata_i_reg[0]' of 'GTP_DFF_RE' unit is dangling and will be cleaned.
W: Public-4008: Instance 'cmos2_8_16bit/pdata_i_reg[1]' of 'GTP_DFF_RE' unit is dangling and will be cleaned.
W: Public-4008: Instance 'cmos2_8_16bit/pdata_i_reg[2]' of 'GTP_DFF_RE' unit is dangling and will be cleaned.
W: Public-4008: Instance 'cmos2_8_16bit/pdata_i_reg[3]' of 'GTP_DFF_RE' unit is dangling and will be cleaned.
W: Public-4008: Instance 'cmos2_8_16bit/pdata_i_reg[4]' of 'GTP_DFF_RE' unit is dangling and will be cleaned.
W: Public-4008: Instance 'cmos2_8_16bit/pdata_i_reg[5]' of 'GTP_DFF_RE' unit is dangling and will be cleaned.
W: Public-4008: Instance 'cmos2_8_16bit/pdata_i_reg[6]' of 'GTP_DFF_RE' unit is dangling and will be cleaned.
W: Public-4008: Instance 'cmos2_8_16bit/pdata_i_reg[7]' of 'GTP_DFF_RE' unit is dangling and will be cleaned.
W: Public-4008: Instance 'cmos2_8_16bit/pdata_o[0]' of 'GTP_DFF' unit is dangling and will be cleaned.
W: Public-4008: Instance 'cmos2_8_16bit/pdata_o[1]' of 'GTP_DFF' unit is dangling and will be cleaned.
W: Public-4008: Instance 'cmos2_8_16bit/pdata_o[2]' of 'GTP_DFF' unit is dangling and will be cleaned.
W: Public-4008: Instance 'cmos2_8_16bit/pdata_o[3]' of 'GTP_DFF' unit is dangling and will be cleaned.
W: Public-4008: Instance 'cmos2_8_16bit/pdata_o[4]' of 'GTP_DFF' unit is dangling and will be cleaned.
W: Public-4008: Instance 'cmos2_8_16bit/pdata_o[5]' of 'GTP_DFF' unit is dangling and will be cleaned.
W: Public-4008: Instance 'cmos2_8_16bit/pdata_o[6]' of 'GTP_DFF' unit is dangling and will be cleaned.
W: Public-4008: Instance 'cmos2_8_16bit/pdata_o[7]' of 'GTP_DFF' unit is dangling and will be cleaned.
W: Public-4008: Instance 'cmos2_8_16bit/pdata_o[8]' of 'GTP_DFF' unit is dangling and will be cleaned.
W: Public-4008: Instance 'cmos2_8_16bit/pdata_o[9]' of 'GTP_DFF' unit is dangling and will be cleaned.
W: Public-4008: Instance 'cmos2_8_16bit/pdata_o[10]' of 'GTP_DFF' unit is dangling and will be cleaned.
W: Public-4008: Instance 'cmos2_8_16bit/pdata_o[11]' of 'GTP_DFF' unit is dangling and will be cleaned.
W: Public-4008: Instance 'cmos2_8_16bit/pdata_o[12]' of 'GTP_DFF' unit is dangling and will be cleaned.
W: Public-4008: Instance 'cmos2_8_16bit/pdata_o[13]' of 'GTP_DFF' unit is dangling and will be cleaned.
W: Public-4008: Instance 'cmos2_8_16bit/pdata_o[14]' of 'GTP_DFF' unit is dangling and will be cleaned.
W: Public-4008: Instance 'cmos2_8_16bit/pdata_o[15]' of 'GTP_DFF' unit is dangling and will be cleaned.
W: Public-4008: Instance 'cmos2_8_16bit/pdata_out1[0]' of 'GTP_DFF_RE' unit is dangling and will be cleaned.
W: Public-4008: Instance 'cmos2_8_16bit/pdata_out1[1]' of 'GTP_DFF_RE' unit is dangling and will be cleaned.
W: Public-4008: Instance 'cmos2_8_16bit/pdata_out1[2]' of 'GTP_DFF_RE' unit is dangling and will be cleaned.
W: Public-4008: Instance 'cmos2_8_16bit/pdata_out1[3]' of 'GTP_DFF_RE' unit is dangling and will be cleaned.
W: Public-4008: Instance 'cmos2_8_16bit/pdata_out1[4]' of 'GTP_DFF_RE' unit is dangling and will be cleaned.
W: Public-4008: Instance 'cmos2_8_16bit/pdata_out1[5]' of 'GTP_DFF_RE' unit is dangling and will be cleaned.
W: Public-4008: Instance 'cmos2_8_16bit/pdata_out1[6]' of 'GTP_DFF_RE' unit is dangling and will be cleaned.
W: Public-4008: Instance 'cmos2_8_16bit/pdata_out1[7]' of 'GTP_DFF_RE' unit is dangling and will be cleaned.
W: Public-4008: Instance 'cmos2_8_16bit/pdata_out1[8]' of 'GTP_DFF_RE' unit is dangling and will be cleaned.
W: Public-4008: Instance 'cmos2_8_16bit/pdata_out1[9]' of 'GTP_DFF_RE' unit is dangling and will be cleaned.
W: Public-4008: Instance 'cmos2_8_16bit/pdata_out1[10]' of 'GTP_DFF_RE' unit is dangling and will be cleaned.
W: Public-4008: Instance 'cmos2_8_16bit/pdata_out1[11]' of 'GTP_DFF_RE' unit is dangling and will be cleaned.
W: Public-4008: Instance 'cmos2_8_16bit/pdata_out1[12]' of 'GTP_DFF_RE' unit is dangling and will be cleaned.
W: Public-4008: Instance 'cmos2_8_16bit/pdata_out1[13]' of 'GTP_DFF_RE' unit is dangling and will be cleaned.
W: Public-4008: Instance 'cmos2_8_16bit/pdata_out1[14]' of 'GTP_DFF_RE' unit is dangling and will be cleaned.
W: Public-4008: Instance 'cmos2_8_16bit/pdata_out1[15]' of 'GTP_DFF_RE' unit is dangling and will be cleaned.
W: Public-4008: Instance 'cmos2_8_16bit/pdata_out2[0]' of 'GTP_DFF' unit is dangling and will be cleaned.
W: Public-4008: Instance 'cmos2_8_16bit/pdata_out2[1]' of 'GTP_DFF' unit is dangling and will be cleaned.
W: Public-4008: Instance 'cmos2_8_16bit/pdata_out2[2]' of 'GTP_DFF' unit is dangling and will be cleaned.
W: Public-4008: Instance 'cmos2_8_16bit/pdata_out2[3]' of 'GTP_DFF' unit is dangling and will be cleaned.
W: Public-4008: Instance 'cmos2_8_16bit/pdata_out2[4]' of 'GTP_DFF' unit is dangling and will be cleaned.
W: Public-4008: Instance 'cmos2_8_16bit/pdata_out2[5]' of 'GTP_DFF' unit is dangling and will be cleaned.
W: Public-4008: Instance 'cmos2_8_16bit/pdata_out2[6]' of 'GTP_DFF' unit is dangling and will be cleaned.
W: Public-4008: Instance 'cmos2_8_16bit/pdata_out2[7]' of 'GTP_DFF' unit is dangling and will be cleaned.
W: Public-4008: Instance 'cmos2_8_16bit/pdata_out2[8]' of 'GTP_DFF' unit is dangling and will be cleaned.
W: Public-4008: Instance 'cmos2_8_16bit/pdata_out2[9]' of 'GTP_DFF' unit is dangling and will be cleaned.
W: Public-4008: Instance 'cmos2_8_16bit/pdata_out2[10]' of 'GTP_DFF' unit is dangling and will be cleaned.
W: Public-4008: Instance 'cmos2_8_16bit/pdata_out2[11]' of 'GTP_DFF' unit is dangling and will be cleaned.
W: Public-4008: Instance 'cmos2_8_16bit/pdata_out2[12]' of 'GTP_DFF' unit is dangling and will be cleaned.
W: Public-4008: Instance 'cmos2_8_16bit/pdata_out2[13]' of 'GTP_DFF' unit is dangling and will be cleaned.
W: Public-4008: Instance 'cmos2_8_16bit/pdata_out2[14]' of 'GTP_DFF' unit is dangling and will be cleaned.
W: Public-4008: Instance 'cmos2_8_16bit/pdata_out2[15]' of 'GTP_DFF' unit is dangling and will be cleaned.
W: Public-4008: Instance 'cmos2_8_16bit/pdata_out3[0]' of 'GTP_DFF' unit is dangling and will be cleaned.
W: Public-4008: Instance 'cmos2_8_16bit/pdata_out3[1]' of 'GTP_DFF' unit is dangling and will be cleaned.
W: Public-4008: Instance 'cmos2_8_16bit/pdata_out3[2]' of 'GTP_DFF' unit is dangling and will be cleaned.
W: Public-4008: Instance 'cmos2_8_16bit/pdata_out3[3]' of 'GTP_DFF' unit is dangling and will be cleaned.
W: Public-4008: Instance 'cmos2_8_16bit/pdata_out3[4]' of 'GTP_DFF' unit is dangling and will be cleaned.
W: Public-4008: Instance 'cmos2_8_16bit/pdata_out3[5]' of 'GTP_DFF' unit is dangling and will be cleaned.
W: Public-4008: Instance 'cmos2_8_16bit/pdata_out3[6]' of 'GTP_DFF' unit is dangling and will be cleaned.
W: Public-4008: Instance 'cmos2_8_16bit/pdata_out3[7]' of 'GTP_DFF' unit is dangling and will be cleaned.
W: Public-4008: Instance 'cmos2_8_16bit/pdata_out3[8]' of 'GTP_DFF' unit is dangling and will be cleaned.
W: Public-4008: Instance 'cmos2_8_16bit/pdata_out3[9]' of 'GTP_DFF' unit is dangling and will be cleaned.
W: Public-4008: Instance 'cmos2_8_16bit/pdata_out3[10]' of 'GTP_DFF' unit is dangling and will be cleaned.
W: Public-4008: Instance 'cmos2_8_16bit/pdata_out3[11]' of 'GTP_DFF' unit is dangling and will be cleaned.
W: Public-4008: Instance 'cmos2_8_16bit/pdata_out3[12]' of 'GTP_DFF' unit is dangling and will be cleaned.
W: Public-4008: Instance 'cmos2_8_16bit/pdata_out3[13]' of 'GTP_DFF' unit is dangling and will be cleaned.
W: Public-4008: Instance 'cmos2_8_16bit/pdata_out3[14]' of 'GTP_DFF' unit is dangling and will be cleaned.
W: Public-4008: Instance 'cmos2_8_16bit/pdata_out3[15]' of 'GTP_DFF' unit is dangling and will be cleaned.
W: Public-4008: Instance 'cmos2_8_16bit/vs_i_reg' of 'GTP_DFF' unit is dangling and will be cleaned.
W: Public-4008: Instance 'ms72xx_ctl/ms7200_ctl/freq_rec[0]' of 'GTP_DFF_RE' unit is dangling and will be cleaned.
W: Public-4008: Instance 'ms72xx_ctl/ms7200_ctl/freq_rec[1]' of 'GTP_DFF_RE' unit is dangling and will be cleaned.
W: Public-4008: Instance 'ms72xx_ctl/ms7200_ctl/freq_rec_1d[0]' of 'GTP_DFF' unit is dangling and will be cleaned.
W: Public-4008: Instance 'ms72xx_ctl/ms7200_ctl/freq_rec_1d[1]' of 'GTP_DFF' unit is dangling and will be cleaned.
W: Public-4008: Instance 'ms72xx_ctl/ms7200_ctl/freq_rec_1d[2]' of 'GTP_DFF' unit is dangling and will be cleaned.
W: Public-4008: Instance 'ms72xx_ctl/ms7200_ctl/freq_rec_1d[3]' of 'GTP_DFF' unit is dangling and will be cleaned.
W: Public-4008: Instance 'ms72xx_ctl/ms7200_ctl/freq_rec_1d[4]' of 'GTP_DFF' unit is dangling and will be cleaned.
W: Public-4008: Instance 'ms72xx_ctl/ms7200_ctl/freq_rec_1d[5]' of 'GTP_DFF' unit is dangling and will be cleaned.
W: Public-4008: Instance 'ms72xx_ctl/ms7200_ctl/freq_rec_1d[6]' of 'GTP_DFF' unit is dangling and will be cleaned.
W: Public-4008: Instance 'ms72xx_ctl/ms7200_ctl/freq_rec_1d[7]' of 'GTP_DFF' unit is dangling and will be cleaned.
W: Public-4008: Instance 'ms72xx_ctl/ms7200_ctl/freq_rec_1d[8]' of 'GTP_DFF' unit is dangling and will be cleaned.
W: Public-4008: Instance 'ms72xx_ctl/ms7200_ctl/freq_rec_1d[9]' of 'GTP_DFF' unit is dangling and will be cleaned.
W: Public-4008: Instance 'ms72xx_ctl/ms7200_ctl/freq_rec_1d[10]' of 'GTP_DFF' unit is dangling and will be cleaned.
W: Public-4008: Instance 'ms72xx_ctl/ms7200_ctl/freq_rec_1d[11]' of 'GTP_DFF' unit is dangling and will be cleaned.
W: Public-4008: Instance 'ms72xx_ctl/ms7200_ctl/freq_rec_1d[12]' of 'GTP_DFF' unit is dangling and will be cleaned.
W: Public-4008: Instance 'ms72xx_ctl/ms7200_ctl/freq_rec_1d[13]' of 'GTP_DFF' unit is dangling and will be cleaned.
W: Public-4008: Instance 'ms72xx_ctl/ms7200_ctl/freq_rec_1d[14]' of 'GTP_DFF' unit is dangling and will be cleaned.
W: Public-4008: Instance 'ms72xx_ctl/ms7200_ctl/freq_rec_1d[15]' of 'GTP_DFF' unit is dangling and will be cleaned.
W: Public-4008: Instance 'ms72xx_ctl/ms7200_ctl/freq_rec_1d[18]' of 'GTP_DFF' unit is dangling and will be cleaned.
W: Public-4008: Instance 'ms72xx_ctl/ms7200_ctl/freq_rec_1d[19]' of 'GTP_DFF' unit is dangling and will be cleaned.
W: Public-4008: Instance 'ms72xx_ctl/ms7200_ctl/freq_rec_1d[20]' of 'GTP_DFF' unit is dangling and will be cleaned.
W: Public-4008: Instance 'ms72xx_ctl/ms7200_ctl/freq_rec_1d[21]' of 'GTP_DFF' unit is dangling and will be cleaned.
W: Public-4008: Instance 'ms72xx_ctl/ms7200_ctl/freq_rec_1d[22]' of 'GTP_DFF' unit is dangling and will be cleaned.
W: Public-4008: Instance 'ms72xx_ctl/ms7200_ctl/freq_rec_1d[23]' of 'GTP_DFF' unit is dangling and will be cleaned.
W: Public-4008: Instance 'ms72xx_ctl/ms7200_ctl/freq_rec_1d[24]' of 'GTP_DFF' unit is dangling and will be cleaned.
W: Public-4008: Instance 'ms72xx_ctl/ms7200_ctl/freq_rec_1d[25]' of 'GTP_DFF' unit is dangling and will be cleaned.
W: Public-4008: Instance 'ms72xx_ctl/ms7200_ctl/freq_rec_1d[26]' of 'GTP_DFF' unit is dangling and will be cleaned.
W: Public-4008: Instance 'ms72xx_ctl/ms7200_ctl/freq_rec_1d[27]' of 'GTP_DFF' unit is dangling and will be cleaned.
W: Public-4008: Instance 'ms72xx_ctl/ms7200_ctl/freq_rec_1d[28]' of 'GTP_DFF' unit is dangling and will be cleaned.
W: Public-4008: Instance 'ms72xx_ctl/ms7200_ctl/freq_rec_1d[29]' of 'GTP_DFF' unit is dangling and will be cleaned.
W: Public-4008: Instance 'ms72xx_ctl/ms7200_ctl/freq_rec_1d[30]' of 'GTP_DFF' unit is dangling and will be cleaned.
W: Public-4008: Instance 'ms72xx_ctl/ms7200_ctl/freq_rec_1d[31]' of 'GTP_DFF' unit is dangling and will be cleaned.
W: Public-4008: Instance 'ms72xx_ctl/ms7200_ctl/freq_rec[2]' of 'GTP_DFF_RE' unit is dangling and will be cleaned.
W: Public-4008: Instance 'ms72xx_ctl/ms7200_ctl/freq_rec_2d[0]' of 'GTP_DFF_E' unit is dangling and will be cleaned.
W: Public-4008: Instance 'ms72xx_ctl/ms7200_ctl/freq_rec_2d[1]' of 'GTP_DFF_E' unit is dangling and will be cleaned.
W: Public-4008: Instance 'ms72xx_ctl/ms7200_ctl/freq_rec_2d[2]' of 'GTP_DFF_E' unit is dangling and will be cleaned.
W: Public-4008: Instance 'ms72xx_ctl/ms7200_ctl/freq_rec_2d[3]' of 'GTP_DFF_E' unit is dangling and will be cleaned.
W: Public-4008: Instance 'ms72xx_ctl/ms7200_ctl/freq_rec_2d[4]' of 'GTP_DFF_E' unit is dangling and will be cleaned.
W: Public-4008: Instance 'ms72xx_ctl/ms7200_ctl/freq_rec_2d[5]' of 'GTP_DFF_E' unit is dangling and will be cleaned.
W: Public-4008: Instance 'ms72xx_ctl/ms7200_ctl/freq_rec_2d[6]' of 'GTP_DFF_E' unit is dangling and will be cleaned.
W: Public-4008: Instance 'ms72xx_ctl/ms7200_ctl/freq_rec_2d[7]' of 'GTP_DFF_E' unit is dangling and will be cleaned.
W: Public-4008: Instance 'ms72xx_ctl/ms7200_ctl/freq_rec_2d[8]' of 'GTP_DFF_E' unit is dangling and will be cleaned.
W: Public-4008: Instance 'ms72xx_ctl/ms7200_ctl/freq_rec_2d[9]' of 'GTP_DFF_E' unit is dangling and will be cleaned.
W: Public-4008: Instance 'ms72xx_ctl/ms7200_ctl/freq_rec_2d[10]' of 'GTP_DFF_E' unit is dangling and will be cleaned.
W: Public-4008: Instance 'ms72xx_ctl/ms7200_ctl/freq_rec_2d[11]' of 'GTP_DFF_E' unit is dangling and will be cleaned.
W: Public-4008: Instance 'ms72xx_ctl/ms7200_ctl/freq_rec_2d[12]' of 'GTP_DFF_E' unit is dangling and will be cleaned.
W: Public-4008: Instance 'ms72xx_ctl/ms7200_ctl/freq_rec_2d[13]' of 'GTP_DFF_E' unit is dangling and will be cleaned.
W: Public-4008: Instance 'ms72xx_ctl/ms7200_ctl/freq_rec_2d[14]' of 'GTP_DFF_E' unit is dangling and will be cleaned.
W: Public-4008: Instance 'ms72xx_ctl/ms7200_ctl/freq_rec_2d[15]' of 'GTP_DFF_E' unit is dangling and will be cleaned.
W: Public-4008: Instance 'ms72xx_ctl/ms7200_ctl/freq_rec_2d[18]' of 'GTP_DFF_E' unit is dangling and will be cleaned.
W: Public-4008: Instance 'ms72xx_ctl/ms7200_ctl/freq_rec_2d[19]' of 'GTP_DFF_E' unit is dangling and will be cleaned.
W: Public-4008: Instance 'ms72xx_ctl/ms7200_ctl/freq_rec_2d[20]' of 'GTP_DFF_E' unit is dangling and will be cleaned.
W: Public-4008: Instance 'ms72xx_ctl/ms7200_ctl/freq_rec_2d[21]' of 'GTP_DFF_E' unit is dangling and will be cleaned.
W: Public-4008: Instance 'ms72xx_ctl/ms7200_ctl/freq_rec_2d[22]' of 'GTP_DFF_E' unit is dangling and will be cleaned.
W: Public-4008: Instance 'ms72xx_ctl/ms7200_ctl/freq_rec_2d[23]' of 'GTP_DFF_E' unit is dangling and will be cleaned.
W: Public-4008: Instance 'ms72xx_ctl/ms7200_ctl/freq_rec_2d[24]' of 'GTP_DFF_E' unit is dangling and will be cleaned.
W: Public-4008: Instance 'ms72xx_ctl/ms7200_ctl/freq_rec_2d[25]' of 'GTP_DFF_E' unit is dangling and will be cleaned.
W: Public-4008: Instance 'ms72xx_ctl/ms7200_ctl/freq_rec_2d[26]' of 'GTP_DFF_E' unit is dangling and will be cleaned.
W: Public-4008: Instance 'ms72xx_ctl/ms7200_ctl/freq_rec_2d[27]' of 'GTP_DFF_E' unit is dangling and will be cleaned.
W: Public-4008: Instance 'ms72xx_ctl/ms7200_ctl/freq_rec_2d[28]' of 'GTP_DFF_E' unit is dangling and will be cleaned.
W: Public-4008: Instance 'ms72xx_ctl/ms7200_ctl/freq_rec_2d[29]' of 'GTP_DFF_E' unit is dangling and will be cleaned.
W: Public-4008: Instance 'ms72xx_ctl/ms7200_ctl/freq_rec_2d[30]' of 'GTP_DFF_E' unit is dangling and will be cleaned.
W: Public-4008: Instance 'ms72xx_ctl/ms7200_ctl/freq_rec_2d[31]' of 'GTP_DFF_E' unit is dangling and will be cleaned.
W: Public-4008: Instance 'ms72xx_ctl/ms7200_ctl/freq_rec[3]' of 'GTP_DFF_RE' unit is dangling and will be cleaned.
W: Public-4008: Instance 'ms72xx_ctl/ms7200_ctl/freq_rec[4]' of 'GTP_DFF_RE' unit is dangling and will be cleaned.
W: Public-4008: Instance 'ms72xx_ctl/ms7200_ctl/freq_rec[5]' of 'GTP_DFF_RE' unit is dangling and will be cleaned.
W: Public-4008: Instance 'ms72xx_ctl/ms7200_ctl/freq_rec[6]' of 'GTP_DFF_RE' unit is dangling and will be cleaned.
W: Public-4008: Instance 'ms72xx_ctl/ms7200_ctl/freq_rec[7]' of 'GTP_DFF_RE' unit is dangling and will be cleaned.
W: Public-4008: Instance 'ms72xx_ctl/ms7200_ctl/freq_rec[8]' of 'GTP_DFF_RE' unit is dangling and will be cleaned.
W: Public-4008: Instance 'ms72xx_ctl/ms7200_ctl/freq_rec[9]' of 'GTP_DFF_RE' unit is dangling and will be cleaned.
W: Public-4008: Instance 'ms72xx_ctl/ms7200_ctl/freq_rec[10]' of 'GTP_DFF_RE' unit is dangling and will be cleaned.
W: Public-4008: Instance 'ms72xx_ctl/ms7200_ctl/freq_rec[11]' of 'GTP_DFF_RE' unit is dangling and will be cleaned.
W: Public-4008: Instance 'ms72xx_ctl/ms7200_ctl/freq_rec[12]' of 'GTP_DFF_RE' unit is dangling and will be cleaned.
W: Public-4008: Instance 'ms72xx_ctl/ms7200_ctl/freq_rec[13]' of 'GTP_DFF_RE' unit is dangling and will be cleaned.
W: Public-4008: Instance 'ms72xx_ctl/ms7200_ctl/freq_rec[14]' of 'GTP_DFF_RE' unit is dangling and will be cleaned.
W: Public-4008: Instance 'ms72xx_ctl/ms7200_ctl/freq_rec[15]' of 'GTP_DFF_RE' unit is dangling and will be cleaned.
W: Public-4008: Instance 'ms72xx_ctl/ms7200_ctl/freq_rec[18]' of 'GTP_DFF_RE' unit is dangling and will be cleaned.
W: Public-4008: Instance 'ms72xx_ctl/ms7200_ctl/freq_rec[19]' of 'GTP_DFF_RE' unit is dangling and will be cleaned.
W: Public-4008: Instance 'ms72xx_ctl/ms7200_ctl/freq_rec[20]' of 'GTP_DFF_RE' unit is dangling and will be cleaned.
W: Public-4008: Instance 'ms72xx_ctl/ms7200_ctl/freq_rec[21]' of 'GTP_DFF_RE' unit is dangling and will be cleaned.
W: Public-4008: Instance 'ms72xx_ctl/ms7200_ctl/freq_rec[22]' of 'GTP_DFF_RE' unit is dangling and will be cleaned.
W: Public-4008: Instance 'ms72xx_ctl/ms7200_ctl/freq_rec[23]' of 'GTP_DFF_RE' unit is dangling and will be cleaned.
W: Public-4008: Instance 'ms72xx_ctl/ms7200_ctl/freq_rec[24]' of 'GTP_DFF_RE' unit is dangling and will be cleaned.
W: Public-4008: Instance 'ms72xx_ctl/ms7200_ctl/freq_rec[25]' of 'GTP_DFF_RE' unit is dangling and will be cleaned.
W: Public-4008: Instance 'ms72xx_ctl/ms7200_ctl/freq_rec[26]' of 'GTP_DFF_RE' unit is dangling and will be cleaned.
W: Public-4008: Instance 'ms72xx_ctl/ms7200_ctl/freq_rec[27]' of 'GTP_DFF_RE' unit is dangling and will be cleaned.
W: Public-4008: Instance 'ms72xx_ctl/ms7200_ctl/freq_rec[28]' of 'GTP_DFF_RE' unit is dangling and will be cleaned.
W: Public-4008: Instance 'ms72xx_ctl/ms7200_ctl/freq_rec[29]' of 'GTP_DFF_RE' unit is dangling and will be cleaned.
W: Public-4008: Instance 'ms72xx_ctl/ms7200_ctl/freq_rec[30]' of 'GTP_DFF_RE' unit is dangling and will be cleaned.
W: Public-4008: Instance 'ms72xx_ctl/ms7200_ctl/freq_rec[31]' of 'GTP_DFF_RE' unit is dangling and will be cleaned.
W: Public-4008: Instance 'mac_test0/mac_top0/mac_rx0/udp0/change_bit' of 'GTP_DFF_C' unit is dangling and will be cleaned.
W: Public-4008: Instance 'mac_test0/mac_top0/mac_rx0/udp0/done_cnt[0]' of 'GTP_DFF_C' unit is dangling and will be cleaned.
W: Public-4008: Instance 'mac_test0/mac_top0/mac_rx0/udp0/done_cnt[1]' of 'GTP_DFF_C' unit is dangling and will be cleaned.
W: Public-4008: Instance 'mac_test0/mac_top0/mac_rx0/udp0/rx_done' of 'GTP_DFF_C' unit is dangling and will be cleaned.
W: Public-4008: Instance 'mac_test0/mac_top0/mac_rx0/udp0/u_eth_rx_process/data_valid_reg' of 'GTP_DFF_C' unit is dangling and will be cleaned.
W: Public-4008: Instance 'mac_test0/mac_top0/mac_rx0/udp0/u_eth_rx_process/eth_data_reg[0]' of 'GTP_DFF_C' unit is dangling and will be cleaned.
W: Public-4008: Instance 'mac_test0/mac_top0/mac_rx0/udp0/u_eth_rx_process/eth_data_reg[1]' of 'GTP_DFF_C' unit is dangling and will be cleaned.
W: Public-4008: Instance 'mac_test0/mac_top0/mac_rx0/udp0/u_eth_rx_process/eth_data_reg[2]' of 'GTP_DFF_C' unit is dangling and will be cleaned.
W: Public-4008: Instance 'mac_test0/mac_top0/mac_rx0/udp0/u_eth_rx_process/eth_data_reg[3]' of 'GTP_DFF_C' unit is dangling and will be cleaned.
W: Public-4008: Instance 'mac_test0/mac_top0/mac_rx0/udp0/u_eth_rx_process/eth_data_reg[4]' of 'GTP_DFF_C' unit is dangling and will be cleaned.
W: Public-4008: Instance 'mac_test0/mac_top0/mac_rx0/udp0/u_eth_rx_process/eth_data_reg[5]' of 'GTP_DFF_C' unit is dangling and will be cleaned.
W: Public-4008: Instance 'mac_test0/mac_top0/mac_rx0/udp0/u_eth_rx_process/eth_data_reg[6]' of 'GTP_DFF_C' unit is dangling and will be cleaned.
W: Public-4008: Instance 'mac_test0/mac_top0/mac_rx0/udp0/u_eth_rx_process/eth_data_reg[7]' of 'GTP_DFF_C' unit is dangling and will be cleaned.
W: Public-4008: Instance 'mac_test0/mac_top0/mac_rx0/udp0/u_eth_rx_process/eth_data_reg[8]' of 'GTP_DFF_C' unit is dangling and will be cleaned.
W: Public-4008: Instance 'mac_test0/mac_top0/mac_rx0/udp0/u_eth_rx_process/eth_data_reg[9]' of 'GTP_DFF_C' unit is dangling and will be cleaned.
W: Public-4008: Instance 'mac_test0/mac_top0/mac_rx0/udp0/u_eth_rx_process/eth_data_reg[10]' of 'GTP_DFF_C' unit is dangling and will be cleaned.
W: Public-4008: Instance 'mac_test0/mac_top0/mac_rx0/udp0/u_eth_rx_process/eth_data_reg[11]' of 'GTP_DFF_C' unit is dangling and will be cleaned.
W: Public-4008: Instance 'mac_test0/mac_top0/mac_rx0/udp0/u_eth_rx_process/eth_data_reg[12]' of 'GTP_DFF_C' unit is dangling and will be cleaned.
W: Public-4008: Instance 'mac_test0/mac_top0/mac_rx0/udp0/u_eth_rx_process/eth_data_reg[13]' of 'GTP_DFF_C' unit is dangling and will be cleaned.
W: Public-4008: Instance 'mac_test0/mac_top0/mac_rx0/udp0/u_eth_rx_process/eth_data_reg[14]' of 'GTP_DFF_C' unit is dangling and will be cleaned.
W: Public-4008: Instance 'mac_test0/mac_top0/mac_rx0/udp0/u_eth_rx_process/eth_data_reg[15]' of 'GTP_DFF_C' unit is dangling and will be cleaned.
W: Public-4008: Instance 'mac_test0/mac_top0/mac_rx0/udp0/u_eth_rx_process/eth_data_reg[16]' of 'GTP_DFF_C' unit is dangling and will be cleaned.
W: Public-4008: Instance 'mac_test0/mac_top0/mac_rx0/udp0/u_eth_rx_process/eth_data_reg[17]' of 'GTP_DFF_C' unit is dangling and will be cleaned.
W: Public-4008: Instance 'mac_test0/mac_top0/mac_rx0/udp0/u_eth_rx_process/eth_data_reg[18]' of 'GTP_DFF_C' unit is dangling and will be cleaned.
W: Public-4008: Instance 'mac_test0/mac_top0/mac_rx0/udp0/u_eth_rx_process/eth_data_reg[19]' of 'GTP_DFF_C' unit is dangling and will be cleaned.
W: Public-4008: Instance 'mac_test0/mac_top0/mac_rx0/udp0/u_eth_rx_process/eth_data_reg[20]' of 'GTP_DFF_C' unit is dangling and will be cleaned.
W: Public-4008: Instance 'mac_test0/mac_top0/mac_rx0/udp0/u_eth_rx_process/eth_data_reg[21]' of 'GTP_DFF_C' unit is dangling and will be cleaned.
W: Public-4008: Instance 'mac_test0/mac_top0/mac_rx0/udp0/u_eth_rx_process/eth_data_reg[22]' of 'GTP_DFF_C' unit is dangling and will be cleaned.
W: Public-4008: Instance 'mac_test0/mac_top0/mac_rx0/udp0/u_eth_rx_process/eth_data_reg[23]' of 'GTP_DFF_C' unit is dangling and will be cleaned.
W: Public-4008: Instance 'mac_test0/mac_top0/mac_rx0/udp0/u_eth_rx_process/first_flag_0' of 'GTP_DFF_P' unit is dangling and will be cleaned.
W: Public-4008: Instance 'mac_test0/mac_top0/mac_rx0/udp0/u_eth_rx_process/href_begin' of 'GTP_DFF_C' unit is dangling and will be cleaned.
W: Public-4008: Instance 'mac_test0/mac_top0/mac_rx0/udp0/u_eth_rx_process/hs_rise_d0' of 'GTP_DFF_C' unit is dangling and will be cleaned.
W: Public-4008: Instance 'mac_test0/mac_top0/mac_rx0/udp0/u_eth_rx_process/hs_rise_d1' of 'GTP_DFF_C' unit is dangling and will be cleaned.
W: Public-4008: Instance 'mac_test0/mac_top0/mac_rx0/udp0/u_eth_rx_process/late_begin' of 'GTP_DFF_C' unit is dangling and will be cleaned.
W: Public-4008: Instance 'mac_test0/mac_top0/mac_rx0/udp0/u_eth_rx_process/latence[0]' of 'GTP_DFF_CE' unit is dangling and will be cleaned.
W: Public-4008: Instance 'mac_test0/mac_top0/mac_rx0/udp0/u_eth_rx_process/latence[1]' of 'GTP_DFF_CE' unit is dangling and will be cleaned.
W: Public-4008: Instance 'mac_test0/mac_top0/mac_rx0/udp0/u_eth_rx_process/latence[2]' of 'GTP_DFF_CE' unit is dangling and will be cleaned.
W: Public-4008: Instance 'mac_test0/mac_top0/mac_rx0/udp0/u_eth_rx_process/latence[3]' of 'GTP_DFF_CE' unit is dangling and will be cleaned.
W: Public-4008: Instance 'mac_test0/mac_top0/mac_rx0/udp0/u_eth_rx_process/latence[4]' of 'GTP_DFF_CE' unit is dangling and will be cleaned.
W: Public-4008: Instance 'mac_test0/mac_top0/mac_rx0/udp0/u_eth_rx_process/latence[5]' of 'GTP_DFF_CE' unit is dangling and will be cleaned.
W: Public-4008: Instance 'mac_test0/mac_top0/mac_rx0/udp0/u_eth_rx_process/latence[6]' of 'GTP_DFF_CE' unit is dangling and will be cleaned.
W: Public-4008: Instance 'mac_test0/mac_top0/mac_rx0/udp0/u_eth_rx_process/latence[7]' of 'GTP_DFF_CE' unit is dangling and will be cleaned.
W: Public-4008: Instance 'mac_test0/mac_top0/mac_rx0/udp0/u_eth_rx_process/latence[8]' of 'GTP_DFF_CE' unit is dangling and will be cleaned.
W: Public-4008: Instance 'mac_test0/mac_top0/mac_rx0/udp0/u_eth_rx_process/latence[9]' of 'GTP_DFF_CE' unit is dangling and will be cleaned.
W: Public-4008: Instance 'mac_test0/mac_top0/mac_rx0/udp0/u_eth_rx_process/latence[10]' of 'GTP_DFF_CE' unit is dangling and will be cleaned.
W: Public-4008: Instance 'mac_test0/mac_top0/mac_rx0/udp0/u_eth_rx_process/latence[11]' of 'GTP_DFF_CE' unit is dangling and will be cleaned.
W: Public-4008: Instance 'mac_test0/mac_top0/mac_rx0/udp0/u_eth_rx_process/latence[12]' of 'GTP_DFF_CE' unit is dangling and will be cleaned.
W: Public-4008: Instance 'mac_test0/mac_top0/mac_rx0/udp0/u_eth_rx_process/latence[13]' of 'GTP_DFF_CE' unit is dangling and will be cleaned.
W: Public-4008: Instance 'mac_test0/mac_top0/mac_rx0/udp0/u_eth_rx_process/latence[14]' of 'GTP_DFF_CE' unit is dangling and will be cleaned.
W: Public-4008: Instance 'mac_test0/mac_top0/mac_rx0/udp0/u_eth_rx_process/latence[15]' of 'GTP_DFF_CE' unit is dangling and will be cleaned.
W: Public-4008: Instance 'mac_test0/mac_top0/mac_rx0/udp0/u_eth_rx_process/latence[16]' of 'GTP_DFF_CE' unit is dangling and will be cleaned.
W: Public-4008: Instance 'mac_test0/mac_top0/mac_rx0/udp0/u_eth_rx_process/latence[17]' of 'GTP_DFF_CE' unit is dangling and will be cleaned.
W: Public-4008: Instance 'mac_test0/mac_top0/mac_rx0/udp0/u_eth_rx_process/latence[18]' of 'GTP_DFF_CE' unit is dangling and will be cleaned.
W: Public-4008: Instance 'mac_test0/mac_top0/mac_rx0/udp0/u_eth_rx_process/latence[19]' of 'GTP_DFF_CE' unit is dangling and will be cleaned.
W: Public-4008: Instance 'mac_test0/mac_top0/mac_rx0/udp0/u_eth_rx_process/latence[20]' of 'GTP_DFF_CE' unit is dangling and will be cleaned.
W: Public-4008: Instance 'mac_test0/mac_top0/mac_rx0/udp0/u_eth_rx_process/latence[21]' of 'GTP_DFF_CE' unit is dangling and will be cleaned.
W: Public-4008: Instance 'mac_test0/mac_top0/mac_rx0/udp0/u_eth_rx_process/latence[22]' of 'GTP_DFF_CE' unit is dangling and will be cleaned.
W: Public-4008: Instance 'mac_test0/mac_top0/mac_rx0/udp0/u_eth_rx_process/latence[23]' of 'GTP_DFF_CE' unit is dangling and will be cleaned.
W: Public-4008: Instance 'mac_test0/mac_top0/mac_rx0/udp0/u_eth_rx_process/latence[24]' of 'GTP_DFF_CE' unit is dangling and will be cleaned.
W: Public-4008: Instance 'mac_test0/mac_top0/mac_rx0/udp0/u_eth_rx_process/latence[25]' of 'GTP_DFF_CE' unit is dangling and will be cleaned.
W: Public-4008: Instance 'mac_test0/mac_top0/mac_rx0/udp0/u_eth_rx_process/latence[26]' of 'GTP_DFF_CE' unit is dangling and will be cleaned.
W: Public-4008: Instance 'mac_test0/mac_top0/mac_rx0/udp0/u_eth_rx_process/latence[27]' of 'GTP_DFF_CE' unit is dangling and will be cleaned.
W: Public-4008: Instance 'mac_test0/mac_top0/mac_rx0/udp0/u_eth_rx_process/latence[28]' of 'GTP_DFF_CE' unit is dangling and will be cleaned.
W: Public-4008: Instance 'mac_test0/mac_top0/mac_rx0/udp0/u_eth_rx_process/latence[29]' of 'GTP_DFF_CE' unit is dangling and will be cleaned.
W: Public-4008: Instance 'mac_test0/mac_top0/mac_rx0/udp0/u_eth_rx_process/latence[30]' of 'GTP_DFF_CE' unit is dangling and will be cleaned.
W: Public-4008: Instance 'mac_test0/mac_top0/mac_rx0/udp0/u_eth_rx_process/latence[31]' of 'GTP_DFF_CE' unit is dangling and will be cleaned.
W: Public-4008: Instance 'mac_test0/mac_top0/mac_rx0/udp0/u_eth_rx_process/latence[32]' of 'GTP_DFF_CE' unit is dangling and will be cleaned.
W: Public-4008: Instance 'mac_test0/mac_top0/mac_rx0/udp0/u_eth_rx_process/latence[33]' of 'GTP_DFF_CE' unit is dangling and will be cleaned.
W: Public-4008: Instance 'mac_test0/mac_top0/mac_rx0/udp0/u_eth_rx_process/latence[34]' of 'GTP_DFF_CE' unit is dangling and will be cleaned.
W: Public-4008: Instance 'mac_test0/mac_top0/mac_rx0/udp0/u_eth_rx_process/latence[35]' of 'GTP_DFF_CE' unit is dangling and will be cleaned.
W: Public-4008: Instance 'mac_test0/mac_top0/mac_rx0/udp0/u_eth_rx_process/latence[36]' of 'GTP_DFF_CE' unit is dangling and will be cleaned.
W: Public-4008: Instance 'mac_test0/mac_top0/mac_rx0/udp0/u_eth_rx_process/latence[37]' of 'GTP_DFF_CE' unit is dangling and will be cleaned.
W: Public-4008: Instance 'mac_test0/mac_top0/mac_rx0/udp0/u_eth_rx_process/latence[38]' of 'GTP_DFF_CE' unit is dangling and will be cleaned.
W: Public-4008: Instance 'mac_test0/mac_top0/mac_rx0/udp0/u_eth_rx_process/latence[39]' of 'GTP_DFF_CE' unit is dangling and will be cleaned.
W: Public-4008: Instance 'mac_test0/mac_top0/mac_rx0/udp0/u_eth_rx_process/latence[40]' of 'GTP_DFF_CE' unit is dangling and will be cleaned.
W: Public-4008: Instance 'mac_test0/mac_top0/mac_rx0/udp0/u_eth_rx_process/latence[41]' of 'GTP_DFF_CE' unit is dangling and will be cleaned.
W: Public-4008: Instance 'mac_test0/mac_top0/mac_rx0/udp0/u_eth_rx_process/latence[42]' of 'GTP_DFF_CE' unit is dangling and will be cleaned.
W: Public-4008: Instance 'mac_test0/mac_top0/mac_rx0/udp0/u_eth_rx_process/latence[43]' of 'GTP_DFF_CE' unit is dangling and will be cleaned.
W: Public-4008: Instance 'mac_test0/mac_top0/mac_rx0/udp0/u_eth_rx_process/latence[44]' of 'GTP_DFF_CE' unit is dangling and will be cleaned.
W: Public-4008: Instance 'mac_test0/mac_top0/mac_rx0/udp0/u_eth_rx_process/latence[45]' of 'GTP_DFF_CE' unit is dangling and will be cleaned.
W: Public-4008: Instance 'mac_test0/mac_top0/mac_rx0/udp0/u_eth_rx_process/locked' of 'GTP_DFF_C' unit is dangling and will be cleaned.
W: Public-4008: Instance 'mac_test0/mac_top0/mac_rx0/udp0/u_eth_rx_process/ram_data_reg2[0]' of 'GTP_DFF_C' unit is dangling and will be cleaned.
W: Public-4008: Instance 'mac_test0/mac_top0/mac_rx0/udp0/u_eth_rx_process/ram_data_reg2[1]' of 'GTP_DFF_C' unit is dangling and will be cleaned.
W: Public-4008: Instance 'mac_test0/mac_top0/mac_rx0/udp0/u_eth_rx_process/ram_data_reg2[2]' of 'GTP_DFF_C' unit is dangling and will be cleaned.
W: Public-4008: Instance 'mac_test0/mac_top0/mac_rx0/udp0/u_eth_rx_process/ram_data_reg2[3]' of 'GTP_DFF_C' unit is dangling and will be cleaned.
W: Public-4008: Instance 'mac_test0/mac_top0/mac_rx0/udp0/u_eth_rx_process/ram_data_reg2[4]' of 'GTP_DFF_C' unit is dangling and will be cleaned.
W: Public-4008: Instance 'mac_test0/mac_top0/mac_rx0/udp0/u_eth_rx_process/ram_data_reg2[5]' of 'GTP_DFF_C' unit is dangling and will be cleaned.
W: Public-4008: Instance 'mac_test0/mac_top0/mac_rx0/udp0/u_eth_rx_process/ram_data_reg2[6]' of 'GTP_DFF_C' unit is dangling and will be cleaned.
W: Public-4008: Instance 'mac_test0/mac_top0/mac_rx0/udp0/u_eth_rx_process/ram_data_reg2[7]' of 'GTP_DFF_C' unit is dangling and will be cleaned.
W: Public-4008: Instance 'mac_test0/mac_top0/mac_rx0/udp0/u_eth_rx_process/ram_data_reg[0]' of 'GTP_DFF_C' unit is dangling and will be cleaned.
W: Public-4008: Instance 'mac_test0/mac_top0/mac_rx0/udp0/u_eth_rx_process/ram_data_reg[1]' of 'GTP_DFF_C' unit is dangling and will be cleaned.
W: Public-4008: Instance 'mac_test0/mac_top0/mac_rx0/udp0/u_eth_rx_process/ram_data_reg[2]' of 'GTP_DFF_C' unit is dangling and will be cleaned.
W: Public-4008: Instance 'mac_test0/mac_top0/mac_rx0/udp0/u_eth_rx_process/ram_data_reg[3]' of 'GTP_DFF_C' unit is dangling and will be cleaned.
W: Public-4008: Instance 'mac_test0/mac_top0/mac_rx0/udp0/u_eth_rx_process/ram_data_reg[4]' of 'GTP_DFF_C' unit is dangling and will be cleaned.
W: Public-4008: Instance 'mac_test0/mac_top0/mac_rx0/udp0/u_eth_rx_process/ram_data_reg[5]' of 'GTP_DFF_C' unit is dangling and will be cleaned.
W: Public-4008: Instance 'mac_test0/mac_top0/mac_rx0/udp0/u_eth_rx_process/ram_data_reg[6]' of 'GTP_DFF_C' unit is dangling and will be cleaned.
W: Public-4008: Instance 'mac_test0/mac_top0/mac_rx0/udp0/u_eth_rx_process/ram_data_reg[7]' of 'GTP_DFF_C' unit is dangling and will be cleaned.
W: Public-4008: Instance 'mac_test0/mac_top0/mac_rx0/udp0/u_eth_rx_process/x_cnt[0]' of 'GTP_DFF_CE' unit is dangling and will be cleaned.
W: Public-4008: Instance 'mac_test0/mac_top0/mac_rx0/udp0/u_eth_rx_process/x_cnt[1]' of 'GTP_DFF_CE' unit is dangling and will be cleaned.
W: Public-4008: Instance 'mac_test0/mac_top0/mac_rx0/udp0/u_eth_rx_process/x_cnt[2]' of 'GTP_DFF_CE' unit is dangling and will be cleaned.
W: Public-4008: Instance 'mac_test0/mac_top0/mac_rx0/udp0/u_eth_rx_process/x_cnt[3]' of 'GTP_DFF_CE' unit is dangling and will be cleaned.
W: Public-4008: Instance 'mac_test0/mac_top0/mac_rx0/udp0/u_eth_rx_process/x_cnt[4]' of 'GTP_DFF_CE' unit is dangling and will be cleaned.
W: Public-4008: Instance 'mac_test0/mac_top0/mac_rx0/udp0/u_eth_rx_process/x_cnt[5]' of 'GTP_DFF_CE' unit is dangling and will be cleaned.
W: Public-4008: Instance 'mac_test0/mac_top0/mac_rx0/udp0/u_eth_rx_process/x_cnt[6]' of 'GTP_DFF_CE' unit is dangling and will be cleaned.
W: Public-4008: Instance 'mac_test0/mac_top0/mac_rx0/udp0/u_eth_rx_process/x_cnt[7]' of 'GTP_DFF_CE' unit is dangling and will be cleaned.
W: Public-4008: Instance 'mac_test0/mac_top0/mac_rx0/udp0/u_eth_rx_process/x_cnt[8]' of 'GTP_DFF_CE' unit is dangling and will be cleaned.
W: Public-4008: Instance 'mac_test0/mac_top0/mac_rx0/udp0/u_eth_rx_process/x_cnt[9]' of 'GTP_DFF_CE' unit is dangling and will be cleaned.
W: Public-4008: Instance 'mac_test0/mac_top0/mac_rx0/udp0/u_eth_rx_process/x_cnt[10]' of 'GTP_DFF_CE' unit is dangling and will be cleaned.
W: Public-4008: Instance 'mac_test0/mac_top0/mac_rx0/udp0/u_eth_rx_process/x_cnt_reg[0]' of 'GTP_DFF_C' unit is dangling and will be cleaned.
W: Public-4008: Instance 'mac_test0/mac_top0/mac_rx0/udp0/u_eth_rx_process/x_cnt_reg[1]' of 'GTP_DFF_C' unit is dangling and will be cleaned.
W: Public-4008: Instance 'mac_test0/mac_top0/mac_rx0/udp0/u_eth_rx_process/x_cnt_reg[2]' of 'GTP_DFF_C' unit is dangling and will be cleaned.
W: Public-4008: Instance 'mac_test0/mac_top0/mac_rx0/udp0/u_eth_rx_process/x_cnt_reg[3]' of 'GTP_DFF_C' unit is dangling and will be cleaned.
W: Public-4008: Instance 'mac_test0/mac_top0/mac_rx0/udp0/u_eth_rx_process/x_cnt_reg[4]' of 'GTP_DFF_C' unit is dangling and will be cleaned.
W: Public-4008: Instance 'mac_test0/mac_top0/mac_rx0/udp0/u_eth_rx_process/x_cnt_reg[5]' of 'GTP_DFF_C' unit is dangling and will be cleaned.
W: Public-4008: Instance 'mac_test0/mac_top0/mac_rx0/udp0/u_eth_rx_process/x_cnt_reg[6]' of 'GTP_DFF_C' unit is dangling and will be cleaned.
W: Public-4008: Instance 'mac_test0/mac_top0/mac_rx0/udp0/u_eth_rx_process/x_cnt_reg[7]' of 'GTP_DFF_C' unit is dangling and will be cleaned.
W: Public-4008: Instance 'mac_test0/mac_top0/mac_rx0/udp0/u_eth_rx_process/x_cnt_reg[8]' of 'GTP_DFF_C' unit is dangling and will be cleaned.
W: Public-4008: Instance 'mac_test0/mac_top0/mac_rx0/udp0/u_eth_rx_process/x_cnt_reg[9]' of 'GTP_DFF_C' unit is dangling and will be cleaned.
W: Public-4008: Instance 'mac_test0/mac_top0/mac_rx0/udp0/u_eth_rx_process/x_cnt_reg[10]' of 'GTP_DFF_C' unit is dangling and will be cleaned.
W: Public-4008: Instance 'mac_test0/mac_top0/mac_rx0/udp0/u_eth_rx_process/y_cnt[0]' of 'GTP_DFF_CE' unit is dangling and will be cleaned.
W: Public-4008: Instance 'mac_test0/mac_top0/mac_rx0/udp0/u_eth_rx_process/y_cnt[1]' of 'GTP_DFF_CE' unit is dangling and will be cleaned.
W: Public-4008: Instance 'mac_test0/mac_top0/mac_rx0/udp0/u_eth_rx_process/y_cnt[2]' of 'GTP_DFF_CE' unit is dangling and will be cleaned.
W: Public-4008: Instance 'mac_test0/mac_top0/mac_rx0/udp0/u_eth_rx_process/y_cnt[3]' of 'GTP_DFF_CE' unit is dangling and will be cleaned.
W: Public-4008: Instance 'mac_test0/mac_top0/mac_rx0/udp0/u_eth_rx_process/y_cnt[4]' of 'GTP_DFF_CE' unit is dangling and will be cleaned.
W: Public-4008: Instance 'mac_test0/mac_top0/mac_rx0/udp0/u_eth_rx_process/y_cnt[5]' of 'GTP_DFF_CE' unit is dangling and will be cleaned.
W: Public-4008: Instance 'mac_test0/mac_top0/mac_rx0/udp0/u_eth_rx_process/y_cnt[6]' of 'GTP_DFF_CE' unit is dangling and will be cleaned.
W: Public-4008: Instance 'mac_test0/mac_top0/mac_rx0/udp0/u_eth_rx_process/y_cnt[7]' of 'GTP_DFF_CE' unit is dangling and will be cleaned.
W: Public-4008: Instance 'mac_test0/mac_top0/mac_rx0/udp0/u_eth_rx_process/y_cnt[8]' of 'GTP_DFF_CE' unit is dangling and will be cleaned.
W: Public-4008: Instance 'mac_test0/mac_top0/mac_rx0/udp0/u_eth_rx_process/y_cnt[9]' of 'GTP_DFF_CE' unit is dangling and will be cleaned.
W: Public-4008: Instance 'mac_test0/mac_top0/mac_rx0/udp0/u_eth_rx_process/y_cnt[10]' of 'GTP_DFF_CE' unit is dangling and will be cleaned.
Checking design netlist.
I: GTP_HSST_E2 PAD pin u_hsst_core/U_GTP_HSST_WRAPPER/U_GTP_HSST.P_REFCLKN_1 is unused
I: GTP_HSST_E2 PAD pin u_hsst_core/U_GTP_HSST_WRAPPER/U_GTP_HSST.P_REFCLKP_1 is unused
I: GTP_HSST_E2 PAD pin u_hsst_core/U_GTP_HSST_WRAPPER/U_GTP_HSST.P_RX_SDN0 is unused
I: GTP_HSST_E2 PAD pin u_hsst_core/U_GTP_HSST_WRAPPER/U_GTP_HSST.P_RX_SDN1 is unused
I: GTP_HSST_E2 PAD pin u_hsst_core/U_GTP_HSST_WRAPPER/U_GTP_HSST.P_RX_SDP0 is unused
I: GTP_HSST_E2 PAD pin u_hsst_core/U_GTP_HSST_WRAPPER/U_GTP_HSST.P_RX_SDP1 is unused
Processing tech operator.
I: The instance clkbufg_3(GTP_CLKBUFG) has been inserted on the net ch0_clk in design, driver pin P_RCLK2FABRIC[2](instance u_hsst_core/U_GTP_HSST_WRAPPER/U_GTP_HSST) -> load pin CLK(instance cmos_write_req_gen_m0/cmos_vsync_d0).
I: The instance clkbufg_4(GTP_CLKBUFG) has been inserted on the net core_clk in design, driver pin CLKDIVOUT(instance u_DDR3_50H/I_GTP_CLKDIV) -> load pin CLK(instance cnt[0]).
C: DeviceMap-2011: The net nt_sys_clk has both clock instance u_DDR3_50H/u_clkbufg(GTP_CLKBUFG) loader and other clock pin loader.
I: The instance clkbufg_5(GTP_CLKBUFG) has been inserted on the net cfg_clk in design, driver pin CLKOUT1(instance u_pll/u_pll_e3) -> load pin CLK(instance ms72xx_ctl/iic_dri_rx/busy).
I: The instance clkbufg_6(GTP_CLKBUFG) has been inserted on the net u_CORES/drck_o in design, driver pin TCK_USER(instance u_CORES/u_GTP_SCANCHAIN_PG) -> load pin CLK(instance u_CORES/u_debug_core_0/u0_trig_unit/conf_reg[0]).
I: The instance clkbufg_7(GTP_CLKBUFG) has been inserted on the net nt_pix_clk in design, driver pin CLKOUT0(instance u_pll/u_pll_e3) -> load pin CLK(instance b_out[3]).
I: The instance clkbufg_8(GTP_CLKBUFG) has been inserted on the net tx_clk in design, driver pin P_TCLK2FABRIC[2](instance u_hsst_core/U_GTP_HSST_WRAPPER/U_GTP_HSST) -> load pin CLK(instance gt_tx_ctrl[0]).
I: The instance clkbufg_9(GTP_CLKBUFG) has been inserted on the net nt_pixclk_in in design, driver pin O(instance pixclk_in_ibuf) -> load pin CLK(instance hdmi_vs_in_d0).
I: The instance clkbufg_10(GTP_CLKBUFG) has been inserted on the net clk_25M in design, driver pin CLKOUT2(instance u_pll/u_pll_e3) -> load pin CLK(instance coms1_reg_config/clock_20k).
I: The instance clkbufg_11(GTP_CLKBUFG) has been inserted on the net u_CORES/capt_o in design, driver pin CAPDR(instance u_CORES/u_GTP_SCANCHAIN_PG) -> load pin CLK(instance u_CORES/u_debug_core_0/u_hub_data_decode/id_sample.conf_id[0]).
W: DeviceMap-4006: Insert a inst clkgate_12(GTP_IOCLKBUF) before u_DDR3_50H/I_GTP_CLKDIV(GTP_IOCLKDIV).
Converting tech operator to gate operator.
Processing gate operator.
I: Infer CARRY group, base inst: N22_0_1/gateop, insts:13.
I: Infer CARRY group, base inst: N300_0_1/gateop, insts:24.
I: Infer CARRY group, base inst: color_bar_m0/N13_1_1/gateop, insts:11.
I: Infer CARRY group, base inst: color_bar_m0/N24_1.fsub_1/gateop, insts:11.
I: Infer CARRY group, base inst: color_bar_m0/N39_1_1/gateop, insts:10.
I: Infer CARRY group, base inst: coms1_reg_config/N11_2_1/gateop, insts:10.
I: Infer CARRY group, base inst: coms1_reg_config/N36_1_1/gateop, insts:8.
I: Infer CARRY group, base inst: coms2_reg_config/N36_1_1/gateop, insts:8.
I: Infer CARRY group, base inst: mac_test0/N114_1.fsub_1/gateop, insts:13.
I: Infer CARRY group, base inst: mac_test0/N138.eq_0/gateop, insts:5.
I: Infer CARRY group, base inst: mac_test0/N155_1_1/gateop, insts:31.
I: Infer CARRY group, base inst: mac_test0/N218_1_1/gateop, insts:10.
I: Infer CARRY group, base inst: mac_test0/N229.lt_0/gateop, insts:8.
I: Infer CARRY group, base inst: mac_test0/N245.eq_0/gateop, insts:8.
I: Infer CARRY group, base inst: mem_read_arbi_m0/N12_1_1/gateop, insts:15.
I: Infer CARRY group, base inst: mem_write_arbi_m0/N12_1_1/gateop, insts:15.
I: Infer CARRY group, base inst: power_on_delay_inst/N5_1_1/gateop, insts:18.
I: Infer CARRY group, base inst: power_on_delay_inst/N17_1_1/gateop, insts:15.
I: Infer CARRY group, base inst: u_aq_axi_master/N10_1_1/gateop, insts:31.
I: Infer CARRY group, base inst: u_aq_axi_master/N23.eq_0/gateop, insts:15.
I: Infer CARRY group, base inst: u_aq_axi_master/N82_1.fsub_0/gateop, insts:21.
I: Infer CARRY group, base inst: u_aq_axi_master/N111_1.fsub_1/gateop, insts:7.
I: Infer CARRY group, base inst: u_aq_axi_master/N127_1_0/gateop, insts:17.
I: Infer CARRY group, base inst: u_aq_axi_master/N232_1.fsub_0/gateop, insts:21.
I: Infer CARRY group, base inst: u_aq_axi_master/N251_1_0/gateop, insts:17.
I: Infer CARRY group, base inst: u_aq_axi_master/N256_1.fsub_0/gateop, insts:4.
I: Infer CARRY group, base inst: util_gmii_to_rgmii_m0/N1_1_1/gateop, insts:25.
I: Infer CARRY group, base inst: video_packet_rec_m0/N2_1_1/gateop, insts:15.
I: Infer CARRY group, base inst: video_packet_rec_m0/N46_1_1/gateop, insts:15.
I: Infer CARRY group, base inst: video_packet_rec_m0/N52_1_1/gateop, insts:15.
I: Infer CARRY group, base inst: video_packet_send_m0/N11_1_1/gateop, insts:15.
I: Infer CARRY group, base inst: coms1_reg_config/u1/N37_1_1/gateop, insts:5.
I: Infer CARRY group, base inst: coms2_reg_config/u1/N37_1_1/gateop, insts:5.
I: Infer CARRY group, base inst: u_DDR3_50H/u_ipsxb_ddrc_top/mcdq_rdatapath/mcdq_prefetch_fifo/ipsxb_distributed_fifo/u_ipsxb_distributed_fifo_distributed_fifo_v1_0/u_ipsxb_distributed_fifo_ctr/N16.eq_0/gateop, insts:3.
I: Infer CARRY group, base inst: u_DDR3_50H/u_ipsxb_ddrc_top/mcdq_rdatapath/mcdq_prefetch_fifo/ipsxb_distributed_fifo/u_ipsxb_distributed_fifo_distributed_fifo_v1_0/u_ipsxb_distributed_fifo_ctr/N36.eq_0/gateop, insts:3.
I: Infer CARRY group, base inst: frame_read_write_m0/frame_fifo_read_m0/N58_1_0/gateop, insts:8.
I: Infer CARRY group, base inst: frame_read_write_m0/frame_fifo_read_m0/N81_1_0/gateop, insts:21.
I: Infer CARRY group, base inst: frame_read_write_m0/frame_fifo_read_m0/N83_1_1/gateop, insts:18.
I: Infer CARRY group, base inst: frame_read_write_m0/frame_fifo_read_m0/N90.lt_1/gateop, insts:11.
I: Infer CARRY group, base inst: frame_read_write_m0/frame_fifo_write_m0/N69_1_0/gateop, insts:21.
I: Infer CARRY group, base inst: frame_read_write_m0/frame_fifo_write_m0/N71_1_1/gateop, insts:18.
I: Infer CARRY group, base inst: frame_read_write_m0/frame_fifo_write_m0/N79.lt_1/gateop, insts:11.
I: Infer CARRY group, base inst: ms72xx_ctl/iic_dri_rx/N136.lt_0/gateop, insts:2.
I: Infer CARRY group, base inst: ms72xx_ctl/iic_dri_tx/N136.lt_0/gateop, insts:2.
I: Infer CARRY group, base inst: ms72xx_ctl/ms7200_ctl/N101_1_1/gateop, insts:8.
I: Infer CARRY group, base inst: ms72xx_ctl/ms7200_ctl/N224_1_0/gateop, insts:9.
I: Infer CARRY group, base inst: ms72xx_ctl/ms7210_ctl/N98_1_1/gateop, insts:21.
I: Infer CARRY group, base inst: ms72xx_ctl/ms7210_ctl/N156_1_0/gateop, insts:6.
I: Infer CARRY group, base inst: video_rect_read_data_m0/timing_gen_xy_m0/N8_1_1/gateop, insts:11.
I: Infer CARRY group, base inst: video_rect_read_data_m0/timing_gen_xy_m0/N18_1_0/gateop, insts:12.
I: Infer CARRY group, base inst: mac_test0/mac_top0/icmp0/N15_1.fsub_1/gateop, insts:16.
I: Infer CARRY group, base inst: mac_test0/mac_top0/icmp0/N16.eq_0/gateop, insts:9.
I: Infer CARRY group, base inst: mac_test0/mac_top0/icmp0/N31_1.fsub_1/gateop, insts:15.
I: Infer CARRY group, base inst: mac_test0/mac_top0/icmp0/N32.eq_0/gateop, insts:9.
I: Infer CARRY group, base inst: mac_test0/mac_top0/icmp0/N101.eq_0/gateop, insts:8.
I: Infer CARRY group, base inst: mac_test0/mac_top0/icmp0/N149.lt_0/gateop, insts:8.
I: Infer CARRY group, base inst: mac_test0/mac_top0/icmp0/N168_1.fsub_0/gateop, insts:5.
I: Infer CARRY group, base inst: mac_test0/mac_top0/icmp0/N176_1_1/gateop, insts:15.
I: Infer CARRY group, base inst: mac_test0/mac_top0/icmp0/N200_1_1/gateop, insts:15.
I: Infer CARRY group, base inst: mac_test0/mac_top0/icmp0/N282_1.fsub_1/gateop, insts:6.
I: Infer CARRY group, base inst: mac_test0/mac_top0/icmp0/N661_7_0/gateop, insts:33.
I: Infer CARRY group, base inst: mac_test0/mac_top0/icmp0/N678_3_0/gateop, insts:18.
I: Infer CARRY group, base inst: mac_test0/mac_top0/icmp0/N709_3_0/gateop, insts:18.
I: Infer CARRY group, base inst: mac_test0/mac_top0/icmp0/N736_10_1/gateop, insts:32.
I: Infer CARRY group, base inst: mac_test0/mac_top0/icmp0/N736_12_1/gateop, insts:24.
I: Infer CARRY group, base inst: u_CORES/u_debug_core_0/u_Storage_Condition/N260_1_0/gateop, insts:12.
I: Infer CARRY group, base inst: u_CORES/u_debug_core_0/u_Storage_Condition/N279_1.fsub_1/gateop, insts:11.
I: Infer CARRY group, base inst: u_CORES/u_debug_core_0/u_Storage_Condition/N312_1_1/gateop, insts:11.
I: Infer CARRY group, base inst: u_CORES/u_debug_core_0/u_Storage_Condition/N321_1_1/gateop, insts:11.
I: Infer CARRY group, base inst: u_CORES/u_debug_core_0/u_rd_addr_gen/N2_1_1/gateop, insts:7.
I: Infer CARRY group, base inst: u_CORES/u_debug_core_0/u_rd_addr_gen/N38_1_1/gateop, insts:11.
I: Infer CARRY group, base inst: u_DDR3_50H/u_ddrphy_top/ddrphy_info/mc_al_6.fsub_1/gateop, insts:4.
I: Infer CARRY group, base inst: u_DDR3_50H/u_ddrphy_top/ddrphy_info/mc_rl_1/gateop, insts:5.
I: Infer CARRY group, base inst: u_DDR3_50H/u_ddrphy_top/ddrphy_info/mc_wl_0/gateop, insts:6.
I: Infer CARRY group, base inst: u_DDR3_50H/u_ddrphy_top/ddrphy_reset_ctrl/N29_1_1/gateop, insts:7.
I: Infer CARRY group, base inst: u_DDR3_50H/u_ddrphy_top/ddrphy_slice_top/N48_1_0/gateop, insts:8.
I: Infer CARRY group, base inst: u_DDR3_50H/u_ipsxb_ddrc_top/mcdq_ui_axi/N69_2_1/gateop, insts:25.
I: Infer CARRY group, base inst: u_DDR3_50H/u_ipsxb_ddrc_top/mcdq_ui_axi/N185.eq_0/gateop, insts:8.
I: Infer CARRY group, base inst: u_hsst_core/U_IPML_HSST_RST/AUTO_MODE.ipml_hsst_lane_powerup/N15_1_1/gateop, insts:12.
I: Infer CARRY group, base inst: frame_read_write_m0/read_buf/U_ipml_fifo_afifo_64i_16o_128/U_ipml_fifo_ctrl/N2_1/gateop, insts:9.
I: Infer CARRY group, base inst: frame_read_write_m0/read_buf/U_ipml_fifo_afifo_64i_16o_128/U_ipml_fifo_ctrl/N89_1/gateop, insts:13.
I: Infer CARRY group, base inst: frame_read_write_m0/read_buf/U_ipml_fifo_afifo_64i_16o_128/U_ipml_fifo_ctrl/N158.eq_0/gateop, insts:4.
I: Infer CARRY group, base inst: frame_read_write_m0/read_buf/U_ipml_fifo_afifo_64i_16o_128/U_ipml_fifo_ctrl/N161.eq_0/gateop, insts:7.
I: Infer CARRY group, base inst: frame_read_write_m0/read_buf/U_ipml_fifo_afifo_64i_16o_128/U_ipml_fifo_ctrl/N283_5.fsub_1/gateop, insts:9.
I: Infer CARRY group, base inst: frame_read_write_m0/write_buf/U_ipml_fifo_afifo_16i_64o_512/U_ipml_fifo_ctrl/N2_1/gateop, insts:13.
I: Infer CARRY group, base inst: frame_read_write_m0/write_buf/U_ipml_fifo_afifo_16i_64o_512/U_ipml_fifo_ctrl/N69_1/gateop, insts:9.
I: Infer CARRY group, base inst: frame_read_write_m0/write_buf/U_ipml_fifo_afifo_16i_64o_512/U_ipml_fifo_ctrl/N158.eq_0/gateop, insts:6.
I: Infer CARRY group, base inst: frame_read_write_m0/write_buf/U_ipml_fifo_afifo_16i_64o_512/U_ipml_fifo_ctrl/N161.eq_0/gateop, insts:5.
I: Infer CARRY group, base inst: frame_read_write_m0/write_buf/U_ipml_fifo_afifo_16i_64o_512/U_ipml_fifo_ctrl/N319_5.fsub_1/gateop, insts:9.
I: Infer CARRY group, base inst: mac_test0/mac_top0/mac_rx0/arp0/N79_1_0/gateop, insts:8.
I: Infer CARRY group, base inst: mac_test0/mac_top0/mac_rx0/ip0/N19.eq_0/gateop, insts:9.
I: Infer CARRY group, base inst: mac_test0/mac_top0/mac_rx0/ip0/N59_1.fsub_1/gateop, insts:15.
I: Infer CARRY group, base inst: mac_test0/mac_top0/mac_rx0/ip0/N60.eq_0/gateop, insts:9.
I: Infer CARRY group, base inst: mac_test0/mac_top0/mac_rx0/ip0/N90.eq_0/gateop, insts:9.
I: Infer CARRY group, base inst: mac_test0/mac_top0/mac_rx0/ip0/N125_1.fsub_1/gateop, insts:14.
I: Infer CARRY group, base inst: mac_test0/mac_top0/mac_rx0/ip0/N143_1_1/gateop, insts:15.
I: Infer CARRY group, base inst: mac_test0/mac_top0/mac_rx0/ip0/N283_1/gateop, insts:32.
I: Infer CARRY group, base inst: mac_test0/mac_top0/mac_rx0/ip0/N303_1_1/gateop, insts:16.
I: Infer CARRY group, base inst: mac_test0/mac_top0/mac_rx0/mac0/N127_1_1/gateop, insts:15.
I: Infer CARRY group, base inst: mac_test0/mac_top0/mac_rx0/mac0/N251.eq_0/gateop, insts:16.
I: Infer CARRY group, base inst: mac_test0/mac_top0/mac_rx0/udp0/N28_1.fsub_1/gateop, insts:15.
I: Infer CARRY group, base inst: mac_test0/mac_top0/mac_rx0/udp0/N29.eq_0/gateop, insts:9.
I: Infer CARRY group, base inst: mac_test0/mac_top0/mac_rx0/udp0/N44_1.fsub_1/gateop, insts:16.
I: Infer CARRY group, base inst: mac_test0/mac_top0/mac_rx0/udp0/N45.eq_0/gateop, insts:9.
I: Infer CARRY group, base inst: mac_test0/mac_top0/mac_rx0/udp0/N114.lt_0/gateop, insts:8.
I: Infer CARRY group, base inst: mac_test0/mac_top0/mac_rx0/udp0/N129_1.fsub_0/gateop, insts:8.
I: Infer CARRY group, base inst: mac_test0/mac_top0/mac_rx0/udp0/N156_1_1/gateop, insts:15.
I: Infer CARRY group, base inst: mac_test0/mac_top0/mac_rx0/udp0/N350_0/gateop, insts:18.
I: Infer CARRY group, base inst: mac_test0/mac_top0/mac_rx0/udp0/N683_3_1/gateop, insts:32.
I: Infer CARRY group, base inst: mac_test0/mac_top0/mac_rx0/udp0/N724_7_0/gateop, insts:33.
I: Infer CARRY group, base inst: mac_test0/mac_top0/mac_rx0/udp0/N747_0/gateop, insts:20.
I: Infer CARRY group, base inst: mac_test0/mac_top0/mac_rx0/udp0/N749_0/gateop, insts:19.
I: Infer CARRY group, base inst: mac_test0/mac_top0/mac_rx0/udp0/N751_0/gateop, insts:18.
I: Infer CARRY group, base inst: mac_test0/mac_top0/mac_rx0/udp0/N755_0/gateop, insts:18.
I: Infer CARRY group, base inst: mac_test0/mac_top0/mac_tx0/arp_tx0/N116_1_0/gateop, insts:16.
I: Infer CARRY group, base inst: mac_test0/mac_top0/mac_tx0/arp_tx0/N149_1_0/gateop, insts:16.
I: Infer CARRY group, base inst: mac_test0/mac_top0/mac_tx0/ip0/N41_1_1/gateop, insts:15.
I: Infer CARRY group, base inst: mac_test0/mac_top0/mac_tx0/ip0/N42.eq_0/gateop, insts:9.
I: Infer CARRY group, base inst: mac_test0/mac_top0/mac_tx0/ip0/N82_1_1/gateop, insts:16.
I: Infer CARRY group, base inst: mac_test0/mac_top0/mac_tx0/ip0/N83.eq_0/gateop, insts:9.
I: Infer CARRY group, base inst: mac_test0/mac_top0/mac_tx0/ip0/N114_1_1/gateop, insts:15.
I: Infer CARRY group, base inst: mac_test0/mac_top0/mac_tx0/ip0/N129_1_1/gateop, insts:15.
I: Infer CARRY group, base inst: mac_test0/mac_top0/mac_tx0/ip0/N149_1_0/gateop, insts:16.
I: Infer CARRY group, base inst: mac_test0/mac_top0/mac_tx0/ip0/N169_1_1/gateop, insts:8.
I: Infer CARRY group, base inst: mac_test0/mac_top0/mac_tx0/ip0/N564_1/gateop, insts:16.
I: Infer CARRY group, base inst: mac_test0/mac_top0/mac_tx0/ip0/N567_0/gateop, insts:18.
I: Infer CARRY group, base inst: mac_test0/mac_top0/mac_tx0/ip0/N570_1/gateop, insts:20.
I: Infer CARRY group, base inst: mac_test0/mac_top0/mac_tx0/ip0/N572_1/gateop, insts:19.
I: Infer CARRY group, base inst: mac_test0/mac_top0/mac_tx0/ip0/N582_0/gateop, insts:19.
I: Infer CARRY group, base inst: mac_test0/mac_top0/mac_tx0/ipmode/N51_1_0/gateop, insts:16.
I: Infer CARRY group, base inst: mac_test0/mac_top0/mac_tx0/ipmode/N65_1_0/gateop, insts:14.
I: Infer CARRY group, base inst: mac_test0/mac_top0/mac_tx0/mac0/N120_1_1/gateop, insts:15.
I: Infer CARRY group, base inst: mac_test0/mac_top0/mac_tx0/mode0/N51_1_0/gateop, insts:16.
I: Infer CARRY group, base inst: mac_test0/mac_top0/mac_tx0/udp0/N24.eq_0/gateop, insts:8.
I: Infer CARRY group, base inst: mac_test0/mac_top0/mac_tx0/udp0/N46.eq_0/gateop, insts:3.
I: Infer CARRY group, base inst: mac_test0/mac_top0/mac_tx0/udp0/N66_1_1/gateop, insts:15.
I: Infer CARRY group, base inst: mac_test0/mac_top0/mac_tx0/udp0/N93_1.fsub_1/gateop, insts:16.
I: Infer CARRY group, base inst: mac_test0/mac_top0/mac_tx0/udp0/N94.lt_0/gateop, insts:9.
I: Infer CARRY group, base inst: mac_test0/mac_top0/mac_tx0/udp0/N107_1_1/gateop, insts:15.
I: Infer CARRY group, base inst: mac_test0/mac_top0/mac_tx0/udp0/N146_1.fsub_1/gateop, insts:16.
I: Infer CARRY group, base inst: mac_test0/mac_top0/mac_tx0/udp0/N147.lt_0/gateop, insts:9.
I: Infer CARRY group, base inst: mac_test0/mac_top0/mac_tx0/udp0/N194_1.fsub_1/gateop, insts:16.
I: Infer CARRY group, base inst: mac_test0/mac_top0/mac_tx0/udp0/N195.eq_0/gateop, insts:9.
I: Infer CARRY group, base inst: mac_test0/mac_top0/mac_tx0/udp0/N210_1.fsub_1/gateop, insts:15.
I: Infer CARRY group, base inst: mac_test0/mac_top0/mac_tx0/udp0/N211.eq_0/gateop, insts:9.
I: Infer CARRY group, base inst: mac_test0/mac_top0/mac_tx0/udp0/N279_1_1/gateop, insts:16.
I: Infer CARRY group, base inst: mac_test0/mac_top0/mac_tx0/udp0/N395.eq_0/gateop, insts:3.
I: Infer CARRY group, base inst: mac_test0/mac_top0/mac_tx0/udp0/N423_1_1/gateop, insts:15.
I: Infer CARRY group, base inst: mac_test0/mac_top0/mac_tx0/udp0/N505_1_1/gateop, insts:12.
I: Infer CARRY group, base inst: mac_test0/mac_top0/mac_tx0/udp0/N730_7_0/gateop, insts:33.
I: Infer CARRY group, base inst: mac_test0/mac_top0/mac_tx0/udp0/N757_3_1/gateop, insts:32.
I: Infer CARRY group, base inst: mac_test0/mac_top0/mac_tx0/udp0/N785_0/gateop, insts:21.
I: Infer CARRY group, base inst: mac_test0/mac_top0/mac_tx0/udp0/N787_1/gateop, insts:19.
I: Infer CARRY group, base inst: mac_test0/mac_top0/mac_tx0/udp0/N789_1_1/gateop, insts:13.
I: Infer CARRY group, base inst: u_CORES/u_debug_core_0/u0_trig_unit/u_cfg_reg_file/N164_1_1/gateop, insts:6.
I: Infer CARRY group, base inst: u_DDR3_50H/u_ipsxb_ddrc_top/mcdq_rdatapath/mcdq_prefetch_fifo/ipsxb_distributed_fifo/u_ipsxb_distributed_fifo_distributed_fifo_v1_0/u_ipsxb_distributed_fifo_ctr/N2_1/gateop, insts:6.
I: Infer CARRY group, base inst: u_DDR3_50H/u_ddrphy_top/ddrphy_calib_top/ddrphy_init/N3_1_1/gateop, insts:15.
I: Infer CARRY group, base inst: u_DDR3_50H/u_ddrphy_top/ddrphy_calib_top/ddrphy_init/N23_1_1/gateop, insts:15.
I: Infer CARRY group, base inst: u_DDR3_50H/u_ddrphy_top/ddrphy_calib_top/ddrphy_init/N41_1_1/gateop, insts:7.
I: Infer CARRY group, base inst: u_DDR3_50H/u_ddrphy_top/ddrphy_calib_top/ddrphy_init/N79_1_1/gateop, insts:9.
I: Infer CARRY group, base inst: u_DDR3_50H/u_ddrphy_top/ddrphy_calib_top/ddrphy_wrlvl/N8_1_1/gateop, insts:7.
I: Infer CARRY group, base inst: u_DDR3_50H/u_ddrphy_top/ddrphy_calib_top/rdcal/N33_1_1/gateop, insts:17.
I: Infer CARRY group, base inst: u_DDR3_50H/u_ddrphy_top/ddrphy_reset_ctrl/ddrphy_pll_lock_debounce/N11_1_1/gateop, insts:18.
I: Infer CARRY group, base inst: u_DDR3_50H/u_ipsxb_ddrc_top/mcdq_dcd_top/mcdq_dcd_bm/N37_1_1/gateop, insts:12.
I: Infer CARRY group, base inst: u_DDR3_50H/u_ipsxb_ddrc_top/mcdq_dcd_top/mcdq_dcd_sm/N162_6_0[9:0]_1/gateop, insts:7.
I: Infer CARRY group, base inst: u_DDR3_50H/u_ipsxb_ddrc_top/mcdq_dcp_top/mcdq_dcp_buf/N46_1_1/gateop, insts:6.
I: Infer CARRY group, base inst: u_hsst_core/U_IPML_HSST_RST/AUTO_MODE.ipml_hsst_rst_pll/pll0_lock_deb/N13_1_1/gateop, insts:11.
I: Infer CARRY group, base inst: u_hsst_core/U_IPML_HSST_RST/AUTO_MODE.ipml_hsst_rst_pll/pll0_lock_wtchdg/N6_1_0/gateop, insts:10.
I: Infer CARRY group, base inst: u_hsst_core/U_IPML_HSST_RST/AUTO_MODE.ipml_hsst_rst_pll/pll0_lock_wtchdg/N16_1_1/gateop, insts:9.
I: Infer CARRY group, base inst: u_hsst_core/U_IPML_HSST_RST/AUTO_MODE.ipml_hsst_rst_pll/pll_rst_fsm_0/N33_1_1/gateop, insts:13.
I: Infer CARRY group, base inst: u_hsst_core/U_IPML_HSST_RST/AUTO_MODE.ipml_hsst_rst_rx/RXLANE2_ENABLE.rxlane_fsm2/N194_1_1/gateop, insts:11.
I: Infer CARRY group, base inst: u_hsst_core/U_IPML_HSST_RST/AUTO_MODE.ipml_hsst_rst_rx/RXLANE2_ENABLE.rxlane_fsm2/N204_1_1/gateop, insts:6.
I: Infer CARRY group, base inst: u_hsst_core/U_IPML_HSST_RST/AUTO_MODE.ipml_hsst_rst_rx/RXLANE2_ENABLE.rxlane_fsm2/N221_1_1/gateop, insts:13.
I: Infer CARRY group, base inst: u_hsst_core/U_IPML_HSST_RST/AUTO_MODE.ipml_hsst_rst_rx/RXLANE2_ENABLE.rxlane_fsm2/N242_1_0/gateop, insts:10.
I: Infer CARRY group, base inst: u_hsst_core/U_IPML_HSST_RST/AUTO_MODE.ipml_hsst_rst_rx/RXLANE2_ENABLE.rxlane_fsm2/N263_1_1/gateop, insts:15.
I: Infer CARRY group, base inst: u_hsst_core/U_IPML_HSST_RST/AUTO_MODE.ipml_hsst_rst_rx/RXLANE3_ENABLE.rxlane_fsm3/N194_1_1/gateop, insts:11.
I: Infer CARRY group, base inst: u_hsst_core/U_IPML_HSST_RST/AUTO_MODE.ipml_hsst_rst_rx/RXLANE3_ENABLE.rxlane_fsm3/N204_1_1/gateop, insts:6.
I: Infer CARRY group, base inst: u_hsst_core/U_IPML_HSST_RST/AUTO_MODE.ipml_hsst_rst_rx/RXLANE3_ENABLE.rxlane_fsm3/N221_1_1/gateop, insts:13.
I: Infer CARRY group, base inst: u_hsst_core/U_IPML_HSST_RST/AUTO_MODE.ipml_hsst_rst_rx/RXLANE3_ENABLE.rxlane_fsm3/N242_1_0/gateop, insts:10.
I: Infer CARRY group, base inst: u_hsst_core/U_IPML_HSST_RST/AUTO_MODE.ipml_hsst_rst_rx/RXLANE3_ENABLE.rxlane_fsm3/N263_1_1/gateop, insts:15.
I: Infer CARRY group, base inst: u_hsst_core/U_IPML_HSST_RST/AUTO_MODE.ipml_hsst_rst_rx/SYNC_RXLANE[2].cdr_align_deb/N13_1_1/gateop, insts:11.
I: Infer CARRY group, base inst: u_hsst_core/U_IPML_HSST_RST/AUTO_MODE.ipml_hsst_rst_rx/SYNC_RXLANE[2].sigdet_deb/N13_1_1/gateop, insts:11.
I: Infer CARRY group, base inst: u_hsst_core/U_IPML_HSST_RST/AUTO_MODE.ipml_hsst_rst_rx/SYNC_RXLANE[3].cdr_align_deb/N13_1_1/gateop, insts:11.
I: Infer CARRY group, base inst: u_hsst_core/U_IPML_HSST_RST/AUTO_MODE.ipml_hsst_rst_rx/SYNC_RXLANE[3].sigdet_deb/N13_1_1/gateop, insts:11.
I: Infer CARRY group, base inst: u_hsst_core/U_IPML_HSST_RST/AUTO_MODE.ipml_hsst_rst_tx/TXLANE2_ENABLE.txlane_rst_fsm2/N98_1_1/gateop, insts:12.
I: Infer CARRY group, base inst: u_hsst_core/U_IPML_HSST_RST/AUTO_MODE.ipml_hsst_rst_tx/TXLANE2_ENABLE.txlane_rst_fsm2/N114_1_1/gateop, insts:6.
I: Infer CARRY group, base inst: u_hsst_core/U_IPML_HSST_RST/AUTO_MODE.ipml_hsst_rst_tx/TXLANE2_ENABLE.txlane_rst_fsm2/N135_1_1/gateop, insts:6.
I: Infer CARRY group, base inst: video_packet_rec_m0/fifo_2048_32i_16o_m0/U_ipml_fifo_fifo_2048_32i_16o/U_ipml_fifo_ctrl/N2_1/gateop, insts:13.
I: Infer CARRY group, base inst: video_packet_rec_m0/fifo_2048_32i_16o_m0/U_ipml_fifo_fifo_2048_32i_16o/U_ipml_fifo_ctrl/N94_1/gateop, insts:14.
I: Infer CARRY group, base inst: video_packet_rec_m0/fifo_2048_32i_16o_m0/U_ipml_fifo_fifo_2048_32i_16o/U_ipml_fifo_ctrl/N182.eq_0/gateop, insts:6.
I: Infer CARRY group, base inst: video_packet_rec_m0/fifo_2048_32i_16o_m0/U_ipml_fifo_fifo_2048_32i_16o/U_ipml_fifo_ctrl/N185.eq_0/gateop, insts:7.
I: Infer CARRY group, base inst: video_packet_rec_m0/fifo_2048_32i_16o_m0/U_ipml_fifo_fifo_2048_32i_16o/U_ipml_fifo_ctrl/N343_8.fsub_0/gateop, insts:14.
I: Infer CARRY group, base inst: video_packet_rec_m0/fifo_2048_32i_16o_m0/U_ipml_fifo_fifo_2048_32i_16o/U_ipml_fifo_ctrl/N343_9.fsub_0/gateop, insts:14.
I: Infer CARRY group, base inst: video_packet_rec_m0/fifo_2048_32i_16o_m0/U_ipml_fifo_fifo_2048_32i_16o/U_ipml_fifo_ctrl/N343_10.fsub_0/gateop, insts:14.
I: Infer CARRY group, base inst: video_packet_send_m0/fifo_4096_16i_32o_m0/U_ipml_fifo_fifo_4096_16i_32o/U_ipml_fifo_ctrl/N2_1/gateop, insts:14.
I: Infer CARRY group, base inst: video_packet_send_m0/fifo_4096_16i_32o_m0/U_ipml_fifo_fifo_4096_16i_32o/U_ipml_fifo_ctrl/N89_1/gateop, insts:13.
I: Infer CARRY group, base inst: video_packet_send_m0/fifo_4096_16i_32o_m0/U_ipml_fifo_fifo_4096_16i_32o/U_ipml_fifo_ctrl/N182.eq_0/gateop, insts:7.
I: Infer CARRY group, base inst: video_packet_send_m0/fifo_4096_16i_32o_m0/U_ipml_fifo_fifo_4096_16i_32o/U_ipml_fifo_ctrl/N185.eq_0/gateop, insts:7.
I: Infer CARRY group, base inst: video_packet_send_m0/fifo_4096_16i_32o_m0/U_ipml_fifo_fifo_4096_16i_32o/U_ipml_fifo_ctrl/N343_5.fsub_1/gateop, insts:12.
I: Infer CARRY group, base inst: u_DDR3_50H/u_ddrphy_top/ddrphy_slice_top/i_dqs_group[0].u_ddrphy_data_slice/data_slice_wrlvl/N102_1_0/gateop, insts:8.
I: Infer CARRY group, base inst: u_DDR3_50H/u_ddrphy_top/ddrphy_slice_top/i_dqs_group[0].u_ddrphy_data_slice/data_slice_wrlvl/N104_1_1/gateop, insts:7.
I: Infer CARRY group, base inst: u_DDR3_50H/u_ddrphy_top/ddrphy_slice_top/i_dqs_group[0].u_ddrphy_data_slice/data_slice_wrlvl/N201_1_1/gateop, insts:7.
I: Infer CARRY group, base inst: u_DDR3_50H/u_ddrphy_top/ddrphy_slice_top/i_dqs_group[0].u_ddrphy_data_slice/dqsi_rdel_cal/N28_1.fsub_1/gateop, insts:6.
I: Infer CARRY group, base inst: u_DDR3_50H/u_ddrphy_top/ddrphy_slice_top/i_dqs_group[0].u_ddrphy_data_slice/dqsi_rdel_cal/N33_1_1/gateop, insts:7.
I: Infer CARRY group, base inst: u_DDR3_50H/u_ddrphy_top/ddrphy_slice_top/i_dqs_group[0].u_ddrphy_data_slice/dqsi_rdel_cal/N43_1.fsub_1/gateop, insts:7.
I: Infer CARRY group, base inst: u_DDR3_50H/u_ddrphy_top/ddrphy_slice_top/i_dqs_group[0].u_ddrphy_data_slice/dqsi_rdel_cal/N53.eq_0/gateop, insts:4.
I: Infer CARRY group, base inst: u_DDR3_50H/u_ddrphy_top/ddrphy_slice_top/i_dqs_group[0].u_ddrphy_data_slice/dqsi_rdel_cal/N85_1/gateop, insts:8.
I: Infer CARRY group, base inst: u_DDR3_50H/u_ddrphy_top/ddrphy_slice_top/i_dqs_group[0].u_ddrphy_data_slice/dqsi_rdel_cal/N104_1_1/gateop, insts:9.
I: Infer CARRY group, base inst: u_DDR3_50H/u_ddrphy_top/ddrphy_slice_top/i_dqs_group[0].u_ddrphy_data_slice/dqsi_rdel_cal/N108.eq_0/gateop, insts:5.
I: Infer CARRY group, base inst: u_DDR3_50H/u_ddrphy_top/ddrphy_slice_top/i_dqs_group[0].u_ddrphy_data_slice/dqsi_rdel_cal/N167.eq_0/gateop, insts:5.
I: Infer CARRY group, base inst: u_DDR3_50H/u_ddrphy_top/ddrphy_slice_top/i_dqs_group[0].u_ddrphy_data_slice/dqsi_rdel_cal/N264_1_0/gateop, insts:8.
I: Infer CARRY group, base inst: u_DDR3_50H/u_ddrphy_top/ddrphy_slice_top/i_dqs_group[0].u_ddrphy_data_slice/dqsi_rdel_cal/N280_1_0/gateop, insts:8.
I: Infer CARRY group, base inst: u_DDR3_50H/u_ddrphy_top/ddrphy_slice_top/i_dqs_group[0].u_ddrphy_data_slice/dqsi_rdel_cal/N285_1_1/gateop, insts:9.
I: Infer CARRY group, base inst: u_DDR3_50H/u_ddrphy_top/ddrphy_slice_top/i_dqs_group[1].u_ddrphy_data_slice/data_slice_wrlvl/N102_1_0/gateop, insts:8.
I: Infer CARRY group, base inst: u_DDR3_50H/u_ddrphy_top/ddrphy_slice_top/i_dqs_group[1].u_ddrphy_data_slice/data_slice_wrlvl/N104_1_1/gateop, insts:7.
I: Infer CARRY group, base inst: u_DDR3_50H/u_ddrphy_top/ddrphy_slice_top/i_dqs_group[1].u_ddrphy_data_slice/data_slice_wrlvl/N201_1_1/gateop, insts:7.
I: Infer CARRY group, base inst: u_DDR3_50H/u_ddrphy_top/ddrphy_slice_top/i_dqs_group[1].u_ddrphy_data_slice/dqsi_rdel_cal/N28_1.fsub_1/gateop, insts:6.
I: Infer CARRY group, base inst: u_DDR3_50H/u_ddrphy_top/ddrphy_slice_top/i_dqs_group[1].u_ddrphy_data_slice/dqsi_rdel_cal/N33_1_1/gateop, insts:7.
I: Infer CARRY group, base inst: u_DDR3_50H/u_ddrphy_top/ddrphy_slice_top/i_dqs_group[1].u_ddrphy_data_slice/dqsi_rdel_cal/N43_1.fsub_1/gateop, insts:7.
I: Infer CARRY group, base inst: u_DDR3_50H/u_ddrphy_top/ddrphy_slice_top/i_dqs_group[1].u_ddrphy_data_slice/dqsi_rdel_cal/N53.eq_0/gateop, insts:4.
I: Infer CARRY group, base inst: u_DDR3_50H/u_ddrphy_top/ddrphy_slice_top/i_dqs_group[1].u_ddrphy_data_slice/dqsi_rdel_cal/N85_1/gateop, insts:8.
I: Infer CARRY group, base inst: u_DDR3_50H/u_ddrphy_top/ddrphy_slice_top/i_dqs_group[1].u_ddrphy_data_slice/dqsi_rdel_cal/N104_1_1/gateop, insts:9.
I: Infer CARRY group, base inst: u_DDR3_50H/u_ddrphy_top/ddrphy_slice_top/i_dqs_group[1].u_ddrphy_data_slice/dqsi_rdel_cal/N108.eq_0/gateop, insts:5.
I: Infer CARRY group, base inst: u_DDR3_50H/u_ddrphy_top/ddrphy_slice_top/i_dqs_group[1].u_ddrphy_data_slice/dqsi_rdel_cal/N167.eq_0/gateop, insts:5.
I: Infer CARRY group, base inst: u_DDR3_50H/u_ddrphy_top/ddrphy_slice_top/i_dqs_group[1].u_ddrphy_data_slice/dqsi_rdel_cal/N264_1_0/gateop, insts:8.
I: Infer CARRY group, base inst: u_DDR3_50H/u_ddrphy_top/ddrphy_slice_top/i_dqs_group[1].u_ddrphy_data_slice/dqsi_rdel_cal/N280_1_0/gateop, insts:8.
I: Infer CARRY group, base inst: u_DDR3_50H/u_ddrphy_top/ddrphy_slice_top/i_dqs_group[1].u_ddrphy_data_slice/dqsi_rdel_cal/N285_1_1/gateop, insts:9.
I: Infer CARRY group, base inst: u_DDR3_50H/u_ddrphy_top/ddrphy_slice_top/i_dqs_group[2].u_ddrphy_data_slice/data_slice_wrlvl/N102_1_0/gateop, insts:8.
I: Infer CARRY group, base inst: u_DDR3_50H/u_ddrphy_top/ddrphy_slice_top/i_dqs_group[2].u_ddrphy_data_slice/data_slice_wrlvl/N104_1_1/gateop, insts:7.
I: Infer CARRY group, base inst: u_DDR3_50H/u_ddrphy_top/ddrphy_slice_top/i_dqs_group[2].u_ddrphy_data_slice/data_slice_wrlvl/N201_1_1/gateop, insts:7.
I: Infer CARRY group, base inst: u_DDR3_50H/u_ddrphy_top/ddrphy_slice_top/i_dqs_group[2].u_ddrphy_data_slice/dqsi_rdel_cal/N85_1/gateop, insts:8.
I: Infer CARRY group, base inst: u_DDR3_50H/u_ddrphy_top/ddrphy_slice_top/i_dqs_group[2].u_ddrphy_data_slice/dqsi_rdel_cal/N104_1_1/gateop, insts:9.
I: Infer CARRY group, base inst: u_DDR3_50H/u_ddrphy_top/ddrphy_slice_top/i_dqs_group[2].u_ddrphy_data_slice/dqsi_rdel_cal/N108.eq_0/gateop, insts:5.
I: Infer CARRY group, base inst: u_DDR3_50H/u_ddrphy_top/ddrphy_slice_top/i_dqs_group[2].u_ddrphy_data_slice/dqsi_rdel_cal/N167.eq_0/gateop, insts:5.
I: Infer CARRY group, base inst: u_DDR3_50H/u_ddrphy_top/ddrphy_slice_top/i_dqs_group[2].u_ddrphy_data_slice/dqsi_rdel_cal/N264_1_0/gateop, insts:8.
I: Infer CARRY group, base inst: u_DDR3_50H/u_ddrphy_top/ddrphy_slice_top/i_dqs_group[2].u_ddrphy_data_slice/dqsi_rdel_cal/N280_1_0/gateop, insts:8.
I: Infer CARRY group, base inst: u_DDR3_50H/u_ddrphy_top/ddrphy_slice_top/i_dqs_group[2].u_ddrphy_data_slice/dqsi_rdel_cal/N285_1_1/gateop, insts:9.
I: Infer CARRY group, base inst: u_DDR3_50H/u_ddrphy_top/ddrphy_slice_top/i_dqs_group[3].u_ddrphy_data_slice/data_slice_wrlvl/N102_1_0/gateop, insts:8.
I: Infer CARRY group, base inst: u_DDR3_50H/u_ddrphy_top/ddrphy_slice_top/i_dqs_group[3].u_ddrphy_data_slice/data_slice_wrlvl/N104_1_1/gateop, insts:7.
I: Infer CARRY group, base inst: u_DDR3_50H/u_ddrphy_top/ddrphy_slice_top/i_dqs_group[3].u_ddrphy_data_slice/data_slice_wrlvl/N201_1_1/gateop, insts:7.
I: Infer CARRY group, base inst: u_DDR3_50H/u_ddrphy_top/ddrphy_slice_top/i_dqs_group[3].u_ddrphy_data_slice/dqsi_rdel_cal/N85_1/gateop, insts:8.
I: Infer CARRY group, base inst: u_DDR3_50H/u_ddrphy_top/ddrphy_slice_top/i_dqs_group[3].u_ddrphy_data_slice/dqsi_rdel_cal/N104_1_1/gateop, insts:9.
I: Infer CARRY group, base inst: u_DDR3_50H/u_ddrphy_top/ddrphy_slice_top/i_dqs_group[3].u_ddrphy_data_slice/dqsi_rdel_cal/N108.eq_0/gateop, insts:5.
I: Infer CARRY group, base inst: u_DDR3_50H/u_ddrphy_top/ddrphy_slice_top/i_dqs_group[3].u_ddrphy_data_slice/dqsi_rdel_cal/N167.eq_0/gateop, insts:5.
I: Infer CARRY group, base inst: u_DDR3_50H/u_ddrphy_top/ddrphy_slice_top/i_dqs_group[3].u_ddrphy_data_slice/dqsi_rdel_cal/N264_1_0/gateop, insts:8.
I: Infer CARRY group, base inst: u_DDR3_50H/u_ddrphy_top/ddrphy_slice_top/i_dqs_group[3].u_ddrphy_data_slice/dqsi_rdel_cal/N280_1_0/gateop, insts:8.
I: Infer CARRY group, base inst: u_DDR3_50H/u_ddrphy_top/ddrphy_slice_top/i_dqs_group[3].u_ddrphy_data_slice/dqsi_rdel_cal/N285_1_1/gateop, insts:9.
I: Infer CARRY group, base inst: u_DDR3_50H/u_ipsxb_ddrc_top/mcdq_dcp_top/mcdq_dcp_back_ctrl/timing_act_pass/N31.lt_0/gateop, insts:4.
I: Infer CARRY group, base inst: u_DDR3_50H/u_ipsxb_ddrc_top/mcdq_dcp_top/mcdq_dcp_back_ctrl/timing_ref_pass/N27.lt_1/gateop, insts:3.
I: Infer CARRY group, base inst: u_DDR3_50H/u_ipsxb_ddrc_top/mcdq_rdatapath/mcdq_prefetch_fifo/ipsxb_distributed_fifo/u_ipsxb_distributed_fifo_distributed_fifo_v1_0/u_ipsxb_distributed_fifo_ctr/N9_1/gateop, insts:6.
I: Infer CARRY group, base inst: u_DDR3_50H/u_ddrphy_top/ddrphy_slice_top/i_dqs_group[0].u_ddrphy_data_slice/data_slice_dqs_gate_cal/gatecal/N81_1_0/gateop, insts:6.
I: Infer CARRY group, base inst: u_DDR3_50H/u_ddrphy_top/ddrphy_slice_top/i_dqs_group[0].u_ddrphy_data_slice/data_slice_dqs_gate_cal/gatecal/N389_8.fsub_1/gateop, insts:5.
I: Infer CARRY group, base inst: u_DDR3_50H/u_ddrphy_top/ddrphy_slice_top/i_dqs_group[1].u_ddrphy_data_slice/data_slice_dqs_gate_cal/gatecal/N81_1_0/gateop, insts:6.
I: Infer CARRY group, base inst: u_DDR3_50H/u_ddrphy_top/ddrphy_slice_top/i_dqs_group[1].u_ddrphy_data_slice/data_slice_dqs_gate_cal/gatecal/N389_8.fsub_1/gateop, insts:5.
I: Infer CARRY group, base inst: u_DDR3_50H/u_ddrphy_top/ddrphy_slice_top/i_dqs_group[2].u_ddrphy_data_slice/data_slice_dqs_gate_cal/gatecal/N81_1_0/gateop, insts:6.
I: Infer CARRY group, base inst: u_DDR3_50H/u_ddrphy_top/ddrphy_slice_top/i_dqs_group[2].u_ddrphy_data_slice/data_slice_dqs_gate_cal/gatecal/N389_8.fsub_1/gateop, insts:5.
I: Infer CARRY group, base inst: u_DDR3_50H/u_ddrphy_top/ddrphy_slice_top/i_dqs_group[3].u_ddrphy_data_slice/data_slice_dqs_gate_cal/gatecal/N81_1_0/gateop, insts:6.
I: Infer CARRY group, base inst: u_DDR3_50H/u_ddrphy_top/ddrphy_slice_top/i_dqs_group[3].u_ddrphy_data_slice/data_slice_dqs_gate_cal/gatecal/N389_8.fsub_1/gateop, insts:5.
I: Infer CARRY group, base inst: u_DDR3_50H/u_ipsxb_ddrc_top/mcdq_wdatapath/ipsxb_distributed_fifo/u_ipsxb_distributed_fifo_distributed_fifo_v1_0/u_ipsxb_distributed_fifo_ctr/N2_1/gateop, insts:5.
I: Infer CARRY group, base inst: u_DDR3_50H/u_ipsxb_ddrc_top/mcdq_wdatapath/ipsxb_distributed_fifo/u_ipsxb_distributed_fifo_distributed_fifo_v1_0/u_ipsxb_distributed_fifo_ctr/N9_1/gateop, insts:5.
I: Infer CARRY group, base inst: u_DDR3_50H/u_ipsxb_ddrc_top/mcdq_wdatapath/ipsxb_distributed_fifo/u_ipsxb_distributed_fifo_distributed_fifo_v1_0/u_ipsxb_distributed_fifo_ctr/N36.eq_0/gateop, insts:3.
I: Infer CARRY group, base inst: mac_test0/mac_top0/mac_tx0/udp0/tx_data_fifo/U_ipml_fifo_udp_tx_data_fifo/U_ipml_fifo_ctrl/N2_1/gateop, insts:13.
I: Infer CARRY group, base inst: mac_test0/mac_top0/mac_tx0/udp0/tx_data_fifo/U_ipml_fifo_udp_tx_data_fifo/U_ipml_fifo_ctrl/N11_1/gateop, insts:13.
I: Infer CARRY group, base inst: mac_test0/mac_top0/mac_tx0/udp0/tx_data_fifo/U_ipml_fifo_udp_tx_data_fifo/U_ipml_fifo_ctrl/N24.eq_0/gateop, insts:7.
I: Infer CARRY group, base inst: mac_test0/mac_top0/mac_tx0/udp0/tx_data_fifo/U_ipml_fifo_udp_tx_data_fifo/U_ipml_fifo_ctrl/N138_5.fsub_1/gateop, insts:13.
I: Infer CARRY group, base inst: mac_test0/mac_top0/mac_tx0/udp0/udp_tx_checksum/U_ipml_fifo_udp_checksum_fifo_drm/U_ipml_fifo_ctrl/N2_1/gateop, insts:9.
I: Infer CARRY group, base inst: mac_test0/mac_top0/mac_tx0/udp0/udp_tx_checksum/U_ipml_fifo_udp_checksum_fifo_drm/U_ipml_fifo_ctrl/N69_1/gateop, insts:9.
I: Infer CARRY group, base inst: mac_test0/mac_top0/mac_tx0/udp0/udp_tx_checksum/U_ipml_fifo_udp_checksum_fifo_drm/U_ipml_fifo_ctrl/N137.eq_0/gateop, insts:4.
I: Infer CARRY group, base inst: mac_test0/mac_top0/mac_tx0/udp0/udp_tx_checksum/U_ipml_fifo_udp_checksum_fifo_drm/U_ipml_fifo_ctrl/N140.eq_0/gateop, insts:5.
I: Infer CARRY group, base inst: mac_test0/mac_top0/mac_tx0/udp0/udp_tx_checksum/U_ipml_fifo_udp_checksum_fifo_drm/U_ipml_fifo_ctrl/N298_5.fsub_1/gateop, insts:5.
I: Infer CARRY group, base inst: u_DDR3_50H/u_ipsxb_ddrc_top/mcdq_dcp_top/mcdq_dcp_buf/A_ipsxb_distributed_fifo/u_ipsxb_distributed_fifo_distributed_fifo_v1_0/u_ipsxb_distributed_fifo_ctr/N2_1/gateop, insts:5.
I: Infer CARRY group, base inst: u_DDR3_50H/u_ipsxb_ddrc_top/mcdq_dcp_top/mcdq_dcp_buf/A_ipsxb_distributed_fifo/u_ipsxb_distributed_fifo_distributed_fifo_v1_0/u_ipsxb_distributed_fifo_ctr/N9_1/gateop, insts:5.
I: Infer CARRY group, base inst: u_DDR3_50H/u_ipsxb_ddrc_top/mcdq_dcp_top/mcdq_dcp_buf/A_ipsxb_distributed_fifo/u_ipsxb_distributed_fifo_distributed_fifo_v1_0/u_ipsxb_distributed_fifo_ctr/N19.lt_0/gateop, insts:3.
I: Infer CARRY group, base inst: u_DDR3_50H/u_ipsxb_ddrc_top/mcdq_dcp_top/mcdq_dcp_buf/A_ipsxb_distributed_fifo/u_ipsxb_distributed_fifo_distributed_fifo_v1_0/u_ipsxb_distributed_fifo_ctr/N24_1.fsub_1/gateop, insts:6.
I: Infer CARRY group, base inst: u_DDR3_50H/u_ipsxb_ddrc_top/mcdq_dcp_top/mcdq_dcp_buf/A_ipsxb_distributed_fifo/u_ipsxb_distributed_fifo_distributed_fifo_v1_0/u_ipsxb_distributed_fifo_ctr/N30.fsub_1/gateop, insts:6.
I: Infer CARRY group, base inst: u_DDR3_50H/u_ipsxb_ddrc_top/mcdq_dcp_top/mcdq_dcp_buf/A_ipsxb_distributed_fifo/u_ipsxb_distributed_fifo_distributed_fifo_v1_0/u_ipsxb_distributed_fifo_ctr/N36.eq_0/gateop, insts:3.
I: Infer CARRY group, base inst: u_DDR3_50H/u_ipsxb_ddrc_top/mcdq_dcp_top/mcdq_dcp_buf/B_ipsxb_distributed_fifo/u_ipsxb_distributed_fifo_distributed_fifo_v1_0/u_ipsxb_distributed_fifo_ctr/N2_1/gateop, insts:5.
I: Infer CARRY group, base inst: u_DDR3_50H/u_ipsxb_ddrc_top/mcdq_dcp_top/mcdq_dcp_buf/B_ipsxb_distributed_fifo/u_ipsxb_distributed_fifo_distributed_fifo_v1_0/u_ipsxb_distributed_fifo_ctr/N9_1/gateop, insts:5.
I: Infer CARRY group, base inst: u_DDR3_50H/u_ipsxb_ddrc_top/mcdq_dcp_top/mcdq_dcp_buf/B_ipsxb_distributed_fifo/u_ipsxb_distributed_fifo_distributed_fifo_v1_0/u_ipsxb_distributed_fifo_ctr/N19.lt_0/gateop, insts:3.
I: Infer CARRY group, base inst: u_DDR3_50H/u_ipsxb_ddrc_top/mcdq_dcp_top/mcdq_dcp_buf/B_ipsxb_distributed_fifo/u_ipsxb_distributed_fifo_distributed_fifo_v1_0/u_ipsxb_distributed_fifo_ctr/N24_1.fsub_1/gateop, insts:6.
I: Infer CARRY group, base inst: u_DDR3_50H/u_ipsxb_ddrc_top/mcdq_dcp_top/mcdq_dcp_buf/B_ipsxb_distributed_fifo/u_ipsxb_distributed_fifo_distributed_fifo_v1_0/u_ipsxb_distributed_fifo_ctr/N30.fsub_1/gateop, insts:6.
I: Infer CARRY group, base inst: u_DDR3_50H/u_ipsxb_ddrc_top/mcdq_dcp_top/mcdq_dcp_buf/B_ipsxb_distributed_fifo/u_ipsxb_distributed_fifo_distributed_fifo_v1_0/u_ipsxb_distributed_fifo_ctr/N36.eq_0/gateop, insts:3.
I: Packing b_out_obuf[3]/opit_1 success.
I: Packing b_out_obuf[4]/opit_1 success.
I: Packing b_out_obuf[5]/opit_1 success.
I: Packing b_out_obuf[6]/opit_1 success.
I: Packing b_out_obuf[7]/opit_1 success.
I: Packing g_out_obuf[2]/opit_1 success.
I: Packing g_out_obuf[3]/opit_1 success.
I: Packing g_out_obuf[4]/opit_1 success.
I: Packing g_out_obuf[5]/opit_1 success.
I: Packing g_out_obuf[6]/opit_1 success.
I: Packing g_out_obuf[7]/opit_1 success.
I: Packing r_out_obuf[3]/opit_1 success.
I: Packing r_out_obuf[4]/opit_1 success.
I: Packing r_out_obuf[5]/opit_1 success.
I: Packing r_out_obuf[6]/opit_1 success.
I: Packing r_out_obuf[7]/opit_1 success.
Device mapping done.
Total device mapping takes 0.69 sec.

Device Utilization Summary:
+-------------------------------------------------------------------------+
| Logic Utilization     | Used      | Available     | Utilization(%)     
+-------------------------------------------------------------------------+
| APM                   | 0         | 84            | 0                  
| IOCKDLY               | 0         | 40            | 0                  
| FF                    | 9450      | 64200         | 15                 
| LUT                   | 10727     | 42800         | 26                 
| Distributed RAM       | 73        | 17000         | 1                  
| DLL                   | 1         | 10            | 10                 
| DQSL                  | 8         | 18            | 45                 
| DRM                   | 44.5      | 134           | 34                 
| FUSECODE              | 0         | 1             | 0                  
| IO                    | 155       | 296           | 53                 
| IOCKDIV               | 1         | 20            | 5                  
| IOCKGATE              | 4         | 20            | 20                 
| IPAL                  | 0         | 1             | 0                  
| PLL                   | 4         | 5             | 80                 
| RCKB                  | 0         | 24            | 0                  
| SCANCHAIN             | 1         | 2             | 50                 
| START                 | 0         | 1             | 0                  
| USCM                  | 12        | 30            | 40                 
| HSST                  | 1         | 1             | 100                
| OSC                   | 0         | 1             | 0                  
| CRYSTAL               | 0         | 2             | 0                  
| RESCAL                | 0         | 4             | 0                  
| UDID                  | 0         | 1             | 0                  
| PCIE                  | 0         | 1             | 0                  
+-------------------------------------------------------------------------+

Design 'hdmi_ddr_ov5640_top' has been successfully mapped to architecture-specific objects.
Saving design to DB.
W: Public-4010: Pcf file D:/xy/pg_base_1080P_sfp/pg_base_1080P_sfp/device_map/hdmi_ddr_ov5640_top.pcf has been covered.
Action dev_map: Real time elapsed is 0h:0m:20s
Action dev_map: CPU time elapsed is 0h:0m:2s
Action dev_map: Process CPU time elapsed is 0h:0m:2s
Current time: Thu Oct 17 23:16:46 2024
Action dev_map: Peak memory pool usage is 425 MB
