#Build: Fabric Compiler 2022.1, Build 99559, Jul 12 00:20 2022
#Install: D:\pds2022_1\PDS_2022.1\bin
#Application name: pds_shell.exe
#OS: Windows 10 10.0.22631
#Hostname: DESKTOP-ORSLCSS
Generated by Fabric Compiler (version 2022.1 build 99559) at Thu Oct 17 23:18:31 2024
Compiling verification operator library.
Compiling common defs.
Compiling prim grid devices.
Compiling gate devices.
Compiling gate operators.
Building architecture model.
Loading device packaging model.
Reading design from DB.
Start Generating Programming File...
Reading design from DB takes 0.312500 sec.
Generating architecture configuration.
The bitstream file is "D:/xy/pg_base_1080P_sfp/pg_base_1080P_sfp/generate_bitstream/hdmi_ddr_ov5640_top.sbit"
Generate programming file takes 1.234375 sec.
Generating Programming File done.
Action gen_bit_stream: Real time elapsed is 0h:0m:20s
Action gen_bit_stream: CPU time elapsed is 0h:0m:1s
Action gen_bit_stream: Process CPU time elapsed is 0h:0m:1s
Current time: Thu Oct 17 23:18:49 2024
Action gen_bit_stream: Peak memory pool usage is 784 MB
