#Build: Fabric Compiler 2022.1, Build 99559, Jul 12 00:20 2022
#Install: D:\pds_2022_1\PDS_2022.1\bin
#Application name: pds_shell.exe
#OS: Windows 10 10.0.22631
#Hostname: DESKTOP-50P54KS
Generated by Fabric Compiler (version 2022.1 build 99559) at Wed Oct 23 14:09:23 2024
Compiling verification operator library.
Compiling common defs.
Compiling prim grid devices.
Compiling gate devices.
Compiling gate operators.
Building architecture model.
Loading device packaging model.
Reading design from DB.
Start Generating Programming File...
Reading design from DB takes 0.281250 sec.
Generating architecture configuration.
The bitstream file is "D:/pds_2022_1/sfp_1080p/pg_base_1080P_sfp/generate_bitstream/hdmi_ddr_ov5640_top.sbit"
Generate programming file takes 2.000000 sec.
Generating Programming File done.
Action gen_bit_stream: Real time elapsed is 0h:0m:16s
Action gen_bit_stream: CPU time elapsed is 0h:0m:2s
Action gen_bit_stream: Process CPU time elapsed is 0h:0m:2s
Current time: Wed Oct 23 14:09:38 2024
Action gen_bit_stream: Peak memory pool usage is 743 MB
