#Build: Fabric Compiler 2022.1, Build 99559, Jul 12 00:20 2022
#Install: C:\pango\PDS_2022.1\bin
#Application name: pds_shell.exe
#OS: Windows 10 10.0.22621
#Hostname: JobsCai
Generated by Fabric Compiler (version 2022.1 build 99559) at Sun Nov 10 02:47:00 2024
Compiling verification operator library.
Compiling common defs.
Loading technology operator library.
Compiling technology operator library.
Compiling technology operator (valence) library.
Compiling operator packing rules.
Compiling prim grid devices.
Compiling gate devices.
Compiling gate operators.
Compiling tech operator impls.
Building architecture model.
Loading device packaging model.
Reading design from translate DB.
License checkout: fabric_inserter
W: Inserter-4014: Value "ture" for synthsis option "PAP_MARK_DEBUG" is invalid, connection info for signal "s00_axi_rdata" is ignored.
W: Inserter-4014: Value "ture" for synthsis option "PAP_MARK_DEBUG" is invalid, connection info for signal "read_data" is ignored.
W: Inserter-4014: Value "ture" for synthsis option "PAP_MARK_DEBUG" is invalid, connection info for signal "u_img_data_pkt/udp_tx_byte_num" is ignored.
W: Inserter-4014: Value "ture" for synthsis option "PAP_MARK_DEBUG" is invalid, connection info for signal "write_data" is ignored.
W: Inserter-4014: Value "ture" for synthsis option "PAP_MARK_DEBUG" is invalid, connection info for signal "s00_axi_wdata" is ignored.
W: Inserter-4014: Value "ture" for synthsis option "PAP_MARK_DEBUG" is invalid, connection info for signal "u_img_data_pkt/tx_cnt" is ignored.
W: Inserter-4014: Value "ture" for synthsis option "PAP_MARK_DEBUG" is invalid, connection info for signal "u_img_data_pkt/neg_vsync" is ignored.
W: Inserter-4014: Value "ture" for synthsis option "PAP_MARK_DEBUG" is invalid, connection info for signal "u_img_data_pkt/tx_busy_flag" is ignored.
W: Inserter-4014: Value "ture" for synthsis option "PAP_MARK_DEBUG" is invalid, connection info for signal "u_img_data_pkt/cam_pclk" is ignored.
W: Inserter-4014: Value "ture" for synthsis option "PAP_MARK_DEBUG" is invalid, connection info for signal "u_img_data_pkt/img_vsync_d1" is ignored.
W: Inserter-4014: Value "ture" for synthsis option "PAP_MARK_DEBUG" is invalid, connection info for signal "u_img_data_pkt/udp_tx_done" is ignored.
W: Inserter-4014: Value "ture" for synthsis option "PAP_MARK_DEBUG" is invalid, connection info for signal "write_en" is ignored.
W: Inserter-4014: Value "ture" for synthsis option "PAP_MARK_DEBUG" is invalid, connection info for signal "u_img_data_pkt/img_vsync" is ignored.
W: Inserter-4014: Value "ture" for synthsis option "PAP_MARK_DEBUG" is invalid, connection info for signal "u_img_data_pkt/udp_tx_start_en" is ignored.
W: Inserter-4014: Value "ture" for synthsis option "PAP_MARK_DEBUG" is invalid, connection info for signal "read_en" is ignored.
W: Inserter-4014: Value "ture" for synthsis option "PAP_MARK_DEBUG" is invalid, connection info for signal "u_img_data_pkt/img_vsync_d0" is ignored.
W: Inserter-4014: Value "ture" for synthsis option "PAP_MARK_DEBUG" is invalid, connection info for signal "u_img_data_pkt/img_data_en" is ignored.
E: Inserter-0006: Debug Core 0 Trigger Port 0 is unconnected.
E: Inserter-0008: Debug Core 0 Data Port width is 0.
Action dev_map: Real time elapsed is 0h:0m:5s
Action dev_map: CPU time elapsed is 0h:0m:0s
Action dev_map: Process CPU time elapsed is 0h:0m:0s
Current time: Sun Nov 10 02:47:03 2024
Action dev_map: Peak memory pool usage is 291 MB
