#Build: Fabric Configuration 2022.1, Build 99559, Jul 12 00:20 2022
#Install: C:\pango\PDS_2022.1\bin
#Application name: cdt_cfg.exe
#OS: Windows 10 10.0.22621
#Hostname: JobsCai
Generated by Fabric Configuration (version 2022.1 build 99559) at Mon Nov 11 17:23:48 2024
M_PROCESS_FINISH_STARTED

Connecting to server[127.0.0.1 : 65420].
Connect to server[127.0.0.1 : 65420] successfully.
COMMAND[check version information] execute successfully, takes 0.3 secs.
The cable List : 
Cable index 0:USB Cable II/fffffffffffffffe 

COMMAND[get_cable_paras] execute successfully, takes 1.0 secs.
PANGO USB CABLE II cable driver: D2XX DLL
PGL50H
COMMAND[Open config cable] execute successfully, takes 2.5 secs.
COMMAND[Program] execute successfully, takes 2.0 secs.
COMMAND[Program] execute successfully, takes 2.1 secs.
COMMAND[Program] execute successfully, takes 2.0 secs.
PANGO USB CABLE II cable driver: D2XX DLL
PGL50H
COMMAND[Open config cable] execute successfully, takes 1.6 secs.
COMMAND[Program] execute successfully, takes 2.0 secs.
PANGO USB CABLE II cable driver: D2XX DLL
PGL50H
COMMAND[Open config cable] execute successfully, takes 2.2 secs.
COMMAND[Program] execute successfully, takes 2.0 secs.
COMMAND[Program] execute successfully, takes 4.2 secs.
PANGO USB CABLE II cable driver: D2XX DLL
PGL50H
COMMAND[Open config cable] execute successfully, takes 2.8 secs.
COMMAND[Program] execute successfully, takes 2.0 secs.
COMMAND[Program] execute successfully, takes 4.1 secs.
COMMAND[Program] execute successfully, takes 2.1 secs.
PANGO USB CABLE II cable driver: D2XX DLL
PGL50H
COMMAND[Open config cable] execute successfully, takes 1.8 secs.
COMMAND[Program] execute successfully, takes 2.5 secs.
PANGO USB CABLE II cable driver: D2XX DLL
PGL50H
COMMAND[Open config cable] execute successfully, takes 1.3 secs.
COMMAND[Program] execute successfully, takes 2.0 secs.
COMMAND[Program] execute successfully, takes 2.1 secs.
