#Build: Fabric Compiler 2022.1, Build 99559, Jul 12 00:20 2022
#Install: C:\pango\PDS_2022.1\bin
#Application name: pds_shell.exe
#OS: Windows 10 10.0.22621
#Hostname: JobsCai
Generated by Fabric Compiler (version 2022.1 build 99559) at Fri Nov  1 18:00:04 2024
Compiling verification operator library.
Compiling common defs.
Compiling prim grid devices.
Compiling gate devices.
Compiling gate operators.
Building architecture model.
Loading device packaging model.
Reading design from DB.
Start Generating Programming File...
Reading design from DB takes 0.328125 sec.
Generating architecture configuration.
The bitstream file is "W:/FinalFantasy/sfp_1080p/pg_base_1080P_sfp/generate_bitstream/hdmi_ddr_ov5640_top.sbit"
Generate programming file takes 10.156250 sec.
Generating Programming File done.
Action gen_bit_stream: Real time elapsed is 0h:0m:40s
Action gen_bit_stream: CPU time elapsed is 0h:0m:12s
Action gen_bit_stream: Process CPU time elapsed is 0h:0m:12s
Current time: Fri Nov  1 18:00:42 2024
Action gen_bit_stream: Peak memory pool usage is 757 MB
