IP Generator (Version 2022.1 build 99559)
Check out license ...
Start generating at 2024-11-01 23:54
Instance: blk_mem_gen_weight_r (W:\FinalFantasy\pg_base_eth_720p\ipcore\Conv\blk_mem_gen_weight_r\blk_mem_gen_weight_r.idf)
IP: DRM Based ROM (1.5)
Part: Logos-PGL50H-FBG484--6
Create directory 'rtl' ...
Copy 'rtl\ipml_rom_v1_5.v.xml' to 'rtl' ...
Copy 'rtl\ipml_spram_v1_5.v.xml' to 'rtl' ...
Compile file 'rtl\ipml_spram_v1_5.v.xml' to 'rtl\ipml_spram_v1_5_blk_mem_gen_weight_r.v' ...
Compile file 'rtl\ipml_rom_v1_5.v.xml' to 'rtl\ipml_rom_v1_5_blk_mem_gen_weight_r.v' ...
Copy 'ipml_rom_wrapper_v1_5.v.xml' ...
Compile file 'ipml_rom_wrapper_v1_5.v.xml' to 'blk_mem_gen_weight_r.v' ...
Found top module 'blk_mem_gen_weight_r' in file 'blk_mem_gen_weight_r.v'.
Copy 'ipml_rom_wrapper_v1_3_tb.v.xml' ...
Compile file 'ipml_rom_wrapper_v1_3_tb.v.xml' to 'blk_mem_gen_weight_r_tb.v' ...
Copy 'init_param_bin_exmp.dat' ...
Copy 'init_param_hex_exmp.dat' ...
Run file 'createParam.tcl' ...
Create template file 'blk_mem_gen_weight_r_tmpl.v' ...
Create template file 'blk_mem_gen_weight_r_tmpl.vhdl' ...
There are 3 source files to synthesize.
Synthesis is disabled.
Done: 0 error(s), 0 warning(s)
