#Build: Fabric Compiler 2022.1, Build 99559, Jul 12 00:20 2022
#Install: C:\pango\PDS_2022.1\bin
#Application name: pds_shell.exe
#OS: Windows 10 10.0.22621
#Hostname: JobsCai
Generated by Fabric Compiler (version 2022.1 build 99559) at Sun Nov 10 20:32:54 2024
Compiling verification operator library.
Compiling common defs.
Compiling prim grid devices.
Compiling gate devices.
Compiling gate operators.
Building architecture model.
Loading device packaging model.
Reading design from DB.
Start Generating Programming File...
Reading design from DB takes 1.296875 sec.
Generating architecture configuration.
The bitstream file is "W:/FinalFantasy/video_stitching/pango_project/generate_bitstream/video_stitching.sbit"
Generate programming file takes 13.125000 sec.
Generating Programming File done.
Action gen_bit_stream: Real time elapsed is 0h:1m:5s
Action gen_bit_stream: CPU time elapsed is 0h:0m:16s
Action gen_bit_stream: Process CPU time elapsed is 0h:0m:16s
Current time: Sun Nov 10 20:33:56 2024
Action gen_bit_stream: Peak memory pool usage is 790 MB
